12f4bb5a-95dd-4d30-9c88-7308463bb18d	Storage	0893a149-d439-48e7-885e-ebc35a496c07	Main	2025-12-06T07:48:54.910+03:00	Group membership information.	Windows	Microsoft	10.14.1.71	a.avakian	-		4627			Microsoft-Windows-Security-Auditing
12f4bb5a-95dd-4d30-9c88-7308463bb18d	Storage	0893a149-d439-48e7-885e-ebc35a496c07	Main	2025-12-06T07:49:53.988+03:00	An account was successfully logged on.	Windows	Microsoft	10.14.1.72	a.avakian	-	Kerberos	4624	-	Restricted admin mode	Microsoft-Windows-Security-Auditing
12f4bb5a-95dd-4d30-9c88-7308463bb18d	Storage	0893a149-d439-48e7-885e-ebc35a496c07	Main	2025-12-06T07:49:53.988+03:00	Group membership information.	Windows	Microsoft	10.14.1.72	a.avakian	-		4627			Microsoft-Windows-Security-Auditing
12f4bb5a-95dd-4d30-9c88-7308463bb18d	Storage	0893a149-d439-48e7-885e-ebc35a496c07	Main	2025-12-06T07:49:53.988+03:00	An account was successfully logged on.	Windows	Microsoft	10.14.1.72	a.avakian	-	Kerberos	4624	-	Restricted admin mode	Microsoft-Windows-Security-Auditing
12f4bb5a-95dd-4d30-9c88-7308463bb18d	Storage	0893a149-d439-48e7-885e-ebc35a496c07	Main	2025-12-06T07:49:53.989+03:00	Group membership information.	Windows	Microsoft	10.14.1.72	a.avakian	-		4627			Microsoft-Windows-Security-Auditing
12f4bb5a-95dd-4d30-9c88-7308463bb18d	Storage	0893a149-d439-48e7-885e-ebc35a496c07	Main	2025-12-06T07:50:10.006+03:00	An account was logged off.	Windows	Microsoft	10.14.1.71	a.avakian			4634			Microsoft-Windows-Security-Auditing
12f4bb5a-95dd-4d30-9c88-7308463bb18d	Storage	0893a149-d439-48e7-885e-ebc35a496c07	Main	2025-12-06T07:51:01.066+03:00	An account was successfully logged on.	Windows	Microsoft	10.14.1.72	a.avakian	-	Kerberos	4624	-	Restricted admin mode	Microsoft-Windows-Security-Auditing
12f4bb5a-95dd-4d30-9c88-7308463bb18d	Storage	0893a149-d439-48e7-885e-ebc35a496c07	Main	2025-12-06T07:51:01.068+03:00	Group membership information.	Windows	Microsoft	10.14.1.72	a.avakian	-		4627			Microsoft-Windows-Security-Auditing
12f4bb5a-95dd-4d30-9c88-7308463bb18d	Storage	0893a149-d439-48e7-885e-ebc35a496c07	Main	2025-12-06T07:51:24.137+03:00	Group membership information.	Windows	Microsoft	10.14.1.72	a.avakian	-		4627			Microsoft-Windows-Security-Auditing
12f4bb5a-95dd-4d30-9c88-7308463bb18d	Storage	0893a149-d439-48e7-885e-ebc35a496c07	Main	2025-12-06T07:51:24.137+03:00	An account was successfully logged on.	Windows	Microsoft	10.14.1.72	a.avakian	-	Kerberos	4624	-	Restricted admin mode	Microsoft-Windows-Security-Auditing
12f4bb5a-95dd-4d30-9c88-7308463bb18d	Storage	0893a149-d439-48e7-885e-ebc35a496c07	Main	2025-12-06T07:51:25.136+03:00	An account was successfully logged on.	Windows	Microsoft	10.14.1.71	a.avakian	-	Kerberos	4624	-	Restricted admin mode	Microsoft-Windows-Security-Auditing
12f4bb5a-95dd-4d30-9c88-7308463bb18d	Storage	0893a149-d439-48e7-885e-ebc35a496c07	Main	2025-12-06T07:51:25.137+03:00	Group membership information.	Windows	Microsoft	10.14.1.71	a.avakian	-		4627			Microsoft-Windows-Security-Auditing
12f4bb5a-95dd-4d30-9c88-7308463bb18d	Storage	0893a149-d439-48e7-885e-ebc35a496c07	Main	2025-12-06T07:51:35.127+03:00	An account was logged off.	Windows	Microsoft	10.14.1.72	a.avakian			4634			Microsoft-Windows-Security-Auditing
12f4bb5a-95dd-4d30-9c88-7308463bb18d	Storage	0893a149-d439-48e7-885e-ebc35a496c07	Main	2025-12-06T07:51:36.082+03:00	An account was logged off.	Windows	Microsoft	10.14.1.72	a.avakian			4634			Microsoft-Windows-Security-Auditing
12f4bb5a-95dd-4d30-9c88-7308463bb18d	Storage	0893a149-d439-48e7-885e-ebc35a496c07	Main	2025-12-06T07:52:47.211+03:00	An account was logged off.	Windows	Microsoft	10.14.1.72	a.avakian			4634			Microsoft-Windows-Security-Auditing
12f4bb5a-95dd-4d30-9c88-7308463bb18d	Storage	0893a149-d439-48e7-885e-ebc35a496c07	Main	2025-12-06T07:53:09.270+03:00	An account was logged off.	Windows	Microsoft	10.14.1.72	a.avakian			4634			Microsoft-Windows-Security-Auditing
12f4bb5a-95dd-4d30-9c88-7308463bb18d	Storage	0893a149-d439-48e7-885e-ebc35a496c07	Main	2025-12-06T07:53:22.899+03:00	A new process has been created.	Windows	Microsoft	10.50.101.5	a.avakian	tmtp-003672$	C:\\Windows\\System32\\svchost.exe	4688	C:\\Users\\A.Avakian\\AppData\\Local\\Microsoft\\OneDrive\\25.209.1026.0002\\FileCoAuth.exe -Embedding	Command Line	Microsoft-Windows-Security-Auditing
12f4bb5a-95dd-4d30-9c88-7308463bb18d	Storage	0893a149-d439-48e7-885e-ebc35a496c07	Main	2025-12-06T07:53:31.302+03:00	An account was logged off.	Windows	Microsoft	10.14.1.71	a.avakian			4634			Microsoft-Windows-Security-Auditing
12f4bb5a-95dd-4d30-9c88-7308463bb18d	Storage	0893a149-d439-48e7-885e-ebc35a496c07	Main	2025-12-06T07:54:35.818+03:00	A new process has been created.	Windows	Microsoft	10.50.101.5	a.avakian	tmtp-003672$	C:\\Windows\\System32\\svchost.exe	4688	C:\\Windows\\system32\\BackgroundTaskHost.exe -ServerName:BackgroundTaskHost.WebAccountProvider	Command Line	Microsoft-Windows-Security-Auditing
12f4bb5a-95dd-4d30-9c88-7308463bb18d	Storage	0893a149-d439-48e7-885e-ebc35a496c07	Main	2025-12-06T07:54:35.818+03:00	A new process has been created.	Windows	Microsoft	10.50.101.5	a.avakian	tmtp-003672$	C:\\Windows\\System32\\svchost.exe	4688	C:\\Windows\\System32\\RuntimeBroker.exe -Embedding	Command Line	Microsoft-Windows-Security-Auditing
12f4bb5a-95dd-4d30-9c88-7308463bb18d	Storage	0893a149-d439-48e7-885e-ebc35a496c07	Main	2025-12-06T07:54:35.818+03:00	A new process has been created.	Windows	Microsoft	10.50.101.5	a.avakian	tmtp-003672$	C:\\Windows\\System32\\svchost.exe	4688	C:\\Windows\\system32\\BackgroundTaskHost.exe -ServerName:BackgroundTaskHost.WebAccountProvider	Command Line	Microsoft-Windows-Security-Auditing
12f4bb5a-95dd-4d30-9c88-7308463bb18d	Storage	0893a149-d439-48e7-885e-ebc35a496c07	Main	2025-12-06T07:57:00.578+03:00	Group membership information.	Windows	Microsoft	10.14.1.71	a.avakian	-		4627			Microsoft-Windows-Security-Auditing
12f4bb5a-95dd-4d30-9c88-7308463bb18d	Storage	0893a149-d439-48e7-885e-ebc35a496c07	Main	2025-12-06T07:57:00.580+03:00	An account was successfully logged on.	Windows	Microsoft	10.14.1.71	a.avakian	-	Kerberos	4624	-	Restricted admin mode	Microsoft-Windows-Security-Auditing
12f4bb5a-95dd-4d30-9c88-7308463bb18d	Storage	0893a149-d439-48e7-885e-ebc35a496c07	Main	2025-12-06T07:57:00.597+03:00	An account was successfully logged on.	Windows	Microsoft	10.14.1.72	a.avakian	-	Kerberos	4624	-	Restricted admin mode	Microsoft-Windows-Security-Auditing
12f4bb5a-95dd-4d30-9c88-7308463bb18d	Storage	0893a149-d439-48e7-885e-ebc35a496c07	Main	2025-12-06T07:57:00.597+03:00	Group membership information.	Windows	Microsoft	10.14.1.72	a.avakian	-		4627			Microsoft-Windows-Security-Auditing
12f4bb5a-95dd-4d30-9c88-7308463bb18d	Storage	0893a149-d439-48e7-885e-ebc35a496c07	Main	2025-12-06T07:57:00.637+03:00	An account was logged off.	Windows	Microsoft	10.14.1.72	a.avakian			4634			Microsoft-Windows-Security-Auditing
12f4bb5a-95dd-4d30-9c88-7308463bb18d	Storage	0893a149-d439-48e7-885e-ebc35a496c07	Main	2025-12-06T07:57:51.606+03:00	Group membership information.	Windows	Microsoft	10.14.1.71	a.avakian	-		4627			Microsoft-Windows-Security-Auditing
12f4bb5a-95dd-4d30-9c88-7308463bb18d	Storage	0893a149-d439-48e7-885e-ebc35a496c07	Main	2025-12-06T07:57:51.607+03:00	An account was successfully logged on.	Windows	Microsoft	10.14.1.71	a.avakian	-	Kerberos	4624	-	Restricted admin mode	Microsoft-Windows-Security-Auditing
12f4bb5a-95dd-4d30-9c88-7308463bb18d	Storage	0893a149-d439-48e7-885e-ebc35a496c07	Main	2025-12-06T07:58:00.896+03:00	An account was successfully logged on.	Windows	Microsoft	10.14.1.71	a.avakian	-	Kerberos	4624	-	Restricted admin mode	Microsoft-Windows-Security-Auditing
12f4bb5a-95dd-4d30-9c88-7308463bb18d	Storage	0893a149-d439-48e7-885e-ebc35a496c07	Main	2025-12-06T07:58:00.897+03:00	Group membership information.	Windows	Microsoft	10.14.1.71	a.avakian	-		4627			Microsoft-Windows-Security-Auditing
12f4bb5a-95dd-4d30-9c88-7308463bb18d	Storage	0893a149-d439-48e7-885e-ebc35a496c07	Main	2025-12-06T07:58:02.996+03:00	An account was successfully logged on.	Windows	Microsoft	10.14.1.72	a.avakian	-	Kerberos	4624	-	Restricted admin mode	Microsoft-Windows-Security-Auditing
12f4bb5a-95dd-4d30-9c88-7308463bb18d	Storage	0893a149-d439-48e7-885e-ebc35a496c07	Main	2025-12-06T07:58:02.997+03:00	An account was successfully logged on.	Windows	Microsoft	10.14.1.72	a.avakian	-	Kerberos	4624	-	Restricted admin mode	Microsoft-Windows-Security-Auditing
12f4bb5a-95dd-4d30-9c88-7308463bb18d	Storage	0893a149-d439-48e7-885e-ebc35a496c07	Main	2025-12-06T07:58:02.997+03:00	Group membership information.	Windows	Microsoft	10.14.1.72	a.avakian	-		4627			Microsoft-Windows-Security-Auditing
12f4bb5a-95dd-4d30-9c88-7308463bb18d	Storage	0893a149-d439-48e7-885e-ebc35a496c07	Main	2025-12-06T07:58:02.997+03:00	Group membership information.	Windows	Microsoft	10.14.1.72	a.avakian	-		4627			Microsoft-Windows-Security-Auditing
12f4bb5a-95dd-4d30-9c88-7308463bb18d	Storage	0893a149-d439-48e7-885e-ebc35a496c07	Main	2025-12-06T07:58:30.007+03:00	A new process has been created.	Windows	Microsoft	10.50.101.5	a.avakian	tmtp-003672$	C:\\Windows\\System32\\SearchIndexer.exe	4688	"C:\\Windows\\system32\\SearchProtocolHost.exe Global\\UsGthrFltPipeMssGthrPipe_S-1-5-21-2466243303-2766591412-4162608119-10969391_ Global\\UsGthrCtrlFltPipeMssGthrPipe_S-1-5-21-2466243303-2766591412-4162608119-10969391 1 -2147483646 ""Software\\Microsoft\\Windows Search"" ""Mozilla/4.0 (compatible; MSIE 6.0; Windows NT; MS Search 4.0 Robot)"" ""C:\\ProgramData\\Microsoft\\Search\\Data\\Temp\\usgthrsvc"" ""DownLevelDaemon""  ""1"""	Command Line	Microsoft-Windows-Security-Auditing
12f4bb5a-95dd-4d30-9c88-7308463bb18d	Storage	0893a149-d439-48e7-885e-ebc35a496c07	Main	2025-12-06T07:58:59.712+03:00	Group membership information.	Windows	Microsoft	10.14.1.72	a.avakian	-		4627			Microsoft-Windows-Security-Auditing
12f4bb5a-95dd-4d30-9c88-7308463bb18d	Storage	0893a149-d439-48e7-885e-ebc35a496c07	Main	2025-12-06T07:59:00.732+03:00	An account was successfully logged on.	Windows	Microsoft	10.14.1.72	a.avakian	-	Kerberos	4624	-	Restricted admin mode	Microsoft-Windows-Security-Auditing
12f4bb5a-95dd-4d30-9c88-7308463bb18d	Storage	0893a149-d439-48e7-885e-ebc35a496c07	Main	2025-12-06T07:59:07.797+03:00	An account was logged off.	Windows	Microsoft	10.14.1.71	a.avakian			4634			Microsoft-Windows-Security-Auditing
12f4bb5a-95dd-4d30-9c88-7308463bb18d	Storage	0893a149-d439-48e7-885e-ebc35a496c07	Main	2025-12-06T07:59:24.303+03:00	An account was successfully logged on.	Windows	Microsoft	10.10.5.71	a.avakian	-	Kerberos	4624	-	Restricted admin mode	Microsoft-Windows-Security-Auditing
12f4bb5a-95dd-4d30-9c88-7308463bb18d	Storage	0893a149-d439-48e7-885e-ebc35a496c07	Main	2025-12-06T07:59:24.304+03:00	An account was successfully logged on.	Windows	Microsoft	10.10.5.71	a.avakian	-	Kerberos	4624	-	Restricted admin mode	Microsoft-Windows-Security-Auditing
12f4bb5a-95dd-4d30-9c88-7308463bb18d	Storage	0893a149-d439-48e7-885e-ebc35a496c07	Main	2025-12-06T07:59:34.794+03:00	Group membership information.	Windows	Microsoft	10.14.1.71	a.avakian	-		4627			Microsoft-Windows-Security-Auditing
12f4bb5a-95dd-4d30-9c88-7308463bb18d	Storage	0893a149-d439-48e7-885e-ebc35a496c07	Main	2025-12-06T07:59:34.794+03:00	An account was successfully logged on.	Windows	Microsoft	10.14.1.71	a.avakian	-	Kerberos	4624	-	Restricted admin mode	Microsoft-Windows-Security-Auditing
12f4bb5a-95dd-4d30-9c88-7308463bb18d	Storage	0893a149-d439-48e7-885e-ebc35a496c07	Main	2025-12-06T07:59:46.918+03:00	A new process has been created.	Windows	Microsoft	10.50.101.5	a.avakian	tmtp-003672$	C:\\Windows\\System32\\svchost.exe	4688	C:\\Program Files\\Microsoft Office\\Office16\\msoia.exe scan upload	Command Line	Microsoft-Windows-Security-Auditing
12f4bb5a-95dd-4d30-9c88-7308463bb18d	Storage	0893a149-d439-48e7-885e-ebc35a496c07	Main	2025-12-06T08:00:04.130+03:00	An account was logged off.	Windows	Microsoft	10.14.1.72	a.avakian			4634			Microsoft-Windows-Security-Auditing
12f4bb5a-95dd-4d30-9c88-7308463bb18d	Storage	0893a149-d439-48e7-885e-ebc35a496c07	Main	2025-12-06T08:00:04.130+03:00	An account was logged off.	Windows	Microsoft	10.14.1.72	a.avakian			4634			Microsoft-Windows-Security-Auditing
12f4bb5a-95dd-4d30-9c88-7308463bb18d	Storage	0893a149-d439-48e7-885e-ebc35a496c07	Main	2025-12-06T08:00:16.006+03:00	An account was logged off.	Windows	Microsoft	10.14.1.71	a.avakian			4634			Microsoft-Windows-Security-Auditing
12f4bb5a-95dd-4d30-9c88-7308463bb18d	Storage	0893a149-d439-48e7-885e-ebc35a496c07	Main	2025-12-06T08:00:30.939+03:00	An account was logged off.	Windows	Microsoft	10.14.1.72	a.avakian			4634			Microsoft-Windows-Security-Auditing
12f4bb5a-95dd-4d30-9c88-7308463bb18d	Storage	0893a149-d439-48e7-885e-ebc35a496c07	Main	2025-12-06T08:00:32.947+03:00	An account was logged off.	Windows	Microsoft	10.14.1.71	a.avakian			4634			Microsoft-Windows-Security-Auditing
12f4bb5a-95dd-4d30-9c88-7308463bb18d	Storage	0893a149-d439-48e7-885e-ebc35a496c07	Main	2025-12-06T08:01:00.010+03:00	Group membership information.	Windows	Microsoft	10.14.1.71	a.avakian	-		4627			Microsoft-Windows-Security-Auditing
12f4bb5a-95dd-4d30-9c88-7308463bb18d	Storage	0893a149-d439-48e7-885e-ebc35a496c07	Main	2025-12-06T08:01:00.010+03:00	An account was successfully logged on.	Windows	Microsoft	10.14.1.71	a.avakian	-	Kerberos	4624	-	Restricted admin mode	Microsoft-Windows-Security-Auditing
12f4bb5a-95dd-4d30-9c88-7308463bb18d	Storage	0893a149-d439-48e7-885e-ebc35a496c07	Main	2025-12-06T08:01:36.055+03:00	An account was logged off.	Windows	Microsoft	10.14.1.71	a.avakian			4634			Microsoft-Windows-Security-Auditing
12f4bb5a-95dd-4d30-9c88-7308463bb18d	Storage	0893a149-d439-48e7-885e-ebc35a496c07	Main	2025-12-06T08:01:37.932+03:00	A new process has been created.	Windows	Microsoft	10.50.101.5	a.avakian	tmtp-003672$	C:\\Windows\\System32\\svchost.exe	4688	C:\\Windows\\System32\\RuntimeBroker.exe -Embedding	Command Line	Microsoft-Windows-Security-Auditing
12f4bb5a-95dd-4d30-9c88-7308463bb18d	Storage	0893a149-d439-48e7-885e-ebc35a496c07	Main	2025-12-06T08:01:37.932+03:00	A new process has been created.	Windows	Microsoft	10.50.101.5	a.avakian	tmtp-003672$	C:\\Windows\\System32\\svchost.exe	4688	C:\\Windows\\system32\\backgroundTaskHost.exe -ServerName:Global.DesktopSpotlight.AppXz2j21w56bgxkgsjhtn7zkjsepq96erz2.mca	Command Line	Microsoft-Windows-Security-Auditing
12f4bb5a-95dd-4d30-9c88-7308463bb18d	Storage	0893a149-d439-48e7-885e-ebc35a496c07	Main	2025-12-06T08:01:38.066+03:00	Group membership information.	Windows	Microsoft	10.14.1.72	a.avakian	-		4627			Microsoft-Windows-Security-Auditing
12f4bb5a-95dd-4d30-9c88-7308463bb18d	Storage	0893a149-d439-48e7-885e-ebc35a496c07	Main	2025-12-06T08:01:38.066+03:00	An account was successfully logged on.	Windows	Microsoft	10.14.1.72	a.avakian	-	Kerberos	4624	-	Restricted admin mode	Microsoft-Windows-Security-Auditing
12f4bb5a-95dd-4d30-9c88-7308463bb18d	Storage	0893a149-d439-48e7-885e-ebc35a496c07	Main	2025-12-06T08:01:38.067+03:00	An account was successfully logged on.	Windows	Microsoft	10.14.1.72	a.avakian	-	Kerberos	4624	-	Restricted admin mode	Microsoft-Windows-Security-Auditing
12f4bb5a-95dd-4d30-9c88-7308463bb18d	Storage	0893a149-d439-48e7-885e-ebc35a496c07	Main	2025-12-06T08:01:38.068+03:00	Group membership information.	Windows	Microsoft	10.14.1.72	a.avakian	-		4627			Microsoft-Windows-Security-Auditing
12f4bb5a-95dd-4d30-9c88-7308463bb18d	Storage	0893a149-d439-48e7-885e-ebc35a496c07	Main	2025-12-06T08:02:58.265+03:00	An account was logged off.	Windows	Microsoft	10.14.1.71	a.avakian			4634			Microsoft-Windows-Security-Auditing
12f4bb5a-95dd-4d30-9c88-7308463bb18d	Storage	0893a149-d439-48e7-885e-ebc35a496c07	Main	2025-12-07T09:43:31.002+03:00	A new process has been created.	Windows	Microsoft	10.50.101.5	a.avakian	tmtp-003672$	C:\\Windows\\System32\\svchost.exe	4688	C:\\Users\\A.Avakian\\AppData\\Local\\Microsoft\\OneDrive\\25.216.1104.0002_1\\FileCoAuth.exe -Embedding	Command Line	Microsoft-Windows-Security-Auditing
12f4bb5a-95dd-4d30-9c88-7308463bb18d	Storage	0893a149-d439-48e7-885e-ebc35a496c07	Main	2025-12-07T09:43:32.001+03:00	A new process has been created.	Windows	Microsoft	10.50.101.5	a.avakian	tmtp-003672$	C:\\Windows\\System32\\SearchIndexer.exe	4688	"C:\\Windows\\system32\\SearchProtocolHost.exe Global\\UsGthrFltPipeMssGthrPipe_S-1-5-21-2466243303-2766591412-4162608119-10969479_ Global\\UsGthrCtrlFltPipeMssGthrPipe_S-1-5-21-2466243303-2766591412-4162608119-10969479 1 -2147483646 ""Software\\Microsoft\\Windows Search"" ""Mozilla/4.0 (compatible; MSIE 6.0; Windows NT; MS Search 4.0 Robot)"" ""C:\\ProgramData\\Microsoft\\Search\\Data\\Temp\\usgthrsvc"" ""DownLevelDaemon""  ""1"""	Command Line	Microsoft-Windows-Security-Auditing
12f4bb5a-95dd-4d30-9c88-7308463bb18d	Storage	0893a149-d439-48e7-885e-ebc35a496c07	Main	2025-12-07T09:44:07.308+03:00				10.14.1.72		UCLH\\A.Avakian					
12f4bb5a-95dd-4d30-9c88-7308463bb18d	Storage	0893a149-d439-48e7-885e-ebc35a496c07	Main	2025-12-07T09:44:14.304+03:00				10.10.7.21		uclh%5Ca.avakian%40uclh.ru			Outlook-iOS-Android/1.0	User-Agent	
12f4bb5a-95dd-4d30-9c88-7308463bb18d	Storage	0893a149-d439-48e7-885e-ebc35a496c07	Main	2025-12-07T09:44:14.305+03:00				10.10.7.21		uclh%5Ca.avakian%40uclh.ru			Outlook-iOS-Android/1.0	User-Agent	
12f4bb5a-95dd-4d30-9c88-7308463bb18d	Storage	0893a149-d439-48e7-885e-ebc35a496c07	Main	2025-12-07T09:44:14.309+03:00				10.10.7.21		uclh%5Ca.avakian%40uclh.ru			Outlook-iOS-Android/1.0	User-Agent	
12f4bb5a-95dd-4d30-9c88-7308463bb18d	Storage	0893a149-d439-48e7-885e-ebc35a496c07	Main	2025-12-07T09:44:14.309+03:00				10.10.7.21		uclh%5Ca.avakian%40uclh.ru			Outlook-iOS-Android/1.0	User-Agent	
12f4bb5a-95dd-4d30-9c88-7308463bb18d	Storage	0893a149-d439-48e7-885e-ebc35a496c07	Main	2025-12-07T09:44:39.787+03:00	An account was logged off.	Windows	Microsoft	10.14.1.71	a.avakian			4634			Microsoft-Windows-Security-Auditing
12f4bb5a-95dd-4d30-9c88-7308463bb18d	Storage	0893a149-d439-48e7-885e-ebc35a496c07	Main	2025-12-07T09:44:46.770+03:00	An account was logged off.	Windows	Microsoft	10.14.1.71	a.avakian			4634			Microsoft-Windows-Security-Auditing
12f4bb5a-95dd-4d30-9c88-7308463bb18d	Storage	0893a149-d439-48e7-885e-ebc35a496c07	Main	2025-12-07T09:45:03.847+03:00	An account was successfully logged on.	Windows	Microsoft	10.14.1.71	a.avakian	-	Kerberos	4624	-	Restricted admin mode	Microsoft-Windows-Security-Auditing
12f4bb5a-95dd-4d30-9c88-7308463bb18d	Storage	0893a149-d439-48e7-885e-ebc35a496c07	Main	2025-12-07T09:45:03.849+03:00	Group membership information.	Windows	Microsoft	10.14.1.71	a.avakian	-		4627			Microsoft-Windows-Security-Auditing
12f4bb5a-95dd-4d30-9c88-7308463bb18d	Storage	0893a149-d439-48e7-885e-ebc35a496c07	Main	2025-12-07T09:45:29.851+03:00	An account was logged off.	Windows	Microsoft	10.14.1.72	a.avakian			4634			Microsoft-Windows-Security-Auditing
12f4bb5a-95dd-4d30-9c88-7308463bb18d	Storage	0893a149-d439-48e7-885e-ebc35a496c07	Main	2025-12-07T09:45:57.813+03:00	An account was successfully logged on.	Windows	Microsoft	10.14.1.72	a.avakian	-	Kerberos	4624	-	Restricted admin mode	Microsoft-Windows-Security-Auditing
12f4bb5a-95dd-4d30-9c88-7308463bb18d	Storage	0893a149-d439-48e7-885e-ebc35a496c07	Main	2025-12-07T09:45:57.813+03:00	An account was successfully logged on.	Windows	Microsoft	10.14.1.72	a.avakian	-	Kerberos	4624	-	Restricted admin mode	Microsoft-Windows-Security-Auditing
12f4bb5a-95dd-4d30-9c88-7308463bb18d	Storage	0893a149-d439-48e7-885e-ebc35a496c07	Main	2025-12-07T09:45:57.813+03:00	Group membership information.	Windows	Microsoft	10.14.1.72	a.avakian	-		4627			Microsoft-Windows-Security-Auditing
12f4bb5a-95dd-4d30-9c88-7308463bb18d	Storage	0893a149-d439-48e7-885e-ebc35a496c07	Main	2025-12-07T09:45:57.813+03:00	Group membership information.	Windows	Microsoft	10.14.1.72	a.avakian	-		4627			Microsoft-Windows-Security-Auditing
12f4bb5a-95dd-4d30-9c88-7308463bb18d	Storage	0893a149-d439-48e7-885e-ebc35a496c07	Main	2025-12-07T09:46:44.074+03:00	A new process has been created.	Windows	Microsoft	10.50.101.5	a.avakian	tmtp-003672$	C:\\Windows\\System32\\svchost.exe	4688	C:\\Windows\\System32\\RuntimeBroker.exe -Embedding	Command Line	Microsoft-Windows-Security-Auditing
12f4bb5a-95dd-4d30-9c88-7308463bb18d	Storage	0893a149-d439-48e7-885e-ebc35a496c07	Main	2025-12-07T09:46:44.074+03:00	A new process has been created.	Windows	Microsoft	10.50.101.5	a.avakian	tmtp-003672$	C:\\Windows\\System32\\svchost.exe	4688	C:\\Windows\\system32\\backgroundTaskHost.exe -ServerName:Global.DesktopSpotlight.AppXz2j21w56bgxkgsjhtn7zkjsepq96erz2.mca	Command Line	Microsoft-Windows-Security-Auditing
12f4bb5a-95dd-4d30-9c88-7308463bb18d	Storage	0893a149-d439-48e7-885e-ebc35a496c07	Main	2025-12-07T09:46:44.074+03:00	A new process has been created.	Windows	Microsoft	10.50.101.5	a.avakian	tmtp-003672$	C:\\Windows\\System32\\svchost.exe	4688	C:\\Windows\\System32\\RuntimeBroker.exe -Embedding	Command Line	Microsoft-Windows-Security-Auditing
12f4bb5a-95dd-4d30-9c88-7308463bb18d	Storage	0893a149-d439-48e7-885e-ebc35a496c07	Main	2025-12-07T09:46:44.074+03:00	A new process has been created.	Windows	Microsoft	10.50.101.5	a.avakian	tmtp-003672$	C:\\Windows\\System32\\svchost.exe	4688	C:\\Windows\\system32\\backgroundTaskHost.exe -ServerName:App.AppXass2jm06pp1n7aktd4dcj305y31qrc54.mca	Command Line	Microsoft-Windows-Security-Auditing
12f4bb5a-95dd-4d30-9c88-7308463bb18d	Storage	0893a149-d439-48e7-885e-ebc35a496c07	Main	2025-12-07T09:46:45.075+03:00	An account was successfully logged on.	Windows	Microsoft	10.50.11.50	a.avakian	-	NtLmSsp	4624	-	Restricted admin mode	Microsoft-Windows-Security-Auditing
12f4bb5a-95dd-4d30-9c88-7308463bb18d	Storage	0893a149-d439-48e7-885e-ebc35a496c07	Main	2025-12-07T09:46:45.883+03:00	An account was logged off.	Windows	Microsoft	10.14.1.71	a.avakian			4634			Microsoft-Windows-Security-Auditing
12f4bb5a-95dd-4d30-9c88-7308463bb18d	Storage	0893a149-d439-48e7-885e-ebc35a496c07	Main	2025-12-07T09:47:48.103+03:00	An account was successfully logged on.	Windows	Microsoft	10.50.11.35	a.avakian	-	Kerberos	4624	-	Restricted admin mode	Microsoft-Windows-Security-Auditing
12f4bb5a-95dd-4d30-9c88-7308463bb18d	Storage	0893a149-d439-48e7-885e-ebc35a496c07	Main	2025-12-07T09:47:59.905+03:00	An account was logged off.	Windows	Microsoft	10.14.1.72	a.avakian			4634			Microsoft-Windows-Security-Auditing
12f4bb5a-95dd-4d30-9c88-7308463bb18d	Storage	0893a149-d439-48e7-885e-ebc35a496c07	Main	2025-12-07T09:47:59.905+03:00	An account was logged off.	Windows	Microsoft	10.14.1.72	a.avakian			4634			Microsoft-Windows-Security-Auditing
12f4bb5a-95dd-4d30-9c88-7308463bb18d	Storage	0893a149-d439-48e7-885e-ebc35a496c07	Main	2025-12-07T09:49:08.203+03:00				10.14.1.72		UCLH\\A.Avakian					
12f4bb5a-95dd-4d30-9c88-7308463bb18d	Storage	0893a149-d439-48e7-885e-ebc35a496c07	Main	2025-12-07T09:49:13.800+03:00				10.10.7.21		uclh%5Ca.avakian%40uclh.ru			Outlook-iOS-Android/1.0	User-Agent	
12f4bb5a-95dd-4d30-9c88-7308463bb18d	Storage	0893a149-d439-48e7-885e-ebc35a496c07	Main	2025-12-07T09:49:17.924+03:00	An account was successfully logged on.	Windows	Microsoft	10.14.1.72	a.avakian	-	Kerberos	4624	-	Restricted admin mode	Microsoft-Windows-Security-Auditing
12f4bb5a-95dd-4d30-9c88-7308463bb18d	Storage	0893a149-d439-48e7-885e-ebc35a496c07	Main	2025-12-07T09:49:17.924+03:00	Group membership information.	Windows	Microsoft	10.14.1.72	a.avakian	-		4627			Microsoft-Windows-Security-Auditing
12f4bb5a-95dd-4d30-9c88-7308463bb18d	Storage	0893a149-d439-48e7-885e-ebc35a496c07	Main	2025-12-07T09:50:34.349+03:00	First TCP SVC connection established for SVC session.	ASA	CISCO			A.Avakian		722033			
12f4bb5a-95dd-4d30-9c88-7308463bb18d	Storage	0893a149-d439-48e7-885e-ebc35a496c07	Main	2025-12-07T09:50:34.351+03:00	First TCP SVC connection established for SVC session.	ASA	CISCO			a.avakian		722033			
12f4bb5a-95dd-4d30-9c88-7308463bb18d	Storage	0893a149-d439-48e7-885e-ebc35a496c07	Main	2025-12-07T09:50:34.351+03:00	First TCP SVC connection established for SVC session.	ASA	CISCO			A.Avakian		722033			
12f4bb5a-95dd-4d30-9c88-7308463bb18d	Storage	0893a149-d439-48e7-885e-ebc35a496c07	Main	2025-12-07T09:50:34.399+03:00	connection established without	ASA	CISCO			A.Avakian		722022			
12f4bb5a-95dd-4d30-9c88-7308463bb18d	Storage	0893a149-d439-48e7-885e-ebc35a496c07	Main	2025-12-07T09:50:34.401+03:00	connection established without	ASA	CISCO			a.avakian		722022			
12f4bb5a-95dd-4d30-9c88-7308463bb18d	Storage	0893a149-d439-48e7-885e-ebc35a496c07	Main	2025-12-07T09:50:34.401+03:00	connection established without	ASA	CISCO			A.Avakian		722022			
12f4bb5a-95dd-4d30-9c88-7308463bb18d	Storage	0893a149-d439-48e7-885e-ebc35a496c07	Main	2025-12-07T09:50:34.449+03:00	user is attempting to connect	ASA	CISCO			A.Avakian		722055			
12f4bb5a-95dd-4d30-9c88-7308463bb18d	Storage	0893a149-d439-48e7-885e-ebc35a496c07	Main	2025-12-07T09:50:34.450+03:00	user is attempting to connect	ASA	CISCO			A.Avakian		722055			
12f4bb5a-95dd-4d30-9c88-7308463bb18d	Storage	0893a149-d439-48e7-885e-ebc35a496c07	Main	2025-12-07T09:50:34.450+03:00	user is attempting to connect	ASA	CISCO			a.avakian		722055			
12f4bb5a-95dd-4d30-9c88-7308463bb18d	Storage	0893a149-d439-48e7-885e-ebc35a496c07	Main	2025-12-07T09:50:34.499+03:00	address assigned to user	ASA	CISCO	10.14.245.101		A.Avakian		722051			
12f4bb5a-95dd-4d30-9c88-7308463bb18d	Storage	0893a149-d439-48e7-885e-ebc35a496c07	Main	2025-12-07T09:50:34.500+03:00	address assigned to user	ASA	CISCO	10.14.245.101		A.Avakian		722051			
12f4bb5a-95dd-4d30-9c88-7308463bb18d	Storage	0893a149-d439-48e7-885e-ebc35a496c07	Main	2025-12-07T09:50:34.500+03:00	address assigned to user	ASA	CISCO	10.14.245.101		a.avakian		722051			
12f4bb5a-95dd-4d30-9c88-7308463bb18d	Storage	0893a149-d439-48e7-885e-ebc35a496c07	Main	2025-12-07T09:50:35.949+03:00	First UDP SVC connection established for SVC session.	ASA	CISCO			A.Avakian		722033			
12f4bb5a-95dd-4d30-9c88-7308463bb18d	Storage	0893a149-d439-48e7-885e-ebc35a496c07	Main	2025-12-07T09:50:35.950+03:00	First UDP SVC connection established for SVC session.	ASA	CISCO			A.Avakian		722033			
12f4bb5a-95dd-4d30-9c88-7308463bb18d	Storage	0893a149-d439-48e7-885e-ebc35a496c07	Main	2025-12-07T09:50:35.950+03:00	First UDP SVC connection established for SVC session.	ASA	CISCO			a.avakian		722033			
12f4bb5a-95dd-4d30-9c88-7308463bb18d	Storage	0893a149-d439-48e7-885e-ebc35a496c07	Main	2025-12-07T09:50:35.999+03:00	connection established without	ASA	CISCO			A.Avakian		722022			
12f4bb5a-95dd-4d30-9c88-7308463bb18d	Storage	0893a149-d439-48e7-885e-ebc35a496c07	Main	2025-12-07T09:50:36.000+03:00	connection established without	ASA	CISCO			A.Avakian		722022			
12f4bb5a-95dd-4d30-9c88-7308463bb18d	Storage	0893a149-d439-48e7-885e-ebc35a496c07	Main	2025-12-07T09:50:36.000+03:00	connection established without	ASA	CISCO			a.avakian		722022			
12f4bb5a-95dd-4d30-9c88-7308463bb18d	Storage	0893a149-d439-48e7-885e-ebc35a496c07	Main	2025-12-07T09:50:39.172+03:00	An account was successfully logged on.	Windows	Microsoft	10.14.244.234	a.avakian	tmtp-004291-lt$	User32	4624	-	Restricted admin mode	Microsoft-Windows-Security-Auditing
12f4bb5a-95dd-4d30-9c88-7308463bb18d	Storage	0893a149-d439-48e7-885e-ebc35a496c07	Main	2025-12-07T09:50:39.173+03:00	An account was successfully logged on.	Windows	Microsoft	10.14.244.234	a.avakian	tmtp-004291-lt$	Negotiat	4624	-	Restricted admin mode	Microsoft-Windows-Security-Auditing
12f4bb5a-95dd-4d30-9c88-7308463bb18d	Storage	0893a149-d439-48e7-885e-ebc35a496c07	Main	2025-12-07T09:50:47.993+03:00	An account was logged off.	Windows	Microsoft	10.14.91.196	a.avakian			4634			Microsoft-Windows-Security-Auditing
12f4bb5a-95dd-4d30-9c88-7308463bb18d	Storage	0893a149-d439-48e7-885e-ebc35a496c07	Main	2025-12-07T09:50:47.993+03:00	Group membership information.	Windows	Microsoft	10.14.91.196	a.avakian	cplus-nps01$		4627			Microsoft-Windows-Security-Auditing
12f4bb5a-95dd-4d30-9c88-7308463bb18d	Storage	0893a149-d439-48e7-885e-ebc35a496c07	Main	2025-12-07T09:50:47.993+03:00	A logon was attempted using explicit credentials.	Windows	Microsoft		a.avakian	cplus-nps01$		4648			Microsoft-Windows-Security-Auditing
12f4bb5a-95dd-4d30-9c88-7308463bb18d	Storage	0893a149-d439-48e7-885e-ebc35a496c07	Main	2025-12-07T09:50:47.994+03:00	An account was successfully logged on.	Windows	Microsoft	10.14.91.196	a.avakian	cplus-nps01$	IAS	4624	-	Restricted admin mode	Microsoft-Windows-Security-Auditing
12f4bb5a-95dd-4d30-9c88-7308463bb18d	Storage	0893a149-d439-48e7-885e-ebc35a496c07	Main	2025-12-07T09:50:47.995+03:00	An object was added to the COM+ Catalog.	Windows	Microsoft	10.14.91.196	a.avakian	a.avakian		6272			Microsoft-Windows-Security-Auditing
12f4bb5a-95dd-4d30-9c88-7308463bb18d	Storage	0893a149-d439-48e7-885e-ebc35a496c07	Main	2025-12-07T09:50:54.183+03:00	An account was successfully logged on.	Windows	Microsoft	10.50.11.20	a.avakian	-	NtLmSsp	4624	-	Restricted admin mode	Microsoft-Windows-Security-Auditing
12f4bb5a-95dd-4d30-9c88-7308463bb18d	Storage	0893a149-d439-48e7-885e-ebc35a496c07	Main	2025-12-07T09:50:54.184+03:00	An account was successfully logged on.	Windows	Microsoft	10.50.11.20	a.avakian	-	Kerberos	4624	-	Restricted admin mode	Microsoft-Windows-Security-Auditing
12f4bb5a-95dd-4d30-9c88-7308463bb18d	Storage	0893a149-d439-48e7-885e-ebc35a496c07	Main	2025-12-07T09:50:54.184+03:00	An account was successfully logged on.	Windows	Microsoft	10.50.11.20	a.avakian	-	NtLmSsp	4624	-	Restricted admin mode	Microsoft-Windows-Security-Auditing
12f4bb5a-95dd-4d30-9c88-7308463bb18d	Storage	0893a149-d439-48e7-885e-ebc35a496c07	Main	2025-12-07T09:50:54.184+03:00	An account was successfully logged on.	Windows	Microsoft	10.50.11.20	a.avakian	-	NtLmSsp	4624	-	Restricted admin mode	Microsoft-Windows-Security-Auditing
12f4bb5a-95dd-4d30-9c88-7308463bb18d	Storage	0893a149-d439-48e7-885e-ebc35a496c07	Main	2025-12-07T09:50:54.184+03:00	An account was successfully logged on.	Windows	Microsoft	10.50.11.20	a.avakian	-	NtLmSsp	4624	-	Restricted admin mode	Microsoft-Windows-Security-Auditing
12f4bb5a-95dd-4d30-9c88-7308463bb18d	Storage	0893a149-d439-48e7-885e-ebc35a496c07	Main	2025-12-07T09:50:54.184+03:00	An account was successfully logged on.	Windows	Microsoft	10.50.11.20	a.avakian	-	NtLmSsp	4624	-	Restricted admin mode	Microsoft-Windows-Security-Auditing
12f4bb5a-95dd-4d30-9c88-7308463bb18d	Storage	0893a149-d439-48e7-885e-ebc35a496c07	Main	2025-12-07T09:50:54.184+03:00	An account was successfully logged on.	Windows	Microsoft	10.50.11.20	a.avakian	-	NtLmSsp	4624	-	Restricted admin mode	Microsoft-Windows-Security-Auditing
12f4bb5a-95dd-4d30-9c88-7308463bb18d	Storage	0893a149-d439-48e7-885e-ebc35a496c07	Main	2025-12-07T09:50:54.184+03:00	An account was successfully logged on.	Windows	Microsoft	10.50.11.20	a.avakian	-	NtLmSsp	4624	-	Restricted admin mode	Microsoft-Windows-Security-Auditing
12f4bb5a-95dd-4d30-9c88-7308463bb18d	Storage	0893a149-d439-48e7-885e-ebc35a496c07	Main	2025-12-07T09:50:55.176+03:00	An account was successfully logged on.	Windows	Microsoft	10.50.11.35	a.avakian	-	Kerberos	4624	-	Restricted admin mode	Microsoft-Windows-Security-Auditing
12f4bb5a-95dd-4d30-9c88-7308463bb18d	Storage	0893a149-d439-48e7-885e-ebc35a496c07	Main	2025-12-07T09:51:10.013+03:00	An account was successfully logged on.	Windows	Microsoft	10.14.1.72	a.avakian	-	Kerberos	4624	-	Restricted admin mode	Microsoft-Windows-Security-Auditing
12f4bb5a-95dd-4d30-9c88-7308463bb18d	Storage	0893a149-d439-48e7-885e-ebc35a496c07	Main	2025-12-07T09:51:10.013+03:00	Group membership information.	Windows	Microsoft	10.14.1.72	a.avakian	-		4627			Microsoft-Windows-Security-Auditing
12f4bb5a-95dd-4d30-9c88-7308463bb18d	Storage	0893a149-d439-48e7-885e-ebc35a496c07	Main	2025-12-07T09:51:10.018+03:00	An account was successfully logged on.	Windows	Microsoft	10.14.1.71	a.avakian	-	Kerberos	4624	-	Restricted admin mode	Microsoft-Windows-Security-Auditing
12f4bb5a-95dd-4d30-9c88-7308463bb18d	Storage	0893a149-d439-48e7-885e-ebc35a496c07	Main	2025-12-07T09:51:10.018+03:00	Group membership information.	Windows	Microsoft	10.14.1.71	a.avakian	-		4627			Microsoft-Windows-Security-Auditing
12f4bb5a-95dd-4d30-9c88-7308463bb18d	Storage	0893a149-d439-48e7-885e-ebc35a496c07	Main	2025-12-07T09:51:10.019+03:00	An account was successfully logged on.	Windows	Microsoft	10.14.1.71	a.avakian	-	Kerberos	4624	-	Restricted admin mode	Microsoft-Windows-Security-Auditing
12f4bb5a-95dd-4d30-9c88-7308463bb18d	Storage	0893a149-d439-48e7-885e-ebc35a496c07	Main	2025-12-07T09:51:10.022+03:00	Group membership information.	Windows	Microsoft	10.14.1.71	a.avakian	-		4627			Microsoft-Windows-Security-Auditing
12f4bb5a-95dd-4d30-9c88-7308463bb18d	Storage	0893a149-d439-48e7-885e-ebc35a496c07	Main	2025-12-07T09:51:11.017+03:00	TRAFFIC	PAN-OS	Palo Alto Networks	184.24.152.7		A.AVAKIAN		end	Trusted Zone		
12f4bb5a-95dd-4d30-9c88-7308463bb18d	Storage	0893a149-d439-48e7-885e-ebc35a496c07	Main	2025-12-07T09:51:11.017+03:00	TRAFFIC	PAN-OS	Palo Alto Networks	184.24.152.7		A.AVAKIAN		end	Trusted Zone		
12f4bb5a-95dd-4d30-9c88-7308463bb18d	Storage	0893a149-d439-48e7-885e-ebc35a496c07	Main	2025-12-07T09:51:11.018+03:00	TRAFFIC	PAN-OS	Palo Alto Networks	184.24.152.7		A.AVAKIAN		end	Trusted Zone		
12f4bb5a-95dd-4d30-9c88-7308463bb18d	Storage	0893a149-d439-48e7-885e-ebc35a496c07	Main	2025-12-07T09:51:11.018+03:00	TRAFFIC	PAN-OS	Palo Alto Networks	184.24.152.7		A.AVAKIAN		end	Trusted Zone		
12f4bb5a-95dd-4d30-9c88-7308463bb18d	Storage	0893a149-d439-48e7-885e-ebc35a496c07	Main	2025-12-07T09:51:11.018+03:00	TRAFFIC	PAN-OS	Palo Alto Networks	184.24.152.7		A.AVAKIAN		end	Trusted Zone		
12f4bb5a-95dd-4d30-9c88-7308463bb18d	Storage	0893a149-d439-48e7-885e-ebc35a496c07	Main	2025-12-07T09:51:11.057+03:00	TRAFFIC	PAN-OS	Palo Alto Networks	184.24.152.7		A.AVAKIAN		end	Trusted Zone		
12f4bb5a-95dd-4d30-9c88-7308463bb18d	Storage	0893a149-d439-48e7-885e-ebc35a496c07	Main	2025-12-07T09:51:11.057+03:00	TRAFFIC	PAN-OS	Palo Alto Networks	184.24.152.7		A.AVAKIAN		end	Trusted Zone		
12f4bb5a-95dd-4d30-9c88-7308463bb18d	Storage	0893a149-d439-48e7-885e-ebc35a496c07	Main	2025-12-07T09:51:11.057+03:00	TRAFFIC	PAN-OS	Palo Alto Networks	184.24.152.7		A.AVAKIAN		end	Trusted Zone		
12f4bb5a-95dd-4d30-9c88-7308463bb18d	Storage	0893a149-d439-48e7-885e-ebc35a496c07	Main	2025-12-07T09:51:11.058+03:00	TRAFFIC	PAN-OS	Palo Alto Networks	184.24.152.7		A.AVAKIAN		end	Trusted Zone		
12f4bb5a-95dd-4d30-9c88-7308463bb18d	Storage	0893a149-d439-48e7-885e-ebc35a496c07	Main	2025-12-07T09:51:11.058+03:00	TRAFFIC	PAN-OS	Palo Alto Networks	184.24.152.7		A.AVAKIAN		end	Trusted Zone		
12f4bb5a-95dd-4d30-9c88-7308463bb18d	Storage	0893a149-d439-48e7-885e-ebc35a496c07	Main	2025-12-07T09:51:11.058+03:00	TRAFFIC	PAN-OS	Palo Alto Networks	184.24.152.7		A.AVAKIAN		end	Trusted Zone		
12f4bb5a-95dd-4d30-9c88-7308463bb18d	Storage	0893a149-d439-48e7-885e-ebc35a496c07	Main	2025-12-07T09:51:11.058+03:00	TRAFFIC	PAN-OS	Palo Alto Networks	184.24.152.7		A.AVAKIAN		end	Trusted Zone		
12f4bb5a-95dd-4d30-9c88-7308463bb18d	Storage	0893a149-d439-48e7-885e-ebc35a496c07	Main	2025-12-07T09:51:11.058+03:00	TRAFFIC	PAN-OS	Palo Alto Networks	184.24.152.7		A.AVAKIAN		end	Trusted Zone		
12f4bb5a-95dd-4d30-9c88-7308463bb18d	Storage	0893a149-d439-48e7-885e-ebc35a496c07	Main	2025-12-07T09:51:11.059+03:00	TRAFFIC	PAN-OS	Palo Alto Networks	184.24.152.7		A.AVAKIAN		end	Trusted Zone		
12f4bb5a-95dd-4d30-9c88-7308463bb18d	Storage	0893a149-d439-48e7-885e-ebc35a496c07	Main	2025-12-07T09:51:11.059+03:00	TRAFFIC	PAN-OS	Palo Alto Networks	184.24.152.7		A.AVAKIAN		end	Trusted Zone		
12f4bb5a-95dd-4d30-9c88-7308463bb18d	Storage	0893a149-d439-48e7-885e-ebc35a496c07	Main	2025-12-07T09:51:11.059+03:00	TRAFFIC	PAN-OS	Palo Alto Networks	184.24.152.7		A.AVAKIAN		end	Trusted Zone		
12f4bb5a-95dd-4d30-9c88-7308463bb18d	Storage	0893a149-d439-48e7-885e-ebc35a496c07	Main	2025-12-07T09:51:11.059+03:00	TRAFFIC	PAN-OS	Palo Alto Networks	184.24.152.7		A.AVAKIAN		end	Trusted Zone		
12f4bb5a-95dd-4d30-9c88-7308463bb18d	Storage	0893a149-d439-48e7-885e-ebc35a496c07	Main	2025-12-07T09:51:11.059+03:00	TRAFFIC	PAN-OS	Palo Alto Networks	184.24.152.7		A.AVAKIAN		end	Trusted Zone		
12f4bb5a-95dd-4d30-9c88-7308463bb18d	Storage	0893a149-d439-48e7-885e-ebc35a496c07	Main	2025-12-07T09:51:11.059+03:00	TRAFFIC	PAN-OS	Palo Alto Networks	184.24.152.7		A.AVAKIAN		end	Trusted Zone		
12f4bb5a-95dd-4d30-9c88-7308463bb18d	Storage	0893a149-d439-48e7-885e-ebc35a496c07	Main	2025-12-07T09:51:12.190+03:00	A new process has been created.	Windows	Microsoft	10.50.101.5	a.avakian	tmtp-003672$	C:\\Windows\\System32\\svchost.exe	4688	C:\\Windows\\system32\\TSTheme.exe -Embedding	Command Line	Microsoft-Windows-Security-Auditing
12f4bb5a-95dd-4d30-9c88-7308463bb18d	Storage	0893a149-d439-48e7-885e-ebc35a496c07	Main	2025-12-07T09:51:12.190+03:00	A new process has been created.	Windows	Microsoft	10.50.101.5	a.avakian	tmtp-003672$	C:\\Program Files (x86)\\Kaspersky Lab\\KES.12.10.0\\avp.exe	4688	C:\\Program Files (x86)\\Kaspersky Lab\\KES.12.10.0\\avpui.exe -hidden	Command Line	Microsoft-Windows-Security-Auditing
12f4bb5a-95dd-4d30-9c88-7308463bb18d	Storage	0893a149-d439-48e7-885e-ebc35a496c07	Main	2025-12-07T09:51:12.190+03:00	An account was successfully logged on.	Windows	Microsoft	10.50.101.5	a.avakian	-	Kerberos	4624	-	Restricted admin mode	Microsoft-Windows-Security-Auditing
12f4bb5a-95dd-4d30-9c88-7308463bb18d	Storage	0893a149-d439-48e7-885e-ebc35a496c07	Main	2025-12-08T05:14:26.061+03:00	A new process has been created.	Windows	Microsoft	10.50.101.5	-	a.avakian	C:\\Program Files (x86)\\Citrix\\ICA Client\\SelfServicePlugin\\SelfServicePlugin.exe	4688	C:\\Program Files (x86)\\Citrix\\ICA Client\\SelfServicePlugin\\SelfService.exe -periodicpoll	Command Line	Microsoft-Windows-Security-Auditing
12f4bb5a-95dd-4d30-9c88-7308463bb18d	Storage	0893a149-d439-48e7-885e-ebc35a496c07	Main	2025-12-08T05:14:38.725+03:00	An account was logged off.	Windows	Microsoft	10.14.1.72	a.avakian			4634			Microsoft-Windows-Security-Auditing
12f4bb5a-95dd-4d30-9c88-7308463bb18d	Storage	0893a149-d439-48e7-885e-ebc35a496c07	Main	2025-12-08T05:17:13.815+03:00	Group membership information.	Windows	Microsoft	10.14.1.71	a.avakian	-		4627			Microsoft-Windows-Security-Auditing
12f4bb5a-95dd-4d30-9c88-7308463bb18d	Storage	0893a149-d439-48e7-885e-ebc35a496c07	Main	2025-12-08T05:17:13.815+03:00	An account was successfully logged on.	Windows	Microsoft	10.14.1.71	a.avakian	-	Kerberos	4624	-	Restricted admin mode	Microsoft-Windows-Security-Auditing
12f4bb5a-95dd-4d30-9c88-7308463bb18d	Storage	0893a149-d439-48e7-885e-ebc35a496c07	Main	2025-12-08T05:17:39.914+03:00	TRAFFIC	PAN-OS	Palo Alto Networks	130.193.49.131		A.AVAKIAN		end	Trusted Zone		
12f4bb5a-95dd-4d30-9c88-7308463bb18d	Storage	0893a149-d439-48e7-885e-ebc35a496c07	Main	2025-12-08T05:17:39.914+03:00	TRAFFIC	PAN-OS	Palo Alto Networks	130.193.48.123		A.AVAKIAN		end	Trusted Zone		
12f4bb5a-95dd-4d30-9c88-7308463bb18d	Storage	0893a149-d439-48e7-885e-ebc35a496c07	Main	2025-12-08T05:17:39.914+03:00	TRAFFIC	PAN-OS	Palo Alto Networks	130.193.48.123		A.AVAKIAN		end	Trusted Zone		
12f4bb5a-95dd-4d30-9c88-7308463bb18d	Storage	0893a149-d439-48e7-885e-ebc35a496c07	Main	2025-12-08T05:17:39.914+03:00	TRAFFIC	PAN-OS	Palo Alto Networks	130.193.49.131		A.AVAKIAN		end	Trusted Zone		
12f4bb5a-95dd-4d30-9c88-7308463bb18d	Storage	0893a149-d439-48e7-885e-ebc35a496c07	Main	2025-12-08T05:18:21.776+03:00	An account was logged off.	Windows	Microsoft	10.14.1.71	a.avakian			4634			Microsoft-Windows-Security-Auditing
12f4bb5a-95dd-4d30-9c88-7308463bb18d	Storage	0893a149-d439-48e7-885e-ebc35a496c07	Main	2025-12-08T05:19:48.912+03:00	An account was successfully logged on.	Windows	Microsoft	10.14.1.72	a.avakian	-	Kerberos	4624	-	Restricted admin mode	Microsoft-Windows-Security-Auditing
12f4bb5a-95dd-4d30-9c88-7308463bb18d	Storage	0893a149-d439-48e7-885e-ebc35a496c07	Main	2025-12-08T05:19:48.912+03:00	Group membership information.	Windows	Microsoft	10.14.1.72	a.avakian	-		4627			Microsoft-Windows-Security-Auditing
12f4bb5a-95dd-4d30-9c88-7308463bb18d	Storage	0893a149-d439-48e7-885e-ebc35a496c07	Main	2025-12-08T05:21:05.966+03:00	An account was successfully logged on.	Windows	Microsoft	10.14.1.71	a.avakian	-	Kerberos	4624	-	Restricted admin mode	Microsoft-Windows-Security-Auditing
12f4bb5a-95dd-4d30-9c88-7308463bb18d	Storage	0893a149-d439-48e7-885e-ebc35a496c07	Main	2025-12-08T05:21:05.966+03:00	Group membership information.	Windows	Microsoft	10.14.1.71	a.avakian	-		4627			Microsoft-Windows-Security-Auditing
12f4bb5a-95dd-4d30-9c88-7308463bb18d	Storage	0893a149-d439-48e7-885e-ebc35a496c07	Main	2025-12-08T05:21:16.968+03:00	An account was successfully logged on.	Windows	Microsoft	10.14.1.71	a.avakian	-	Kerberos	4624	-	Restricted admin mode	Microsoft-Windows-Security-Auditing
12f4bb5a-95dd-4d30-9c88-7308463bb18d	Storage	0893a149-d439-48e7-885e-ebc35a496c07	Main	2025-12-08T05:21:16.968+03:00	Group membership information.	Windows	Microsoft	10.14.1.71	a.avakian	-		4627			Microsoft-Windows-Security-Auditing
12f4bb5a-95dd-4d30-9c88-7308463bb18d	Storage	0893a149-d439-48e7-885e-ebc35a496c07	Main	2025-12-08T05:21:46.237+03:00	A new process has been created.	Windows	Microsoft	10.50.101.5	a.avakian	tmtp-003672$	C:\\Windows\\System32\\SearchIndexer.exe	4688	"C:\\Windows\\system32\\SearchProtocolHost.exe Global\\UsGthrFltPipeMssGthrPipe_S-1-5-21-2466243303-2766591412-4162608119-1096956_ Global\\UsGthrCtrlFltPipeMssGthrPipe_S-1-5-21-2466243303-2766591412-4162608119-1096956 1 -2147483646 ""Software\\Microsoft\\Windows Search"" ""Mozilla/4.0 (compatible; MSIE 6.0; Windows NT; MS Search 4.0 Robot)"" ""C:\\ProgramData\\Microsoft\\Search\\Data\\Temp\\usgthrsvc"" ""DownLevelDaemon""  ""1"""	Command Line	Microsoft-Windows-Security-Auditing
12f4bb5a-95dd-4d30-9c88-7308463bb18d	Storage	0893a149-d439-48e7-885e-ebc35a496c07	Main	2025-12-08T05:21:53.993+03:00	An account was logged off.	Windows	Microsoft	10.14.1.72	a.avakian			4634			Microsoft-Windows-Security-Auditing
12f4bb5a-95dd-4d30-9c88-7308463bb18d	Storage	0893a149-d439-48e7-885e-ebc35a496c07	Main	2025-12-08T05:23:03.913+03:00	TRAFFIC	PAN-OS	Palo Alto Networks	13.107.246.44		A.AVAKIAN		end	Trusted Zone		
12f4bb5a-95dd-4d30-9c88-7308463bb18d	Storage	0893a149-d439-48e7-885e-ebc35a496c07	Main	2025-12-08T05:23:11.104+03:00	An account was logged off.	Windows	Microsoft	10.14.1.71	a.avakian			4634			Microsoft-Windows-Security-Auditing
12f4bb5a-95dd-4d30-9c88-7308463bb18d	Storage	0893a149-d439-48e7-885e-ebc35a496c07	Main	2025-12-08T05:23:12.913+03:00	TRAFFIC	PAN-OS	Palo Alto Networks	20.190.147.11		A.AVAKIAN		end	Trusted Zone		
12f4bb5a-95dd-4d30-9c88-7308463bb18d	Storage	0893a149-d439-48e7-885e-ebc35a496c07	Main	2025-12-08T05:23:20.109+03:00	An account was logged off.	Windows	Microsoft	10.14.1.71	a.avakian			4634			Microsoft-Windows-Security-Auditing
12f4bb5a-95dd-4d30-9c88-7308463bb18d	Storage	0893a149-d439-48e7-885e-ebc35a496c07	Main	2025-12-08T05:25:52.325+03:00	A new process has been created.	Windows	Microsoft	10.50.101.5	a.avakian	tmtp-003672$	C:\\Windows\\System32\\svchost.exe	4688	C:\\Windows\\system32\\backgroundTaskHost.exe -ServerName:Global.DesktopSpotlight.AppXz2j21w56bgxkgsjhtn7zkjsepq96erz2.mca	Command Line	Microsoft-Windows-Security-Auditing
12f4bb5a-95dd-4d30-9c88-7308463bb18d	Storage	0893a149-d439-48e7-885e-ebc35a496c07	Main	2025-12-08T05:25:52.326+03:00	A new process has been created.	Windows	Microsoft	10.50.101.5	a.avakian	tmtp-003672$	C:\\Windows\\System32\\svchost.exe	4688	C:\\Windows\\System32\\RuntimeBroker.exe -Embedding	Command Line	Microsoft-Windows-Security-Auditing
12f4bb5a-95dd-4d30-9c88-7308463bb18d	Storage	0893a149-d439-48e7-885e-ebc35a496c07	Main	2025-12-08T05:27:42.427+03:00	TRAFFIC	PAN-OS	Palo Alto Networks	51.250.35.43		A.AVAKIAN		end	Trusted Zone		
12f4bb5a-95dd-4d30-9c88-7308463bb18d	Storage	0893a149-d439-48e7-885e-ebc35a496c07	Main	2025-12-08T05:27:42.427+03:00	TRAFFIC	PAN-OS	Palo Alto Networks	51.250.35.43		A.AVAKIAN		end	Trusted Zone		
12f4bb5a-95dd-4d30-9c88-7308463bb18d	Storage	0893a149-d439-48e7-885e-ebc35a496c07	Main	2025-12-08T05:27:42.427+03:00	TRAFFIC	PAN-OS	Palo Alto Networks	130.193.48.123		A.AVAKIAN		end	Trusted Zone		
12f4bb5a-95dd-4d30-9c88-7308463bb18d	Storage	0893a149-d439-48e7-885e-ebc35a496c07	Main	2025-12-08T05:27:42.427+03:00	TRAFFIC	PAN-OS	Palo Alto Networks	130.193.48.123		A.AVAKIAN		end	Trusted Zone		
12f4bb5a-95dd-4d30-9c88-7308463bb18d	Storage	0893a149-d439-48e7-885e-ebc35a496c07	Main	2025-12-08T05:28:12.379+03:00	A new process has been created.	Windows	Microsoft	10.50.101.5	a.avakian	tmtp-003672$	C:\\Windows\\System32\\svchost.exe	4688	C:\\Windows\\system32\\backgroundTaskHost.exe -ServerName:CortanaUI.AppX3bn25b6f886wmg6twh46972vprk9tnbf.mca	Command Line	Microsoft-Windows-Security-Auditing
12f4bb5a-95dd-4d30-9c88-7308463bb18d	Storage	0893a149-d439-48e7-885e-ebc35a496c07	Main	2025-12-08T05:28:48.349+03:00	Group membership information.	Windows	Microsoft	10.14.1.71	a.avakian	-		4627			Microsoft-Windows-Security-Auditing
12f4bb5a-95dd-4d30-9c88-7308463bb18d	Storage	0893a149-d439-48e7-885e-ebc35a496c07	Main	2025-12-08T05:28:48.349+03:00	An account was successfully logged on.	Windows	Microsoft	10.14.1.71	a.avakian	-	Kerberos	4624	-	Restricted admin mode	Microsoft-Windows-Security-Auditing
12f4bb5a-95dd-4d30-9c88-7308463bb18d	Storage	0893a149-d439-48e7-885e-ebc35a496c07	Main	2025-12-08T05:28:54.873+03:00	TRAFFIC	PAN-OS	Palo Alto Networks	79.133.168.26		A.AVAKIAN		end	Trusted Zone		
12f4bb5a-95dd-4d30-9c88-7308463bb18d	Storage	0893a149-d439-48e7-885e-ebc35a496c07	Main	2025-12-08T05:28:54.873+03:00	TRAFFIC	PAN-OS	Palo Alto Networks	79.133.169.102		A.AVAKIAN		end	Trusted Zone		
12f4bb5a-95dd-4d30-9c88-7308463bb18d	Storage	0893a149-d439-48e7-885e-ebc35a496c07	Main	2025-12-08T05:28:54.873+03:00	TRAFFIC	PAN-OS	Palo Alto Networks	79.133.169.102		A.AVAKIAN		end	Trusted Zone		
12f4bb5a-95dd-4d30-9c88-7308463bb18d	Storage	0893a149-d439-48e7-885e-ebc35a496c07	Main	2025-12-08T05:28:54.913+03:00	TRAFFIC	PAN-OS	Palo Alto Networks	79.133.168.21		A.AVAKIAN		end	Trusted Zone		
12f4bb5a-95dd-4d30-9c88-7308463bb18d	Storage	0893a149-d439-48e7-885e-ebc35a496c07	Main	2025-12-08T05:28:54.913+03:00	TRAFFIC	PAN-OS	Palo Alto Networks	79.133.168.26		A.AVAKIAN		end	Trusted Zone		
12f4bb5a-95dd-4d30-9c88-7308463bb18d	Storage	0893a149-d439-48e7-885e-ebc35a496c07	Main	2025-12-08T05:29:30.913+03:00	TRAFFIC	PAN-OS	Palo Alto Networks	184.51.252.29		A.AVAKIAN		end	Trusted Zone		
12f4bb5a-95dd-4d30-9c88-7308463bb18d	Storage	0893a149-d439-48e7-885e-ebc35a496c07	Main	2025-12-08T05:30:56.373+03:00	An account was logged off.	Windows	Microsoft	10.14.1.71	a.avakian			4634			Microsoft-Windows-Security-Auditing
12f4bb5a-95dd-4d30-9c88-7308463bb18d	Storage	0893a149-d439-48e7-885e-ebc35a496c07	Main	2025-12-08T05:36:06.913+03:00	TRAFFIC	PAN-OS	Palo Alto Networks	104.208.16.88		A.AVAKIAN		end	Trusted Zone		
12f4bb5a-95dd-4d30-9c88-7308463bb18d	Storage	0893a149-d439-48e7-885e-ebc35a496c07	Main	2025-12-08T05:37:21.626+03:00	Group membership information.	Windows	Microsoft	10.14.1.71	a.avakian	-		4627			Microsoft-Windows-Security-Auditing
12f4bb5a-95dd-4d30-9c88-7308463bb18d	Storage	0893a149-d439-48e7-885e-ebc35a496c07	Main	2025-12-08T05:37:21.626+03:00	An account was successfully logged on.	Windows	Microsoft	10.14.1.71	a.avakian	-	Kerberos	4624	-	Restricted admin mode	Microsoft-Windows-Security-Auditing
12f4bb5a-95dd-4d30-9c88-7308463bb18d	Storage	0893a149-d439-48e7-885e-ebc35a496c07	Main	2025-12-08T05:37:45.919+03:00	TRAFFIC	PAN-OS	Palo Alto Networks	130.193.48.123		A.AVAKIAN		end	Trusted Zone		
12f4bb5a-95dd-4d30-9c88-7308463bb18d	Storage	0893a149-d439-48e7-885e-ebc35a496c07	Main	2025-12-08T05:37:45.920+03:00	TRAFFIC	PAN-OS	Palo Alto Networks	130.193.48.123		A.AVAKIAN		end	Trusted Zone		
12f4bb5a-95dd-4d30-9c88-7308463bb18d	Storage	0893a149-d439-48e7-885e-ebc35a496c07	Main	2025-12-08T05:37:45.923+03:00	TRAFFIC	PAN-OS	Palo Alto Networks	51.250.35.43		A.AVAKIAN		end	Trusted Zone		
12f4bb5a-95dd-4d30-9c88-7308463bb18d	Storage	0893a149-d439-48e7-885e-ebc35a496c07	Main	2025-12-08T05:37:45.923+03:00	TRAFFIC	PAN-OS	Palo Alto Networks	51.250.35.43		A.AVAKIAN		end	Trusted Zone		
