ClusterID	ClusterName	TenantID	TenantName	Timestamp	Name	DeviceProduct	DeviceVendor	DestinationAddress	DestinationUserName	SourceUserName	SourceProcessName	DeviceEventClassID	DeviceCustomString4	DeviceCustomString4Label	DeviceEventCategory
12f4bb5a-95dd-4d30-9c88-7308463bb18d	Storage	0893a149-d439-48e7-885e-ebc35a496c07	Main	2025-12-01T00:00:29.103+03:00	An account was logged off.	Windows	Microsoft	10.14.1.71	a.avakian			4634			Microsoft-Windows-Security-Auditing
12f4bb5a-95dd-4d30-9c88-7308463bb18d	Storage	0893a149-d439-48e7-885e-ebc35a496c07	Main	2025-12-01T00:00:34.216+03:00	A new process has been created.	Windows	Microsoft	10.50.101.5	a.avakian	tmtp-003672$	C:\\Windows\\System32\\svchost.exe	4688	C:\\Windows\\system32\\backgroundTaskHost.exe -ServerName:Global.DesktopSpotlight.AppXz2j21w56bgxkgsjhtn7zkjsepq96erz2.mca	Command Line	Microsoft-Windows-Security-Auditing
12f4bb5a-95dd-4d30-9c88-7308463bb18d	Storage	0893a149-d439-48e7-885e-ebc35a496c07	Main	2025-12-01T00:00:34.216+03:00	A new process has been created.	Windows	Microsoft	10.50.101.5	a.avakian	tmtp-003672$	C:\\Windows\\System32\\svchost.exe	4688	C:\\Windows\\System32\\RuntimeBroker.exe -Embedding	Command Line	Microsoft-Windows-Security-Auditing
12f4bb5a-95dd-4d30-9c88-7308463bb18d	Storage	0893a149-d439-48e7-885e-ebc35a496c07	Main	2025-12-01T00:00:46.136+03:00	An account was logged off.	Windows	Microsoft	10.14.1.71	a.avakian			4634			Microsoft-Windows-Security-Auditing
12f4bb5a-95dd-4d30-9c88-7308463bb18d	Storage	0893a149-d439-48e7-885e-ebc35a496c07	Main	2025-12-01T00:00:55.121+03:00	Group membership information.	Windows	Microsoft	10.14.1.71	a.avakian	-		4627			Microsoft-Windows-Security-Auditing
12f4bb5a-95dd-4d30-9c88-7308463bb18d	Storage	0893a149-d439-48e7-885e-ebc35a496c07	Main	2025-12-01T00:00:55.122+03:00	An account was successfully logged on.	Windows	Microsoft	10.14.1.71	a.avakian	-	Kerberos	4624	-	Restricted admin mode	Microsoft-Windows-Security-Auditing
12f4bb5a-95dd-4d30-9c88-7308463bb18d	Storage	0893a149-d439-48e7-885e-ebc35a496c07	Main	2025-12-01T00:02:34.260+03:00	A new process has been created.	Windows	Microsoft	10.50.101.5	a.avakian	tmtp-003672$	C:\\Windows\\System32\\svchost.exe	4688	C:\\Users\\A.Avakian\\AppData\\Local\\Microsoft\\OneDrive\\25.209.1026.0002\\FileCoAuth.exe -Embedding	Command Line	Microsoft-Windows-Security-Auditing
12f4bb5a-95dd-4d30-9c88-7308463bb18d	Storage	0893a149-d439-48e7-885e-ebc35a496c07	Main	2025-12-01T00:03:00.074+03:00	TRAFFIC	PAN-OS	Palo Alto Networks	158.160.193.161		A.AVAKIAN		end	Trusted Zone		
12f4bb5a-95dd-4d30-9c88-7308463bb18d	Storage	0893a149-d439-48e7-885e-ebc35a496c07	Main	2025-12-01T00:03:00.074+03:00	TRAFFIC	PAN-OS	Palo Alto Networks	158.160.193.161		A.AVAKIAN		end	Trusted Zone		
12f4bb5a-95dd-4d30-9c88-7308463bb18d	Storage	0893a149-d439-48e7-885e-ebc35a496c07	Main	2025-12-01T00:03:00.074+03:00	TRAFFIC	PAN-OS	Palo Alto Networks	130.193.50.30		A.AVAKIAN		end	Trusted Zone		
12f4bb5a-95dd-4d30-9c88-7308463bb18d	Storage	0893a149-d439-48e7-885e-ebc35a496c07	Main	2025-12-01T00:03:00.075+03:00	TRAFFIC	PAN-OS	Palo Alto Networks	130.193.50.30		A.AVAKIAN		end	Trusted Zone		
12f4bb5a-95dd-4d30-9c88-7308463bb18d	Storage	0893a149-d439-48e7-885e-ebc35a496c07	Main	2025-12-01T00:03:18.074+03:00	TRAFFIC	PAN-OS	Palo Alto Networks	40.126.53.15		A.AVAKIAN		end	Trusted Zone		
12f4bb5a-95dd-4d30-9c88-7308463bb18d	Storage	0893a149-d439-48e7-885e-ebc35a496c07	Main	2025-12-01T00:03:18.074+03:00	TRAFFIC	PAN-OS	Palo Alto Networks	40.126.53.9		A.AVAKIAN		end	Trusted Zone		
12f4bb5a-95dd-4d30-9c88-7308463bb18d	Storage	0893a149-d439-48e7-885e-ebc35a496c07	Main	2025-12-01T00:03:18.075+03:00	TRAFFIC	PAN-OS	Palo Alto Networks	52.138.229.66		A.AVAKIAN		end	Trusted Zone		
12f4bb5a-95dd-4d30-9c88-7308463bb18d	Storage	0893a149-d439-48e7-885e-ebc35a496c07	Main	2025-12-01T00:03:18.075+03:00	TRAFFIC	PAN-OS	Palo Alto Networks	52.138.229.66		A.AVAKIAN		end	Trusted Zone		
12f4bb5a-95dd-4d30-9c88-7308463bb18d	Storage	0893a149-d439-48e7-885e-ebc35a496c07	Main	2025-12-01T00:03:18.076+03:00	TRAFFIC	PAN-OS	Palo Alto Networks	20.44.239.154		A.AVAKIAN		end	Trusted Zone		
12f4bb5a-95dd-4d30-9c88-7308463bb18d	Storage	0893a149-d439-48e7-885e-ebc35a496c07	Main	2025-12-01T00:03:30.232+03:00	A new process has been created.	Windows	Microsoft	10.50.101.5	a.avakian	tmtp-003672$	C:\\Windows\\System32\\svchost.exe	4688	C:\\Windows\\System32\\RuntimeBroker.exe -Embedding	Command Line	Microsoft-Windows-Security-Auditing
12f4bb5a-95dd-4d30-9c88-7308463bb18d	Storage	0893a149-d439-48e7-885e-ebc35a496c07	Main	2025-12-01T00:03:30.232+03:00	A new process has been created.	Windows	Microsoft	10.50.101.5	a.avakian	tmtp-003672$	C:\\Windows\\System32\\svchost.exe	4688	C:\\Windows\\system32\\BackgroundTaskHost.exe -ServerName:BackgroundTaskHost.WebAccountProvider	Command Line	Microsoft-Windows-Security-Auditing
12f4bb5a-95dd-4d30-9c88-7308463bb18d	Storage	0893a149-d439-48e7-885e-ebc35a496c07	Main	2025-12-02T19:58:59.952+03:00	An account was successfully logged on.	Windows	Microsoft	10.14.1.72	a.avakian	-	Kerberos	4624	-	Restricted admin mode	Microsoft-Windows-Security-Auditing
12f4bb5a-95dd-4d30-9c88-7308463bb18d	Storage	0893a149-d439-48e7-885e-ebc35a496c07	Main	2025-12-02T19:58:59.953+03:00	Group membership information.	Windows	Microsoft	10.14.1.72	a.avakian	-		4627			Microsoft-Windows-Security-Auditing
12f4bb5a-95dd-4d30-9c88-7308463bb18d	Storage	0893a149-d439-48e7-885e-ebc35a496c07	Main	2025-12-02T19:58:59.960+03:00	An account was successfully logged on.	Windows	Microsoft	10.14.1.72	a.avakian	-	Kerberos	4624	-	Restricted admin mode	Microsoft-Windows-Security-Auditing
12f4bb5a-95dd-4d30-9c88-7308463bb18d	Storage	0893a149-d439-48e7-885e-ebc35a496c07	Main	2025-12-02T19:58:59.960+03:00	Group membership information.	Windows	Microsoft	10.14.1.72	a.avakian	-		4627			Microsoft-Windows-Security-Auditing
12f4bb5a-95dd-4d30-9c88-7308463bb18d	Storage	0893a149-d439-48e7-885e-ebc35a496c07	Main	2025-12-02T19:59:11.253+03:00				10.14.1.72		UCLH\\A.Avakian					
12f4bb5a-95dd-4d30-9c88-7308463bb18d	Storage	0893a149-d439-48e7-885e-ebc35a496c07	Main	2025-12-02T19:59:11.254+03:00				10.14.1.72		UCLH\\A.Avakian					
12f4bb5a-95dd-4d30-9c88-7308463bb18d	Storage	0893a149-d439-48e7-885e-ebc35a496c07	Main	2025-12-02T19:59:11.255+03:00				10.14.1.72		UCLH\\A.Avakian					
12f4bb5a-95dd-4d30-9c88-7308463bb18d	Storage	0893a149-d439-48e7-885e-ebc35a496c07	Main	2025-12-02T19:59:17.258+03:00				10.10.7.21		uclh%5Ca.avakian%40uclh.ru			Outlook-iOS-Android/1.0	User-Agent	
12f4bb5a-95dd-4d30-9c88-7308463bb18d	Storage	0893a149-d439-48e7-885e-ebc35a496c07	Main	2025-12-02T19:59:17.259+03:00				10.10.7.21		uclh%5Ca.avakian%40uclh.ru			Outlook-iOS-Android/1.0	User-Agent	
12f4bb5a-95dd-4d30-9c88-7308463bb18d	Storage	0893a149-d439-48e7-885e-ebc35a496c07	Main	2025-12-02T19:59:17.259+03:00				10.10.7.21		uclh%5Ca.avakian%40uclh.ru			Outlook-iOS-Android/1.0	User-Agent	
12f4bb5a-95dd-4d30-9c88-7308463bb18d	Storage	0893a149-d439-48e7-885e-ebc35a496c07	Main	2025-12-02T19:59:17.263+03:00				10.10.7.21		a.avakian%40uclh.ru			Android/12-EAS-2.0	User-Agent	
12f4bb5a-95dd-4d30-9c88-7308463bb18d	Storage	0893a149-d439-48e7-885e-ebc35a496c07	Main	2025-12-02T19:59:17.264+03:00				10.10.7.21		uclh%5Ca.avakian%40uclh.ru			Outlook-iOS-Android/1.0	User-Agent	
12f4bb5a-95dd-4d30-9c88-7308463bb18d	Storage	0893a149-d439-48e7-885e-ebc35a496c07	Main	2025-12-02T19:59:32.026+03:00	An account was successfully logged on.	Windows	Microsoft	10.14.1.71	a.avakian	-	Kerberos	4624	-	Restricted admin mode	Microsoft-Windows-Security-Auditing
12f4bb5a-95dd-4d30-9c88-7308463bb18d	Storage	0893a149-d439-48e7-885e-ebc35a496c07	Main	2025-12-02T19:59:32.027+03:00	Group membership information.	Windows	Microsoft	10.14.1.71	a.avakian	-		4627			Microsoft-Windows-Security-Auditing
12f4bb5a-95dd-4d30-9c88-7308463bb18d	Storage	0893a149-d439-48e7-885e-ebc35a496c07	Main	2025-12-02T19:59:41.092+03:00	An account was logged off.	Windows	Microsoft	10.14.1.71	a.avakian			4634			Microsoft-Windows-Security-Auditing
12f4bb5a-95dd-4d30-9c88-7308463bb18d	Storage	0893a149-d439-48e7-885e-ebc35a496c07	Main	2025-12-02T20:00:31.000+03:00	An account was successfully logged on.	Windows	Microsoft	10.14.1.71	a.avakian	-	Kerberos	4624	-	Restricted admin mode	Microsoft-Windows-Security-Auditing
12f4bb5a-95dd-4d30-9c88-7308463bb18d	Storage	0893a149-d439-48e7-885e-ebc35a496c07	Main	2025-12-02T20:00:31.001+03:00	Group membership information.	Windows	Microsoft	10.14.1.71	a.avakian	-		4627			Microsoft-Windows-Security-Auditing
12f4bb5a-95dd-4d30-9c88-7308463bb18d	Storage	0893a149-d439-48e7-885e-ebc35a496c07	Main	2025-12-02T20:00:32.996+03:00	An account was logged off.	Windows	Microsoft	10.14.1.72	a.avakian			4634			Microsoft-Windows-Security-Auditing
12f4bb5a-95dd-4d30-9c88-7308463bb18d	Storage	0893a149-d439-48e7-885e-ebc35a496c07	Main	2025-12-02T20:00:45.875+03:00	A new process has been created.	Windows	Microsoft	10.50.101.5	a.avakian	tmtp-003672$	C:\\Windows\\System32\\svchost.exe	4688	C:\\Windows\\system32\\backgroundTaskHost.exe -ServerName:Global.DesktopSpotlight.AppXz2j21w56bgxkgsjhtn7zkjsepq96erz2.mca	Command Line	Microsoft-Windows-Security-Auditing
12f4bb5a-95dd-4d30-9c88-7308463bb18d	Storage	0893a149-d439-48e7-885e-ebc35a496c07	Main	2025-12-02T20:00:45.877+03:00	A new process has been created.	Windows	Microsoft	10.50.101.5	a.avakian	tmtp-003672$	C:\\Windows\\System32\\svchost.exe	4688	C:\\Windows\\System32\\RuntimeBroker.exe -Embedding	Command Line	Microsoft-Windows-Security-Auditing
12f4bb5a-95dd-4d30-9c88-7308463bb18d	Storage	0893a149-d439-48e7-885e-ebc35a496c07	Main	2025-12-02T20:01:01.009+03:00	An account was logged off.	Windows	Microsoft	10.14.1.72	a.avakian			4634			Microsoft-Windows-Security-Auditing
12f4bb5a-95dd-4d30-9c88-7308463bb18d	Storage	0893a149-d439-48e7-885e-ebc35a496c07	Main	2025-12-02T20:01:38.061+03:00	An account was logged off.	Windows	Microsoft	10.14.1.71	a.avakian			4634			Microsoft-Windows-Security-Auditing
12f4bb5a-95dd-4d30-9c88-7308463bb18d	Storage	0893a149-d439-48e7-885e-ebc35a496c07	Main	2025-12-02T20:01:39.046+03:00	An account was logged off.	Windows	Microsoft	10.14.1.71	a.avakian			4634			Microsoft-Windows-Security-Auditing
12f4bb5a-95dd-4d30-9c88-7308463bb18d	Storage	0893a149-d439-48e7-885e-ebc35a496c07	Main	2025-12-02T20:01:47.037+03:00	Group membership information.	Windows	Microsoft	10.14.1.72	a.avakian	-		4627			Microsoft-Windows-Security-Auditing
12f4bb5a-95dd-4d30-9c88-7308463bb18d	Storage	0893a149-d439-48e7-885e-ebc35a496c07	Main	2025-12-02T20:01:47.037+03:00	An account was successfully logged on.	Windows	Microsoft	10.14.1.72	a.avakian	-	Kerberos	4624	-	Restricted admin mode	Microsoft-Windows-Security-Auditing
12f4bb5a-95dd-4d30-9c88-7308463bb18d	Storage	0893a149-d439-48e7-885e-ebc35a496c07	Main	2025-12-02T20:02:49.929+03:00	A new process has been created.	Windows	Microsoft	10.50.101.5	a.avakian	tmtp-003672$	C:\\Windows\\System32\\svchost.exe	4688	C:\\Users\\A.Avakian\\AppData\\Local\\Microsoft\\OneDrive\\25.209.1026.0002\\FileCoAuth.exe -Embedding	Command Line	Microsoft-Windows-Security-Auditing
12f4bb5a-95dd-4d30-9c88-7308463bb18d	Storage	0893a149-d439-48e7-885e-ebc35a496c07	Main	2025-12-02T20:02:49.929+03:00	A new process has been created.	Windows	Microsoft	10.50.101.5	a.avakian	tmtp-003672$	C:\\Windows\\System32\\svchost.exe	4688	C:\\Users\\A.Avakian\\AppData\\Local\\Microsoft\\OneDrive\\25.209.1026.0002\\FileCoAuth.exe -Embedding	Command Line	Microsoft-Windows-Security-Auditing
12f4bb5a-95dd-4d30-9c88-7308463bb18d	Storage	0893a149-d439-48e7-885e-ebc35a496c07	Main	2025-12-02T20:03:47.946+03:00	A new process has been created.	Windows	Microsoft	10.50.101.5	a.avakian	tmtp-003672$	C:\\Windows\\System32\\svchost.exe	4688	C:\\Windows\\system32\\BackgroundTaskHost.exe -ServerName:BackgroundTaskHost.WebAccountProvider	Command Line	Microsoft-Windows-Security-Auditing
12f4bb5a-95dd-4d30-9c88-7308463bb18d	Storage	0893a149-d439-48e7-885e-ebc35a496c07	Main	2025-12-02T20:03:47.946+03:00	A new process has been created.	Windows	Microsoft	10.50.101.5	a.avakian	tmtp-003672$	C:\\Windows\\System32\\svchost.exe	4688	C:\\Windows\\System32\\RuntimeBroker.exe -Embedding	Command Line	Microsoft-Windows-Security-Auditing
12f4bb5a-95dd-4d30-9c88-7308463bb18d	Storage	0893a149-d439-48e7-885e-ebc35a496c07	Main	2025-12-02T20:03:50.159+03:00	An account was logged off.	Windows	Microsoft	10.14.1.72	a.avakian			4634			Microsoft-Windows-Security-Auditing
12f4bb5a-95dd-4d30-9c88-7308463bb18d	Storage	0893a149-d439-48e7-885e-ebc35a496c07	Main	2025-12-02T20:06:56.295+03:00	An account was successfully logged on.	Windows	Microsoft	10.14.1.71	a.avakian	-	Kerberos	4624	-	Restricted admin mode	Microsoft-Windows-Security-Auditing
12f4bb5a-95dd-4d30-9c88-7308463bb18d	Storage	0893a149-d439-48e7-885e-ebc35a496c07	Main	2025-12-02T20:06:56.295+03:00	Group membership information.	Windows	Microsoft	10.14.1.71	a.avakian	-		4627			Microsoft-Windows-Security-Auditing
12f4bb5a-95dd-4d30-9c88-7308463bb18d	Storage	0893a149-d439-48e7-885e-ebc35a496c07	Main	2025-12-02T20:07:38.347+03:00	An account was successfully logged on.	Windows	Microsoft	10.14.1.72	a.avakian	-	Kerberos	4624	-	Restricted admin mode	Microsoft-Windows-Security-Auditing
12f4bb5a-95dd-4d30-9c88-7308463bb18d	Storage	0893a149-d439-48e7-885e-ebc35a496c07	Main	2025-12-02T20:07:38.347+03:00	An account was successfully logged on.	Windows	Microsoft	10.14.1.72	a.avakian	-	Kerberos	4624	-	Restricted admin mode	Microsoft-Windows-Security-Auditing
12f4bb5a-95dd-4d30-9c88-7308463bb18d	Storage	0893a149-d439-48e7-885e-ebc35a496c07	Main	2025-12-02T20:07:38.347+03:00	Group membership information.	Windows	Microsoft	10.14.1.72	a.avakian	-		4627			Microsoft-Windows-Security-Auditing
12f4bb5a-95dd-4d30-9c88-7308463bb18d	Storage	0893a149-d439-48e7-885e-ebc35a496c07	Main	2025-12-02T20:07:38.347+03:00	Group membership information.	Windows	Microsoft	10.14.1.72	a.avakian	-		4627			Microsoft-Windows-Security-Auditing
12f4bb5a-95dd-4d30-9c88-7308463bb18d	Storage	0893a149-d439-48e7-885e-ebc35a496c07	Main	2025-12-02T20:08:02.052+03:00	A new process has been created.	Windows	Microsoft	10.50.101.5	a.avakian	tmtp-003672$	C:\\Windows\\System32\\svchost.exe	4688	C:\\Windows\\system32\\DllHost.exe /Processid:{AB8902B4-09CA-4BB6-B78D-A8F59079A8D5}	Command Line	Microsoft-Windows-Security-Auditing
12f4bb5a-95dd-4d30-9c88-7308463bb18d	Storage	0893a149-d439-48e7-885e-ebc35a496c07	Main	2025-12-02T20:08:50.396+03:00	An account was logged off.	Windows	Microsoft	10.14.1.71	a.avakian			4634			Microsoft-Windows-Security-Auditing
12f4bb5a-95dd-4d30-9c88-7308463bb18d	Storage	0893a149-d439-48e7-885e-ebc35a496c07	Main	2025-12-02T20:09:19.992+03:00				10.10.7.21		uclh%5Ca.avakian%40uclh.ru			Outlook-iOS-Android/1.0	User-Agent	
12f4bb5a-95dd-4d30-9c88-7308463bb18d	Storage	0893a149-d439-48e7-885e-ebc35a496c07	Main	2025-12-02T20:09:24.449+03:00	Group membership information.	Windows	Microsoft	10.14.1.72	a.avakian	-		4627			Microsoft-Windows-Security-Auditing
12f4bb5a-95dd-4d30-9c88-7308463bb18d	Storage	0893a149-d439-48e7-885e-ebc35a496c07	Main	2025-12-02T20:09:24.449+03:00	An account was successfully logged on.	Windows	Microsoft	10.14.1.72	a.avakian	-	Kerberos	4624	-	Restricted admin mode	Microsoft-Windows-Security-Auditing
12f4bb5a-95dd-4d30-9c88-7308463bb18d	Storage	0893a149-d439-48e7-885e-ebc35a496c07	Main	2025-12-02T20:09:24.451+03:00	An account was successfully logged on.	Windows	Microsoft	10.14.1.71	a.avakian	-	Kerberos	4624	-	Restricted admin mode	Microsoft-Windows-Security-Auditing
12f4bb5a-95dd-4d30-9c88-7308463bb18d	Storage	0893a149-d439-48e7-885e-ebc35a496c07	Main	2025-12-02T20:09:24.451+03:00	Group membership information.	Windows	Microsoft	10.14.1.71	a.avakian	-		4627			Microsoft-Windows-Security-Auditing
12f4bb5a-95dd-4d30-9c88-7308463bb18d	Storage	0893a149-d439-48e7-885e-ebc35a496c07	Main	2025-12-02T20:09:24.453+03:00	An account was logged off.	Windows	Microsoft	10.14.1.72	a.avakian			4634			Microsoft-Windows-Security-Auditing
12f4bb5a-95dd-4d30-9c88-7308463bb18d	Storage	0893a149-d439-48e7-885e-ebc35a496c07	Main	2025-12-02T20:09:40.494+03:00	An account was logged off.	Windows	Microsoft	10.14.1.72	a.avakian			4634			Microsoft-Windows-Security-Auditing
12f4bb5a-95dd-4d30-9c88-7308463bb18d	Storage	0893a149-d439-48e7-885e-ebc35a496c07	Main	2025-12-02T20:09:40.494+03:00	An account was logged off.	Windows	Microsoft	10.14.1.72	a.avakian			4634			Microsoft-Windows-Security-Auditing
12f4bb5a-95dd-4d30-9c88-7308463bb18d	Storage	0893a149-d439-48e7-885e-ebc35a496c07	Main	2025-12-02T20:09:56.462+03:00	An account was logged off.	Windows	Microsoft	10.14.1.71	a.avakian			4634			Microsoft-Windows-Security-Auditing
12f4bb5a-95dd-4d30-9c88-7308463bb18d	Storage	0893a149-d439-48e7-885e-ebc35a496c07	Main	2025-12-02T20:09:57.523+03:00	Group membership information.	Windows	Microsoft	10.14.1.71	a.avakian	-		4627			Microsoft-Windows-Security-Auditing
12f4bb5a-95dd-4d30-9c88-7308463bb18d	Storage	0893a149-d439-48e7-885e-ebc35a496c07	Main	2025-12-02T20:09:57.523+03:00	An account was successfully logged on.	Windows	Microsoft	10.14.1.71	a.avakian	-	Kerberos	4624	-	Restricted admin mode	Microsoft-Windows-Security-Auditing
12f4bb5a-95dd-4d30-9c88-7308463bb18d	Storage	0893a149-d439-48e7-885e-ebc35a496c07	Main	2025-12-02T20:10:46.534+03:00	An account was logged off.	Windows	Microsoft	10.14.1.71	a.avakian			4634			Microsoft-Windows-Security-Auditing
12f4bb5a-95dd-4d30-9c88-7308463bb18d	Storage	0893a149-d439-48e7-885e-ebc35a496c07	Main	2025-12-02T20:12:01.700+03:00	An account was successfully logged on.	Windows	Microsoft	10.14.1.72	a.avakian	-	Kerberos	4624	-	Restricted admin mode	Microsoft-Windows-Security-Auditing
12f4bb5a-95dd-4d30-9c88-7308463bb18d	Storage	0893a149-d439-48e7-885e-ebc35a496c07	Main	2025-12-02T20:12:01.700+03:00	Group membership information.	Windows	Microsoft	10.14.1.72	a.avakian	-		4627			Microsoft-Windows-Security-Auditing
12f4bb5a-95dd-4d30-9c88-7308463bb18d	Storage	0893a149-d439-48e7-885e-ebc35a496c07	Main	2025-12-02T20:12:50.165+03:00	A new process has been created.	Windows	Microsoft	10.50.101.5	a.avakian	tmtp-003672$	C:\\Windows\\System32\\svchost.exe	4688	C:\\Users\\A.Avakian\\AppData\\Local\\Microsoft\\OneDrive\\25.209.1026.0002\\FileCoAuth.exe -Embedding	Command Line	Microsoft-Windows-Security-Auditing
12f4bb5a-95dd-4d30-9c88-7308463bb18d	Storage	0893a149-d439-48e7-885e-ebc35a496c07	Main	2025-12-02T20:13:01.722+03:00	An account was successfully logged on.	Windows	Microsoft	10.14.1.72	a.avakian	-	Kerberos	4624	-	Restricted admin mode	Microsoft-Windows-Security-Auditing
12f4bb5a-95dd-4d30-9c88-7308463bb18d	Storage	0893a149-d439-48e7-885e-ebc35a496c07	Main	2025-12-02T20:13:01.722+03:00	Group membership information.	Windows	Microsoft	10.14.1.72	a.avakian	-		4627			Microsoft-Windows-Security-Auditing
12f4bb5a-95dd-4d30-9c88-7308463bb18d	Storage	0893a149-d439-48e7-885e-ebc35a496c07	Main	2025-12-02T20:13:07.604+03:00	An account was logged off.	Windows	Microsoft	10.14.1.72	a.avakian			4634			Microsoft-Windows-Security-Auditing
12f4bb5a-95dd-4d30-9c88-7308463bb18d	Storage	0893a149-d439-48e7-885e-ebc35a496c07	Main	2025-12-02T20:13:52.639+03:00	An account was successfully logged on.	Windows	Microsoft	10.14.1.71	a.avakian	-	Kerberos	4624	-	Restricted admin mode	Microsoft-Windows-Security-Auditing
12f4bb5a-95dd-4d30-9c88-7308463bb18d	Storage	0893a149-d439-48e7-885e-ebc35a496c07	Main	2025-12-02T20:13:52.639+03:00	Group membership information.	Windows	Microsoft	10.14.1.71	a.avakian	-		4627			Microsoft-Windows-Security-Auditing
12f4bb5a-95dd-4d30-9c88-7308463bb18d	Storage	0893a149-d439-48e7-885e-ebc35a496c07	Main	2025-12-03T08:14:14.505+03:00	An account was logged off.	Windows	Microsoft	10.14.1.72	a.avakian			4634			Microsoft-Windows-Security-Auditing
12f4bb5a-95dd-4d30-9c88-7308463bb18d	Storage	0893a149-d439-48e7-885e-ebc35a496c07	Main	2025-12-03T08:14:19.493+03:00				10.10.7.21		uclh%5Ca.avakian%40uclh.ru			Outlook-iOS-Android/1.0	User-Agent	
12f4bb5a-95dd-4d30-9c88-7308463bb18d	Storage	0893a149-d439-48e7-885e-ebc35a496c07	Main	2025-12-03T08:14:19.493+03:00				10.10.7.21		uclh%5Ca.avakian%40uclh.ru			Outlook-iOS-Android/1.0	User-Agent	
12f4bb5a-95dd-4d30-9c88-7308463bb18d	Storage	0893a149-d439-48e7-885e-ebc35a496c07	Main	2025-12-03T08:14:19.493+03:00				10.10.7.21		uclh%5Ca.avakian%40uclh.ru			Outlook-iOS-Android/1.0	User-Agent	
12f4bb5a-95dd-4d30-9c88-7308463bb18d	Storage	0893a149-d439-48e7-885e-ebc35a496c07	Main	2025-12-03T08:14:19.493+03:00				10.10.7.21		uclh%5Ca.avakian%40uclh.ru			Outlook-iOS-Android/1.0	User-Agent	
12f4bb5a-95dd-4d30-9c88-7308463bb18d	Storage	0893a149-d439-48e7-885e-ebc35a496c07	Main	2025-12-03T08:14:38.504+03:00	An account was logged off.	Windows	Microsoft	10.14.1.71	a.avakian			4634			Microsoft-Windows-Security-Auditing
12f4bb5a-95dd-4d30-9c88-7308463bb18d	Storage	0893a149-d439-48e7-885e-ebc35a496c07	Main	2025-12-03T08:14:58.533+03:00	A new process has been created.	Windows	Microsoft	10.50.101.5	a.avakian	tmtp-003672$	C:\\Windows\\System32\\svchost.exe	4688	C:\\Windows\\system32\\backgroundTaskHost.exe -ServerName:App.AppXxw3e32mpkfkfbh0tznpwwqfw96t0tfx6.mca	Command Line	Microsoft-Windows-Security-Auditing
12f4bb5a-95dd-4d30-9c88-7308463bb18d	Storage	0893a149-d439-48e7-885e-ebc35a496c07	Main	2025-12-03T08:14:58.533+03:00	A new process has been created.	Windows	Microsoft	10.50.101.5	a.avakian	tmtp-003672$	C:\\Windows\\System32\\svchost.exe	4688	C:\\Windows\\SysWOW64\\DllHost.exe /Processid:{776DBC8D-7347-478C-8D71-791E12EF49D8}	Command Line	Microsoft-Windows-Security-Auditing
12f4bb5a-95dd-4d30-9c88-7308463bb18d	Storage	0893a149-d439-48e7-885e-ebc35a496c07	Main	2025-12-03T08:14:58.533+03:00	A new process has been created.	Windows	Microsoft	10.50.101.5	a.avakian	tmtp-003672$	C:\\Windows\\System32\\svchost.exe	4688	C:\\Windows\\SysWOW64\\DllHost.exe /Processid:{776DBC8D-7347-478C-8D71-791E12EF49D8}	Command Line	Microsoft-Windows-Security-Auditing
12f4bb5a-95dd-4d30-9c88-7308463bb18d	Storage	0893a149-d439-48e7-885e-ebc35a496c07	Main	2025-12-03T08:15:48.547+03:00	A new process has been created.	Windows	Microsoft	10.50.101.5	a.avakian	tmtp-003672$	C:\\Windows\\System32\\svchost.exe	4688	C:\\Windows\\system32\\BackgroundTaskHost.exe -ServerName:BackgroundTaskHost.WebAccountProvider	Command Line	Microsoft-Windows-Security-Auditing
12f4bb5a-95dd-4d30-9c88-7308463bb18d	Storage	0893a149-d439-48e7-885e-ebc35a496c07	Main	2025-12-03T08:15:48.547+03:00	A new process has been created.	Windows	Microsoft	10.50.101.5	a.avakian	tmtp-003672$	C:\\Windows\\System32\\svchost.exe	4688	C:\\Windows\\system32\\backgroundTaskHost.exe -ServerName:Global.DesktopSpotlight.AppXz2j21w56bgxkgsjhtn7zkjsepq96erz2.mca	Command Line	Microsoft-Windows-Security-Auditing
12f4bb5a-95dd-4d30-9c88-7308463bb18d	Storage	0893a149-d439-48e7-885e-ebc35a496c07	Main	2025-12-03T08:15:48.547+03:00	A new process has been created.	Windows	Microsoft	10.50.101.5	a.avakian	tmtp-003672$	C:\\Windows\\System32\\svchost.exe	4688	C:\\Windows\\System32\\RuntimeBroker.exe -Embedding	Command Line	Microsoft-Windows-Security-Auditing
12f4bb5a-95dd-4d30-9c88-7308463bb18d	Storage	0893a149-d439-48e7-885e-ebc35a496c07	Main	2025-12-03T08:15:48.547+03:00	A new process has been created.	Windows	Microsoft	10.50.101.5	a.avakian	tmtp-003672$	C:\\Windows\\System32\\svchost.exe	4688	C:\\Windows\\system32\\BackgroundTaskHost.exe -ServerName:BackgroundTaskHost.WebAccountProvider	Command Line	Microsoft-Windows-Security-Auditing
12f4bb5a-95dd-4d30-9c88-7308463bb18d	Storage	0893a149-d439-48e7-885e-ebc35a496c07	Main	2025-12-03T08:15:48.547+03:00	A new process has been created.	Windows	Microsoft	10.50.101.5	a.avakian	tmtp-003672$	C:\\Windows\\System32\\svchost.exe	4688	C:\\Windows\\System32\\RuntimeBroker.exe -Embedding	Command Line	Microsoft-Windows-Security-Auditing
12f4bb5a-95dd-4d30-9c88-7308463bb18d	Storage	0893a149-d439-48e7-885e-ebc35a496c07	Main	2025-12-03T08:16:38.604+03:00	An account was successfully logged on.	Windows	Microsoft	10.14.1.72	a.avakian	-	Kerberos	4624	-	Restricted admin mode	Microsoft-Windows-Security-Auditing
12f4bb5a-95dd-4d30-9c88-7308463bb18d	Storage	0893a149-d439-48e7-885e-ebc35a496c07	Main	2025-12-03T08:16:38.605+03:00	Group membership information.	Windows	Microsoft	10.14.1.72	a.avakian	-		4627			Microsoft-Windows-Security-Auditing
12f4bb5a-95dd-4d30-9c88-7308463bb18d	Storage	0893a149-d439-48e7-885e-ebc35a496c07	Main	2025-12-03T08:16:38.607+03:00	An account was logged off.	Windows	Microsoft	10.14.1.72	a.avakian			4634			Microsoft-Windows-Security-Auditing
12f4bb5a-95dd-4d30-9c88-7308463bb18d	Storage	0893a149-d439-48e7-885e-ebc35a496c07	Main	2025-12-03T08:16:49.601+03:00	An account was successfully logged on.	Windows	Microsoft	10.14.1.71	a.avakian	-	Kerberos	4624	-	Restricted admin mode	Microsoft-Windows-Security-Auditing
12f4bb5a-95dd-4d30-9c88-7308463bb18d	Storage	0893a149-d439-48e7-885e-ebc35a496c07	Main	2025-12-03T08:16:49.602+03:00	Group membership information.	Windows	Microsoft	10.14.1.71	a.avakian	-		4627			Microsoft-Windows-Security-Auditing
12f4bb5a-95dd-4d30-9c88-7308463bb18d	Storage	0893a149-d439-48e7-885e-ebc35a496c07	Main	2025-12-03T08:17:09.627+03:00	An account was logged off.	Windows	Microsoft	10.14.1.71	a.avakian			4634			Microsoft-Windows-Security-Auditing
12f4bb5a-95dd-4d30-9c88-7308463bb18d	Storage	0893a149-d439-48e7-885e-ebc35a496c07	Main	2025-12-03T08:17:10.632+03:00	An account was successfully logged on.	Windows	Microsoft	10.14.1.71	a.avakian	-	Kerberos	4624	-	Restricted admin mode	Microsoft-Windows-Security-Auditing
12f4bb5a-95dd-4d30-9c88-7308463bb18d	Storage	0893a149-d439-48e7-885e-ebc35a496c07	Main	2025-12-03T08:17:10.632+03:00	Group membership information.	Windows	Microsoft	10.14.1.71	a.avakian	-		4627			Microsoft-Windows-Security-Auditing
12f4bb5a-95dd-4d30-9c88-7308463bb18d	Storage	0893a149-d439-48e7-885e-ebc35a496c07	Main	2025-12-03T08:17:30.654+03:00	An account was successfully logged on.	Windows	Microsoft	10.14.1.72	a.avakian	-	Kerberos	4624	-	Restricted admin mode	Microsoft-Windows-Security-Auditing
12f4bb5a-95dd-4d30-9c88-7308463bb18d	Storage	0893a149-d439-48e7-885e-ebc35a496c07	Main	2025-12-03T08:17:30.655+03:00	Group membership information.	Windows	Microsoft	10.14.1.72	a.avakian	-		4627			Microsoft-Windows-Security-Auditing
12f4bb5a-95dd-4d30-9c88-7308463bb18d	Storage	0893a149-d439-48e7-885e-ebc35a496c07	Main	2025-12-03T08:17:53.865+03:00	Group membership information.	Windows	Microsoft	10.14.1.72	a.avakian	-		4627			Microsoft-Windows-Security-Auditing
12f4bb5a-95dd-4d30-9c88-7308463bb18d	Storage	0893a149-d439-48e7-885e-ebc35a496c07	Main	2025-12-03T08:17:53.865+03:00	An account was successfully logged on.	Windows	Microsoft	10.14.1.72	a.avakian	-	Kerberos	4624	-	Restricted admin mode	Microsoft-Windows-Security-Auditing
12f4bb5a-95dd-4d30-9c88-7308463bb18d	Storage	0893a149-d439-48e7-885e-ebc35a496c07	Main	2025-12-03T08:17:53.894+03:00	An account was logged off.	Windows	Microsoft	10.14.1.72	a.avakian			4634			Microsoft-Windows-Security-Auditing
12f4bb5a-95dd-4d30-9c88-7308463bb18d	Storage	0893a149-d439-48e7-885e-ebc35a496c07	Main	2025-12-03T08:18:02.943+03:00	An account was logged off.	Windows	Microsoft	10.14.1.71	a.avakian			4634			Microsoft-Windows-Security-Auditing
12f4bb5a-95dd-4d30-9c88-7308463bb18d	Storage	0893a149-d439-48e7-885e-ebc35a496c07	Main	2025-12-03T08:19:02.051+03:00	An account was logged off.	Windows	Microsoft	10.14.1.72	a.avakian			4634			Microsoft-Windows-Security-Auditing
12f4bb5a-95dd-4d30-9c88-7308463bb18d	Storage	0893a149-d439-48e7-885e-ebc35a496c07	Main	2025-12-04T00:15:38.337+03:00	An account was successfully logged on.	Windows	Microsoft	10.14.1.71	a.avakian	-	Kerberos	4624	-	Restricted admin mode	Microsoft-Windows-Security-Auditing
12f4bb5a-95dd-4d30-9c88-7308463bb18d	Storage	0893a149-d439-48e7-885e-ebc35a496c07	Main	2025-12-04T00:15:38.337+03:00	Group membership information.	Windows	Microsoft	10.14.1.71	a.avakian	-		4627			Microsoft-Windows-Security-Auditing
12f4bb5a-95dd-4d30-9c88-7308463bb18d	Storage	0893a149-d439-48e7-885e-ebc35a496c07	Main	2025-12-04T00:15:47.313+03:00	Group membership information.	Windows	Microsoft	10.14.1.71	a.avakian	-		4627			Microsoft-Windows-Security-Auditing
12f4bb5a-95dd-4d30-9c88-7308463bb18d	Storage	0893a149-d439-48e7-885e-ebc35a496c07	Main	2025-12-04T00:15:47.313+03:00	An account was successfully logged on.	Windows	Microsoft	10.14.1.71	a.avakian	-	Kerberos	4624	-	Restricted admin mode	Microsoft-Windows-Security-Auditing
12f4bb5a-95dd-4d30-9c88-7308463bb18d	Storage	0893a149-d439-48e7-885e-ebc35a496c07	Main	2025-12-04T00:15:51.339+03:00	An account was successfully logged on.	Windows	Microsoft	10.14.1.72	a.avakian	-	Kerberos	4624	-	Restricted admin mode	Microsoft-Windows-Security-Auditing
12f4bb5a-95dd-4d30-9c88-7308463bb18d	Storage	0893a149-d439-48e7-885e-ebc35a496c07	Main	2025-12-04T00:15:51.339+03:00	Group membership information.	Windows	Microsoft	10.14.1.72	a.avakian	-		4627			Microsoft-Windows-Security-Auditing
12f4bb5a-95dd-4d30-9c88-7308463bb18d	Storage	0893a149-d439-48e7-885e-ebc35a496c07	Main	2025-12-04T00:16:17.176+03:00	A new process has been created.	Windows	Microsoft	10.50.101.5	a.avakian	tmtp-003672$	C:\\Windows\\System32\\SearchIndexer.exe	4688	"C:\\Windows\\system32\\SearchProtocolHost.exe Global\\UsGthrFltPipeMssGthrPipe_S-1-5-21-2466243303-2766591412-4162608119-10969100_ Global\\UsGthrCtrlFltPipeMssGthrPipe_S-1-5-21-2466243303-2766591412-4162608119-10969100 1 -2147483646 ""Software\\Microsoft\\Windows Search"" ""Mozilla/4.0 (compatible; MSIE 6.0; Windows NT; MS Search 4.0 Robot)"" ""C:\\ProgramData\\Microsoft\\Search\\Data\\Temp\\usgthrsvc"" ""DownLevelDaemon""  ""1"""	Command Line	Microsoft-Windows-Security-Auditing
12f4bb5a-95dd-4d30-9c88-7308463bb18d	Storage	0893a149-d439-48e7-885e-ebc35a496c07	Main	2025-12-04T00:16:17.177+03:00	A new process has been created.	Windows	Microsoft	10.50.101.5	a.avakian	tmtp-003672$	C:\\Windows\\System32\\svchost.exe	4688	C:\\Windows\\System32\\RuntimeBroker.exe -Embedding	Command Line	Microsoft-Windows-Security-Auditing
12f4bb5a-95dd-4d30-9c88-7308463bb18d	Storage	0893a149-d439-48e7-885e-ebc35a496c07	Main	2025-12-04T00:16:17.177+03:00	A new process has been created.	Windows	Microsoft	10.50.101.5	a.avakian	tmtp-003672$	C:\\Windows\\System32\\svchost.exe	4688	C:\\Windows\\system32\\backgroundTaskHost.exe -ServerName:Global.DesktopSpotlight.AppXz2j21w56bgxkgsjhtn7zkjsepq96erz2.mca	Command Line	Microsoft-Windows-Security-Auditing
12f4bb5a-95dd-4d30-9c88-7308463bb18d	Storage	0893a149-d439-48e7-885e-ebc35a496c07	Main	2025-12-04T00:16:23.060+03:00	TRAFFIC	PAN-OS	Palo Alto Networks	13.89.179.8		A.AVAKIAN		end	Trusted Zone		
12f4bb5a-95dd-4d30-9c88-7308463bb18d	Storage	0893a149-d439-48e7-885e-ebc35a496c07	Main	2025-12-04T00:16:23.060+03:00	TRAFFIC	PAN-OS	Palo Alto Networks	13.89.179.8		A.AVAKIAN		end	Trusted Zone		
12f4bb5a-95dd-4d30-9c88-7308463bb18d	Storage	0893a149-d439-48e7-885e-ebc35a496c07	Main	2025-12-04T00:16:59.399+03:00	An account was logged off.	Windows	Microsoft	10.14.1.71	a.avakian			4634			Microsoft-Windows-Security-Auditing
12f4bb5a-95dd-4d30-9c88-7308463bb18d	Storage	0893a149-d439-48e7-885e-ebc35a496c07	Main	2025-12-04T00:17:13.415+03:00	An account was logged off.	Windows	Microsoft	10.14.1.71	a.avakian			4634			Microsoft-Windows-Security-Auditing
12f4bb5a-95dd-4d30-9c88-7308463bb18d	Storage	0893a149-d439-48e7-885e-ebc35a496c07	Main	2025-12-04T00:17:35.059+03:00	TRAFFIC	PAN-OS	Palo Alto Networks	13.107.213.44		A.AVAKIAN		end	Trusted Zone		
12f4bb5a-95dd-4d30-9c88-7308463bb18d	Storage	0893a149-d439-48e7-885e-ebc35a496c07	Main	2025-12-04T00:17:53.062+03:00	TRAFFIC	PAN-OS	Palo Alto Networks	40.126.53.18		A.AVAKIAN		end	Trusted Zone		
12f4bb5a-95dd-4d30-9c88-7308463bb18d	Storage	0893a149-d439-48e7-885e-ebc35a496c07	Main	2025-12-04T00:17:56.447+03:00	An account was logged off.	Windows	Microsoft	10.14.1.72	a.avakian			4634			Microsoft-Windows-Security-Auditing
12f4bb5a-95dd-4d30-9c88-7308463bb18d	Storage	0893a149-d439-48e7-885e-ebc35a496c07	Main	2025-12-04T00:18:11.060+03:00	TRAFFIC	PAN-OS	Palo Alto Networks	209.85.233.94		A.AVAKIAN		end	Trusted Zone		
12f4bb5a-95dd-4d30-9c88-7308463bb18d	Storage	0893a149-d439-48e7-885e-ebc35a496c07	Main	2025-12-04T00:18:11.061+03:00	TRAFFIC	PAN-OS	Palo Alto Networks	13.107.137.11		A.AVAKIAN		end	Trusted Zone		
12f4bb5a-95dd-4d30-9c88-7308463bb18d	Storage	0893a149-d439-48e7-885e-ebc35a496c07	Main	2025-12-04T00:18:14.475+03:00	An account was successfully logged on.	Windows	Microsoft	10.14.1.72	a.avakian	-	Kerberos	4624	-	Restricted admin mode	Microsoft-Windows-Security-Auditing
12f4bb5a-95dd-4d30-9c88-7308463bb18d	Storage	0893a149-d439-48e7-885e-ebc35a496c07	Main	2025-12-04T00:18:14.475+03:00	Group membership information.	Windows	Microsoft	10.14.1.72	a.avakian	-		4627			Microsoft-Windows-Security-Auditing
12f4bb5a-95dd-4d30-9c88-7308463bb18d	Storage	0893a149-d439-48e7-885e-ebc35a496c07	Main	2025-12-04T00:18:14.475+03:00	An account was successfully logged on.	Windows	Microsoft	10.14.1.72	a.avakian	-	Kerberos	4624	-	Restricted admin mode	Microsoft-Windows-Security-Auditing
12f4bb5a-95dd-4d30-9c88-7308463bb18d	Storage	0893a149-d439-48e7-885e-ebc35a496c07	Main	2025-12-04T00:18:15.469+03:00	Group membership information.	Windows	Microsoft	10.14.1.72	a.avakian	-		4627			Microsoft-Windows-Security-Auditing
12f4bb5a-95dd-4d30-9c88-7308463bb18d	Storage	0893a149-d439-48e7-885e-ebc35a496c07	Main	2025-12-04T00:18:20.061+03:00	TRAFFIC	PAN-OS	Palo Alto Networks	40.126.53.18		A.AVAKIAN		end	Trusted Zone		
12f4bb5a-95dd-4d30-9c88-7308463bb18d	Storage	0893a149-d439-48e7-885e-ebc35a496c07	Main	2025-12-04T00:18:20.061+03:00	TRAFFIC	PAN-OS	Palo Alto Networks	20.190.177.149		A.AVAKIAN		end	Trusted Zone		
12f4bb5a-95dd-4d30-9c88-7308463bb18d	Storage	0893a149-d439-48e7-885e-ebc35a496c07	Main	2025-12-04T00:18:28.225+03:00	A new process has been created.	Windows	Microsoft	10.50.101.5	a.avakian	tmtp-003672$	C:\\Windows\\System32\\svchost.exe	4688	C:\\Windows\\system32\\BackgroundTaskHost.exe -ServerName:BackgroundTaskHost.WebAccountProvider	Command Line	Microsoft-Windows-Security-Auditing
12f4bb5a-95dd-4d30-9c88-7308463bb18d	Storage	0893a149-d439-48e7-885e-ebc35a496c07	Main	2025-12-04T00:18:28.225+03:00	A new process has been created.	Windows	Microsoft	10.50.101.5	a.avakian	tmtp-003672$	C:\\Windows\\System32\\svchost.exe	4688	C:\\Windows\\System32\\RuntimeBroker.exe -Embedding	Command Line	Microsoft-Windows-Security-Auditing
12f4bb5a-95dd-4d30-9c88-7308463bb18d	Storage	0893a149-d439-48e7-885e-ebc35a496c07	Main	2025-12-04T00:18:29.060+03:00	TRAFFIC	PAN-OS	Palo Alto Networks	40.126.53.18		A.AVAKIAN		end	Trusted Zone		
12f4bb5a-95dd-4d30-9c88-7308463bb18d	Storage	0893a149-d439-48e7-885e-ebc35a496c07	Main	2025-12-04T00:18:38.486+03:00	An account was successfully logged on.	Windows	Microsoft	10.14.1.72	a.avakian	-	Kerberos	4624	-	Restricted admin mode	Microsoft-Windows-Security-Auditing
12f4bb5a-95dd-4d30-9c88-7308463bb18d	Storage	0893a149-d439-48e7-885e-ebc35a496c07	Main	2025-12-04T00:18:38.491+03:00	An account was successfully logged on.	Windows	Microsoft	10.14.1.71	a.avakian	-	Kerberos	4624	-	Restricted admin mode	Microsoft-Windows-Security-Auditing
12f4bb5a-95dd-4d30-9c88-7308463bb18d	Storage	0893a149-d439-48e7-885e-ebc35a496c07	Main	2025-12-04T00:18:38.491+03:00	Group membership information.	Windows	Microsoft	10.14.1.71	a.avakian	-		4627			Microsoft-Windows-Security-Auditing
12f4bb5a-95dd-4d30-9c88-7308463bb18d	Storage	0893a149-d439-48e7-885e-ebc35a496c07	Main	2025-12-04T00:18:38.492+03:00	Group membership information.	Windows	Microsoft	10.14.1.72	a.avakian	-		4627			Microsoft-Windows-Security-Auditing
12f4bb5a-95dd-4d30-9c88-7308463bb18d	Storage	0893a149-d439-48e7-885e-ebc35a496c07	Main	2025-12-04T00:18:38.501+03:00	An account was logged off.	Windows	Microsoft	10.14.1.72	a.avakian			4634			Microsoft-Windows-Security-Auditing
12f4bb5a-95dd-4d30-9c88-7308463bb18d	Storage	0893a149-d439-48e7-885e-ebc35a496c07	Main	2025-12-04T00:20:03.539+03:00	An account was successfully logged on.	Windows	Microsoft	10.14.1.72	a.avakian	-	Kerberos	4624	-	Restricted admin mode	Microsoft-Windows-Security-Auditing
12f4bb5a-95dd-4d30-9c88-7308463bb18d	Storage	0893a149-d439-48e7-885e-ebc35a496c07	Main	2025-12-04T00:20:03.539+03:00	Group membership information.	Windows	Microsoft	10.14.1.72	a.avakian	-		4627			Microsoft-Windows-Security-Auditing
12f4bb5a-95dd-4d30-9c88-7308463bb18d	Storage	0893a149-d439-48e7-885e-ebc35a496c07	Main	2025-12-04T00:20:16.541+03:00	An account was logged off.	Windows	Microsoft	10.14.1.72	a.avakian			4634			Microsoft-Windows-Security-Auditing
12f4bb5a-95dd-4d30-9c88-7308463bb18d	Storage	0893a149-d439-48e7-885e-ebc35a496c07	Main	2025-12-04T00:20:16.544+03:00	An account was logged off.	Windows	Microsoft	10.14.1.72	a.avakian			4634			Microsoft-Windows-Security-Auditing
12f4bb5a-95dd-4d30-9c88-7308463bb18d	Storage	0893a149-d439-48e7-885e-ebc35a496c07	Main	2025-12-04T00:20:37.579+03:00	An account was logged off.	Windows	Microsoft	10.14.1.71	a.avakian			4634			Microsoft-Windows-Security-Auditing
12f4bb5a-95dd-4d30-9c88-7308463bb18d	Storage	0893a149-d439-48e7-885e-ebc35a496c07	Main	2025-12-04T00:20:44.101+03:00	TRAFFIC	PAN-OS	Palo Alto Networks	79.133.170.27		A.AVAKIAN		end	Trusted Zone		
12f4bb5a-95dd-4d30-9c88-7308463bb18d	Storage	0893a149-d439-48e7-885e-ebc35a496c07	Main	2025-12-04T00:20:44.101+03:00	TRAFFIC	PAN-OS	Palo Alto Networks	79.133.170.27		A.AVAKIAN		end	Trusted Zone		
12f4bb5a-95dd-4d30-9c88-7308463bb18d	Storage	0893a149-d439-48e7-885e-ebc35a496c07	Main	2025-12-04T00:20:44.101+03:00	TRAFFIC	PAN-OS	Palo Alto Networks	79.133.171.25		A.AVAKIAN		end	Trusted Zone		
12f4bb5a-95dd-4d30-9c88-7308463bb18d	Storage	0893a149-d439-48e7-885e-ebc35a496c07	Main	2025-12-04T00:20:44.102+03:00	TRAFFIC	PAN-OS	Palo Alto Networks	79.133.171.25		A.AVAKIAN		end	Trusted Zone		
12f4bb5a-95dd-4d30-9c88-7308463bb18d	Storage	0893a149-d439-48e7-885e-ebc35a496c07	Main	2025-12-04T00:21:02.061+03:00	TRAFFIC	PAN-OS	Palo Alto Networks	209.85.233.94		A.AVAKIAN		end	Trusted Zone		
12f4bb5a-95dd-4d30-9c88-7308463bb18d	Storage	0893a149-d439-48e7-885e-ebc35a496c07	Main	2025-12-04T00:22:06.662+03:00	An account was logged off.	Windows	Microsoft	10.14.1.72	a.avakian			4634			Microsoft-Windows-Security-Auditing
12f4bb5a-95dd-4d30-9c88-7308463bb18d	Storage	0893a149-d439-48e7-885e-ebc35a496c07	Main	2025-12-04T00:22:59.701+03:00	An account was successfully logged on.	Windows	Microsoft	10.14.1.72	a.avakian	-	Kerberos	4624	-	Restricted admin mode	Microsoft-Windows-Security-Auditing
12f4bb5a-95dd-4d30-9c88-7308463bb18d	Storage	0893a149-d439-48e7-885e-ebc35a496c07	Main	2025-12-04T00:22:59.701+03:00	Group membership information.	Windows	Microsoft	10.14.1.72	a.avakian	-		4627			Microsoft-Windows-Security-Auditing
12f4bb5a-95dd-4d30-9c88-7308463bb18d	Storage	0893a149-d439-48e7-885e-ebc35a496c07	Main	2025-12-04T00:22:59.702+03:00	An account was logged off.	Windows	Microsoft	10.14.1.72	a.avakian			4634			Microsoft-Windows-Security-Auditing
12f4bb5a-95dd-4d30-9c88-7308463bb18d	Storage	0893a149-d439-48e7-885e-ebc35a496c07	Main	2025-12-04T00:23:01.329+03:00	A new process has been created.	Windows	Microsoft	10.50.101.5	a.avakian	tmtp-003672$	C:\\Windows\\System32\\svchost.exe	4688	C:\\Users\\A.Avakian\\AppData\\Local\\Microsoft\\OneDrive\\25.209.1026.0002\\FileCoAuth.exe -Embedding	Command Line	Microsoft-Windows-Security-Auditing
12f4bb5a-95dd-4d30-9c88-7308463bb18d	Storage	0893a149-d439-48e7-885e-ebc35a496c07	Main	2025-12-04T00:23:26.059+03:00	TRAFFIC	PAN-OS	Palo Alto Networks	51.250.35.43		A.AVAKIAN		end	Trusted Zone		
12f4bb5a-95dd-4d30-9c88-7308463bb18d	Storage	0893a149-d439-48e7-885e-ebc35a496c07	Main	2025-12-04T00:23:26.059+03:00	TRAFFIC	PAN-OS	Palo Alto Networks	51.250.35.43		A.AVAKIAN		end	Trusted Zone		
12f4bb5a-95dd-4d30-9c88-7308463bb18d	Storage	0893a149-d439-48e7-885e-ebc35a496c07	Main	2025-12-04T00:23:26.059+03:00	TRAFFIC	PAN-OS	Palo Alto Networks	158.160.199.219		A.AVAKIAN		end	Trusted Zone		
12f4bb5a-95dd-4d30-9c88-7308463bb18d	Storage	0893a149-d439-48e7-885e-ebc35a496c07	Main	2025-12-04T00:23:26.059+03:00	TRAFFIC	PAN-OS	Palo Alto Networks	158.160.199.219		A.AVAKIAN		end	Trusted Zone		
12f4bb5a-95dd-4d30-9c88-7308463bb18d	Storage	0893a149-d439-48e7-885e-ebc35a496c07	Main	2025-12-04T00:24:14.744+03:00	An account was successfully logged on.	Windows	Microsoft	10.14.1.71	a.avakian	-	Kerberos	4624	-	Restricted admin mode	Microsoft-Windows-Security-Auditing
12f4bb5a-95dd-4d30-9c88-7308463bb18d	Storage	0893a149-d439-48e7-885e-ebc35a496c07	Main	2025-12-04T00:24:14.744+03:00	Group membership information.	Windows	Microsoft	10.14.1.71	a.avakian	-		4627			Microsoft-Windows-Security-Auditing
12f4bb5a-95dd-4d30-9c88-7308463bb18d	Storage	0893a149-d439-48e7-885e-ebc35a496c07	Main	2025-12-04T00:25:47.394+03:00	A new process has been created.	Windows	Microsoft	10.50.101.5	-	a.avakian	C:\\Program Files (x86)\\Citrix\\ICA Client\\SelfServicePlugin\\SelfServicePlugin.exe	4688	C:\\Program Files (x86)\\Citrix\\ICA Client\\SelfServicePlugin\\SelfService.exe -periodicpoll	Command Line	Microsoft-Windows-Security-Auditing
12f4bb5a-95dd-4d30-9c88-7308463bb18d	Storage	0893a149-d439-48e7-885e-ebc35a496c07	Main	2025-12-04T00:25:47.395+03:00	A new process has been created.	Windows	Microsoft	10.50.101.5	a.avakian	tmtp-003672$	C:\\Windows\\System32\\svchost.exe	4688	C:\\Windows\\system32\\BackgroundTaskHost.exe -ServerName:BackgroundTaskHost.WebAccountProvider	Command Line	Microsoft-Windows-Security-Auditing
12f4bb5a-95dd-4d30-9c88-7308463bb18d	Storage	0893a149-d439-48e7-885e-ebc35a496c07	Main	2025-12-04T00:26:03.775+03:00	Group membership information.	Windows	Microsoft	10.14.1.72	a.avakian	-		4627			Microsoft-Windows-Security-Auditing
12f4bb5a-95dd-4d30-9c88-7308463bb18d	Storage	0893a149-d439-48e7-885e-ebc35a496c07	Main	2025-12-04T00:26:03.775+03:00	An account was successfully logged on.	Windows	Microsoft	10.14.1.72	a.avakian	-	Kerberos	4624	-	Restricted admin mode	Microsoft-Windows-Security-Auditing
12f4bb5a-95dd-4d30-9c88-7308463bb18d	Storage	0893a149-d439-48e7-885e-ebc35a496c07	Main	2025-12-04T00:26:03.775+03:00	Group membership information.	Windows	Microsoft	10.14.1.72	a.avakian	-		4627			Microsoft-Windows-Security-Auditing
12f4bb5a-95dd-4d30-9c88-7308463bb18d	Storage	0893a149-d439-48e7-885e-ebc35a496c07	Main	2025-12-04T00:26:03.775+03:00	An account was successfully logged on.	Windows	Microsoft	10.14.1.72	a.avakian	-	Kerberos	4624	-	Restricted admin mode	Microsoft-Windows-Security-Auditing
12f4bb5a-95dd-4d30-9c88-7308463bb18d	Storage	0893a149-d439-48e7-885e-ebc35a496c07	Main	2025-12-04T00:26:20.879+03:00	An account was logged off.	Windows	Microsoft	10.14.1.71	a.avakian			4634			Microsoft-Windows-Security-Auditing
12f4bb5a-95dd-4d30-9c88-7308463bb18d	Storage	0893a149-d439-48e7-885e-ebc35a496c07	Main	2025-12-04T00:26:36.800+03:00	An account was successfully logged on.	Windows	Microsoft	10.14.1.72	a.avakian	-	Kerberos	4624	-	Restricted admin mode	Microsoft-Windows-Security-Auditing
12f4bb5a-95dd-4d30-9c88-7308463bb18d	Storage	0893a149-d439-48e7-885e-ebc35a496c07	Main	2025-12-04T00:26:36.800+03:00	Group membership information.	Windows	Microsoft	10.14.1.72	a.avakian	-		4627			Microsoft-Windows-Security-Auditing
12f4bb5a-95dd-4d30-9c88-7308463bb18d	Storage	0893a149-d439-48e7-885e-ebc35a496c07	Main	2025-12-04T00:27:05.846+03:00	An account was successfully logged on.	Windows	Microsoft	10.14.1.72	a.avakian	-	Kerberos	4624	-	Restricted admin mode	Microsoft-Windows-Security-Auditing
12f4bb5a-95dd-4d30-9c88-7308463bb18d	Storage	0893a149-d439-48e7-885e-ebc35a496c07	Main	2025-12-04T00:27:05.846+03:00	Group membership information.	Windows	Microsoft	10.14.1.72	a.avakian	-		4627			Microsoft-Windows-Security-Auditing
12f4bb5a-95dd-4d30-9c88-7308463bb18d	Storage	0893a149-d439-48e7-885e-ebc35a496c07	Main	2025-12-04T00:27:11.830+03:00	An account was successfully logged on.	Windows	Microsoft	10.14.1.71	a.avakian	-	Kerberos	4624	-	Restricted admin mode	Microsoft-Windows-Security-Auditing
12f4bb5a-95dd-4d30-9c88-7308463bb18d	Storage	0893a149-d439-48e7-885e-ebc35a496c07	Main	2025-12-04T00:27:11.830+03:00	Group membership information.	Windows	Microsoft	10.14.1.71	a.avakian	-		4627			Microsoft-Windows-Security-Auditing
12f4bb5a-95dd-4d30-9c88-7308463bb18d	Storage	0893a149-d439-48e7-885e-ebc35a496c07	Main	2025-12-04T00:27:41.881+03:00	An account was successfully logged on.	Windows	Microsoft	10.14.1.72	a.avakian	-	Kerberos	4624	-	Restricted admin mode	Microsoft-Windows-Security-Auditing
12f4bb5a-95dd-4d30-9c88-7308463bb18d	Storage	0893a149-d439-48e7-885e-ebc35a496c07	Main	2025-12-04T00:27:41.881+03:00	Group membership information.	Windows	Microsoft	10.14.1.72	a.avakian	-		4627			Microsoft-Windows-Security-Auditing
12f4bb5a-95dd-4d30-9c88-7308463bb18d	Storage	0893a149-d439-48e7-885e-ebc35a496c07	Main	2025-12-04T00:28:07.852+03:00	An account was logged off.	Windows	Microsoft	10.14.1.72	a.avakian			4634			Microsoft-Windows-Security-Auditing
12f4bb5a-95dd-4d30-9c88-7308463bb18d	Storage	0893a149-d439-48e7-885e-ebc35a496c07	Main	2025-12-04T00:28:07.852+03:00	An account was logged off.	Windows	Microsoft	10.14.1.72	a.avakian			4634			Microsoft-Windows-Security-Auditing
12f4bb5a-95dd-4d30-9c88-7308463bb18d	Storage	0893a149-d439-48e7-885e-ebc35a496c07	Main	2025-12-04T00:28:40.910+03:00	An account was logged off.	Windows	Microsoft	10.14.1.72	a.avakian			4634			Microsoft-Windows-Security-Auditing
12f4bb5a-95dd-4d30-9c88-7308463bb18d	Storage	0893a149-d439-48e7-885e-ebc35a496c07	Main	2025-12-04T00:28:55.984+03:00	An account was logged off.	Windows	Microsoft	10.14.1.72	a.avakian			4634			Microsoft-Windows-Security-Auditing
12f4bb5a-95dd-4d30-9c88-7308463bb18d	Storage	0893a149-d439-48e7-885e-ebc35a496c07	Main	2025-12-04T00:29:21.942+03:00	An account was logged off.	Windows	Microsoft	10.14.1.71	a.avakian			4634			Microsoft-Windows-Security-Auditing
12f4bb5a-95dd-4d30-9c88-7308463bb18d	Storage	0893a149-d439-48e7-885e-ebc35a496c07	Main	2025-12-04T00:29:37.960+03:00	An account was logged off.	Windows	Microsoft	10.14.1.72	a.avakian			4634			Microsoft-Windows-Security-Auditing
12f4bb5a-95dd-4d30-9c88-7308463bb18d	Storage	0893a149-d439-48e7-885e-ebc35a496c07	Main	2025-12-04T00:30:44.021+03:00	An account was successfully logged on.	Windows	Microsoft	10.14.1.71	a.avakian	-	Kerberos	4624	-	Restricted admin mode	Microsoft-Windows-Security-Auditing
12f4bb5a-95dd-4d30-9c88-7308463bb18d	Storage	0893a149-d439-48e7-885e-ebc35a496c07	Main	2025-12-04T00:30:44.021+03:00	Group membership information.	Windows	Microsoft	10.14.1.71	a.avakian	-		4627			Microsoft-Windows-Security-Auditing
12f4bb5a-95dd-4d30-9c88-7308463bb18d	Storage	0893a149-d439-48e7-885e-ebc35a496c07	Main	2025-12-04T00:31:17.527+03:00	A new process has been created.	Windows	Microsoft	10.50.101.5	a.avakian	tmtp-003672$	C:\\Windows\\System32\\svchost.exe	4688	C:\\Windows\\system32\\backgroundTaskHost.exe -ServerName:Global.DesktopSpotlight.AppXz2j21w56bgxkgsjhtn7zkjsepq96erz2.mca	Command Line	Microsoft-Windows-Security-Auditing
12f4bb5a-95dd-4d30-9c88-7308463bb18d	Storage	0893a149-d439-48e7-885e-ebc35a496c07	Main	2025-12-04T00:31:18.529+03:00	A new process has been created.	Windows	Microsoft	10.50.101.5	a.avakian	tmtp-003672$	C:\\Windows\\System32\\svchost.exe	4688	C:\\Windows\\System32\\RuntimeBroker.exe -Embedding	Command Line	Microsoft-Windows-Security-Auditing
12f4bb5a-95dd-4d30-9c88-7308463bb18d	Storage	0893a149-d439-48e7-885e-ebc35a496c07	Main	2025-12-04T00:31:39.050+03:00	An account was logged off.	Windows	Microsoft	10.14.1.72	a.avakian			4634			Microsoft-Windows-Security-Auditing
12f4bb5a-95dd-4d30-9c88-7308463bb18d	Storage	0893a149-d439-48e7-885e-ebc35a496c07	Main	2025-12-04T00:31:41.075+03:00	An account was successfully logged on.	Windows	Microsoft	10.14.1.72	a.avakian	-	Kerberos	4624	-	Restricted admin mode	Microsoft-Windows-Security-Auditing
12f4bb5a-95dd-4d30-9c88-7308463bb18d	Storage	0893a149-d439-48e7-885e-ebc35a496c07	Main	2025-12-04T00:31:41.075+03:00	Group membership information.	Windows	Microsoft	10.14.1.72	a.avakian	-		4627			Microsoft-Windows-Security-Auditing
12f4bb5a-95dd-4d30-9c88-7308463bb18d	Storage	0893a149-d439-48e7-885e-ebc35a496c07	Main	2025-12-04T00:31:50.033+03:00	An account was logged off.	Windows	Microsoft	10.14.1.71	a.avakian			4634			Microsoft-Windows-Security-Auditing
12f4bb5a-95dd-4d30-9c88-7308463bb18d	Storage	0893a149-d439-48e7-885e-ebc35a496c07	Main	2025-12-04T00:32:26.039+03:00	An account was successfully logged on.	Windows	Microsoft	10.14.1.71	a.avakian	-	Kerberos	4624	-	Restricted admin mode	Microsoft-Windows-Security-Auditing
12f4bb5a-95dd-4d30-9c88-7308463bb18d	Storage	0893a149-d439-48e7-885e-ebc35a496c07	Main	2025-12-04T00:32:26.045+03:00	Group membership information.	Windows	Microsoft	10.14.1.71	a.avakian	-		4627			Microsoft-Windows-Security-Auditing
12f4bb5a-95dd-4d30-9c88-7308463bb18d	Storage	0893a149-d439-48e7-885e-ebc35a496c07	Main	2025-12-04T00:32:43.053+03:00	An account was successfully logged on.	Windows	Microsoft	10.14.1.71	a.avakian	-	Kerberos	4624	-	Restricted admin mode	Microsoft-Windows-Security-Auditing
