12f4bb5a-95dd-4d30-9c88-7308463bb18d	Storage	0893a149-d439-48e7-885e-ebc35a496c07	Main	2025-12-06T06:54:31.394+03:00	An account was logged off.	Windows	Microsoft	10.14.1.72	a.avakian			4634			Microsoft-Windows-Security-Auditing
12f4bb5a-95dd-4d30-9c88-7308463bb18d	Storage	0893a149-d439-48e7-885e-ebc35a496c07	Main	2025-12-06T06:54:35.356+03:00	A new process has been created.	Windows	Microsoft	10.50.101.5	a.avakian	tmtp-003672$	C:\\Windows\\System32\\svchost.exe	4688	C:\\Windows\\System32\\RuntimeBroker.exe -Embedding	Command Line	Microsoft-Windows-Security-Auditing
12f4bb5a-95dd-4d30-9c88-7308463bb18d	Storage	0893a149-d439-48e7-885e-ebc35a496c07	Main	2025-12-06T06:54:35.356+03:00	A new process has been created.	Windows	Microsoft	10.50.101.5	a.avakian	tmtp-003672$	C:\\Windows\\System32\\svchost.exe	4688	C:\\Windows\\system32\\BackgroundTaskHost.exe -ServerName:BackgroundTaskHost.WebAccountProvider	Command Line	Microsoft-Windows-Security-Auditing
12f4bb5a-95dd-4d30-9c88-7308463bb18d	Storage	0893a149-d439-48e7-885e-ebc35a496c07	Main	2025-12-06T06:54:35.356+03:00	A new process has been created.	Windows	Microsoft	10.50.101.5	a.avakian	tmtp-003672$	C:\\Windows\\System32\\svchost.exe	4688	C:\\Windows\\system32\\BackgroundTaskHost.exe -ServerName:BackgroundTaskHost.WebAccountProvider	Command Line	Microsoft-Windows-Security-Auditing
12f4bb5a-95dd-4d30-9c88-7308463bb18d	Storage	0893a149-d439-48e7-885e-ebc35a496c07	Main	2025-12-06T06:55:50.451+03:00	An account was successfully logged on.	Windows	Microsoft	10.14.1.72	a.avakian	-	Kerberos	4624	-	Restricted admin mode	Microsoft-Windows-Security-Auditing
12f4bb5a-95dd-4d30-9c88-7308463bb18d	Storage	0893a149-d439-48e7-885e-ebc35a496c07	Main	2025-12-06T06:55:50.451+03:00	Group membership information.	Windows	Microsoft	10.14.1.72	a.avakian	-		4627			Microsoft-Windows-Security-Auditing
12f4bb5a-95dd-4d30-9c88-7308463bb18d	Storage	0893a149-d439-48e7-885e-ebc35a496c07	Main	2025-12-06T06:55:50.451+03:00	An account was successfully logged on.	Windows	Microsoft	10.14.1.72	a.avakian	-	Kerberos	4624	-	Restricted admin mode	Microsoft-Windows-Security-Auditing
12f4bb5a-95dd-4d30-9c88-7308463bb18d	Storage	0893a149-d439-48e7-885e-ebc35a496c07	Main	2025-12-06T06:55:50.451+03:00	Group membership information.	Windows	Microsoft	10.14.1.72	a.avakian	-		4627			Microsoft-Windows-Security-Auditing
12f4bb5a-95dd-4d30-9c88-7308463bb18d	Storage	0893a149-d439-48e7-885e-ebc35a496c07	Main	2025-12-06T06:56:12.775+03:00	An account was successfully logged on.	Windows	Microsoft	10.14.1.72	a.avakian	-	Kerberos	4624	-	Restricted admin mode	Microsoft-Windows-Security-Auditing
12f4bb5a-95dd-4d30-9c88-7308463bb18d	Storage	0893a149-d439-48e7-885e-ebc35a496c07	Main	2025-12-06T06:56:12.775+03:00	Group membership information.	Windows	Microsoft	10.14.1.72	a.avakian	-		4627			Microsoft-Windows-Security-Auditing
12f4bb5a-95dd-4d30-9c88-7308463bb18d	Storage	0893a149-d439-48e7-885e-ebc35a496c07	Main	2025-12-06T06:56:13.445+03:00	An account was logged off.	Windows	Microsoft	10.14.1.72	a.avakian			4634			Microsoft-Windows-Security-Auditing
12f4bb5a-95dd-4d30-9c88-7308463bb18d	Storage	0893a149-d439-48e7-885e-ebc35a496c07	Main	2025-12-06T06:56:14.527+03:00	An account was logged off.	Windows	Microsoft	10.14.1.71	a.avakian			4634			Microsoft-Windows-Security-Auditing
12f4bb5a-95dd-4d30-9c88-7308463bb18d	Storage	0893a149-d439-48e7-885e-ebc35a496c07	Main	2025-12-06T06:56:14.528+03:00	An account was logged off.	Windows	Microsoft	10.14.1.71	a.avakian			4634			Microsoft-Windows-Security-Auditing
12f4bb5a-95dd-4d30-9c88-7308463bb18d	Storage	0893a149-d439-48e7-885e-ebc35a496c07	Main	2025-12-06T06:57:53.691+03:00	An account was logged off.	Windows	Microsoft	10.14.1.72	a.avakian			4634			Microsoft-Windows-Security-Auditing
12f4bb5a-95dd-4d30-9c88-7308463bb18d	Storage	0893a149-d439-48e7-885e-ebc35a496c07	Main	2025-12-06T06:57:56.855+03:00	An account was successfully logged on.	Windows	Microsoft	10.14.1.72	a.avakian	-	Kerberos	4624	-	Restricted admin mode	Microsoft-Windows-Security-Auditing
12f4bb5a-95dd-4d30-9c88-7308463bb18d	Storage	0893a149-d439-48e7-885e-ebc35a496c07	Main	2025-12-06T06:57:56.855+03:00	Group membership information.	Windows	Microsoft	10.14.1.72	a.avakian	-		4627			Microsoft-Windows-Security-Auditing
12f4bb5a-95dd-4d30-9c88-7308463bb18d	Storage	0893a149-d439-48e7-885e-ebc35a496c07	Main	2025-12-06T06:57:56.984+03:00	An account was logged off.	Windows	Microsoft	10.14.1.72	a.avakian			4634			Microsoft-Windows-Security-Auditing
12f4bb5a-95dd-4d30-9c88-7308463bb18d	Storage	0893a149-d439-48e7-885e-ebc35a496c07	Main	2025-12-06T06:57:56.984+03:00	An account was logged off.	Windows	Microsoft	10.14.1.72	a.avakian			4634			Microsoft-Windows-Security-Auditing
12f4bb5a-95dd-4d30-9c88-7308463bb18d	Storage	0893a149-d439-48e7-885e-ebc35a496c07	Main	2025-12-06T06:59:33.749+03:00	Group membership information.	Windows	Microsoft	10.14.1.71	a.avakian	-		4627			Microsoft-Windows-Security-Auditing
12f4bb5a-95dd-4d30-9c88-7308463bb18d	Storage	0893a149-d439-48e7-885e-ebc35a496c07	Main	2025-12-06T06:59:33.749+03:00	An account was successfully logged on.	Windows	Microsoft	10.14.1.71	a.avakian	-	Kerberos	4624	-	Restricted admin mode	Microsoft-Windows-Security-Auditing
12f4bb5a-95dd-4d30-9c88-7308463bb18d	Storage	0893a149-d439-48e7-885e-ebc35a496c07	Main	2025-12-06T07:00:36.158+03:00	An account was logged off.	Windows	Microsoft	10.14.1.71	a.avakian			4634			Microsoft-Windows-Security-Auditing
12f4bb5a-95dd-4d30-9c88-7308463bb18d	Storage	0893a149-d439-48e7-885e-ebc35a496c07	Main	2025-12-06T07:01:35.572+03:00	A new process has been created.	Windows	Microsoft	10.50.101.5	a.avakian	tmtp-003672$	C:\\Windows\\System32\\svchost.exe	4688	C:\\Windows\\system32\\backgroundTaskHost.exe -ServerName:Global.DesktopSpotlight.AppXz2j21w56bgxkgsjhtn7zkjsepq96erz2.mca	Command Line	Microsoft-Windows-Security-Auditing
12f4bb5a-95dd-4d30-9c88-7308463bb18d	Storage	0893a149-d439-48e7-885e-ebc35a496c07	Main	2025-12-06T07:01:35.572+03:00	A new process has been created.	Windows	Microsoft	10.50.101.5	a.avakian	tmtp-003672$	C:\\Windows\\System32\\svchost.exe	4688	C:\\Windows\\System32\\RuntimeBroker.exe -Embedding	Command Line	Microsoft-Windows-Security-Auditing
12f4bb5a-95dd-4d30-9c88-7308463bb18d	Storage	0893a149-d439-48e7-885e-ebc35a496c07	Main	2025-12-06T07:02:16.049+03:00	An account was successfully logged on.	Windows	Microsoft	10.14.1.71	a.avakian	-	Kerberos	4624	-	Restricted admin mode	Microsoft-Windows-Security-Auditing
12f4bb5a-95dd-4d30-9c88-7308463bb18d	Storage	0893a149-d439-48e7-885e-ebc35a496c07	Main	2025-12-06T07:02:16.049+03:00	An account was successfully logged on.	Windows	Microsoft	10.14.1.71	a.avakian	-	Kerberos	4624	-	Restricted admin mode	Microsoft-Windows-Security-Auditing
12f4bb5a-95dd-4d30-9c88-7308463bb18d	Storage	0893a149-d439-48e7-885e-ebc35a496c07	Main	2025-12-06T07:02:16.050+03:00	Group membership information.	Windows	Microsoft	10.14.1.71	a.avakian	-		4627			Microsoft-Windows-Security-Auditing
12f4bb5a-95dd-4d30-9c88-7308463bb18d	Storage	0893a149-d439-48e7-885e-ebc35a496c07	Main	2025-12-06T07:02:16.050+03:00	Group membership information.	Windows	Microsoft	10.14.1.71	a.avakian	-		4627			Microsoft-Windows-Security-Auditing
12f4bb5a-95dd-4d30-9c88-7308463bb18d	Storage	0893a149-d439-48e7-885e-ebc35a496c07	Main	2025-12-06T07:03:22.553+03:00	A new process has been created.	Windows	Microsoft	10.50.101.5	a.avakian	tmtp-003672$	C:\\Windows\\System32\\svchost.exe	4688	C:\\Users\\A.Avakian\\AppData\\Local\\Microsoft\\OneDrive\\25.209.1026.0002\\FileCoAuth.exe -Embedding	Command Line	Microsoft-Windows-Security-Auditing
12f4bb5a-95dd-4d30-9c88-7308463bb18d	Storage	0893a149-d439-48e7-885e-ebc35a496c07	Main	2025-12-06T07:03:55.236+03:00	Group membership information.	Windows	Microsoft	10.14.1.72	a.avakian	-		4627			Microsoft-Windows-Security-Auditing
12f4bb5a-95dd-4d30-9c88-7308463bb18d	Storage	0893a149-d439-48e7-885e-ebc35a496c07	Main	2025-12-06T07:03:55.237+03:00	An account was successfully logged on.	Windows	Microsoft	10.14.1.72	a.avakian	-	Kerberos	4624	-	Restricted admin mode	Microsoft-Windows-Security-Auditing
12f4bb5a-95dd-4d30-9c88-7308463bb18d	Storage	0893a149-d439-48e7-885e-ebc35a496c07	Main	2025-12-06T07:03:55.263+03:00	Group membership information.	Windows	Microsoft	10.14.1.72	a.avakian	-		4627			Microsoft-Windows-Security-Auditing
12f4bb5a-95dd-4d30-9c88-7308463bb18d	Storage	0893a149-d439-48e7-885e-ebc35a496c07	Main	2025-12-06T07:03:55.264+03:00	An account was successfully logged on.	Windows	Microsoft	10.14.1.72	a.avakian	-	Kerberos	4624	-	Restricted admin mode	Microsoft-Windows-Security-Auditing
12f4bb5a-95dd-4d30-9c88-7308463bb18d	Storage	0893a149-d439-48e7-885e-ebc35a496c07	Main	2025-12-06T07:04:01.472+03:00	An account was logged off.	Windows	Microsoft	10.14.1.71	a.avakian			4634			Microsoft-Windows-Security-Auditing
12f4bb5a-95dd-4d30-9c88-7308463bb18d	Storage	0893a149-d439-48e7-885e-ebc35a496c07	Main	2025-12-06T07:04:16.601+03:00				10.14.1.72		UCLH\\A.Avakian					
12f4bb5a-95dd-4d30-9c88-7308463bb18d	Storage	0893a149-d439-48e7-885e-ebc35a496c07	Main	2025-12-06T07:04:16.601+03:00				10.14.1.72		UCLH\\A.Avakian					
12f4bb5a-95dd-4d30-9c88-7308463bb18d	Storage	0893a149-d439-48e7-885e-ebc35a496c07	Main	2025-12-06T07:04:16.601+03:00				10.14.1.72		UCLH\\A.Avakian					
12f4bb5a-95dd-4d30-9c88-7308463bb18d	Storage	0893a149-d439-48e7-885e-ebc35a496c07	Main	2025-12-06T07:04:18.093+03:00	An account was logged off.	Windows	Microsoft	10.14.1.71	a.avakian			4634			Microsoft-Windows-Security-Auditing
12f4bb5a-95dd-4d30-9c88-7308463bb18d	Storage	0893a149-d439-48e7-885e-ebc35a496c07	Main	2025-12-06T07:04:24.697+03:00				10.10.7.21		uclh%5Ca.avakian%40uclh.ru			Outlook-iOS-Android/1.0	User-Agent	
12f4bb5a-95dd-4d30-9c88-7308463bb18d	Storage	0893a149-d439-48e7-885e-ebc35a496c07	Main	2025-12-06T07:04:24.698+03:00				10.10.7.21		uclh%5Ca.avakian%40uclh.ru			Outlook-iOS-Android/1.0	User-Agent	
12f4bb5a-95dd-4d30-9c88-7308463bb18d	Storage	0893a149-d439-48e7-885e-ebc35a496c07	Main	2025-12-06T07:04:24.698+03:00				10.10.7.21		uclh%5Ca.avakian%40uclh.ru			Outlook-iOS-Android/1.0	User-Agent	
12f4bb5a-95dd-4d30-9c88-7308463bb18d	Storage	0893a149-d439-48e7-885e-ebc35a496c07	Main	2025-12-06T07:04:33.229+03:00	An account was successfully logged on.	Windows	Microsoft	10.14.1.72	a.avakian	-	Kerberos	4624	-	Restricted admin mode	Microsoft-Windows-Security-Auditing
12f4bb5a-95dd-4d30-9c88-7308463bb18d	Storage	0893a149-d439-48e7-885e-ebc35a496c07	Main	2025-12-06T07:04:33.272+03:00	Group membership information.	Windows	Microsoft	10.14.1.72	a.avakian	-		4627			Microsoft-Windows-Security-Auditing
12f4bb5a-95dd-4d30-9c88-7308463bb18d	Storage	0893a149-d439-48e7-885e-ebc35a496c07	Main	2025-12-06T07:04:42.006+03:00	A new process has been created.	Windows	Microsoft	10.50.101.5	a.avakian	tmtp-003672$	C:\\Windows\\System32\\svchost.exe	4688	C:\\Windows\\System32\\RuntimeBroker.exe -Embedding	Command Line	Microsoft-Windows-Security-Auditing
12f4bb5a-95dd-4d30-9c88-7308463bb18d	Storage	0893a149-d439-48e7-885e-ebc35a496c07	Main	2025-12-06T07:04:42.006+03:00	A new process has been created.	Windows	Microsoft	10.50.101.5	a.avakian	tmtp-003672$	C:\\Windows\\System32\\svchost.exe	4688	C:\\Windows\\system32\\BackgroundTaskHost.exe -ServerName:BackgroundTaskHost.WebAccountProvider	Command Line	Microsoft-Windows-Security-Auditing
12f4bb5a-95dd-4d30-9c88-7308463bb18d	Storage	0893a149-d439-48e7-885e-ebc35a496c07	Main	2025-12-06T07:05:45.183+03:00	An account was logged off.	Windows	Microsoft	10.14.1.72	a.avakian			4634			Microsoft-Windows-Security-Auditing
12f4bb5a-95dd-4d30-9c88-7308463bb18d	Storage	0893a149-d439-48e7-885e-ebc35a496c07	Main	2025-12-06T07:05:45.228+03:00	An account was logged off.	Windows	Microsoft	10.14.1.72	a.avakian			4634			Microsoft-Windows-Security-Auditing
12f4bb5a-95dd-4d30-9c88-7308463bb18d	Storage	0893a149-d439-48e7-885e-ebc35a496c07	Main	2025-12-06T07:06:37.284+03:00	An account was logged off.	Windows	Microsoft	10.14.1.72	a.avakian			4634			Microsoft-Windows-Security-Auditing
12f4bb5a-95dd-4d30-9c88-7308463bb18d	Storage	0893a149-d439-48e7-885e-ebc35a496c07	Main	2025-12-06T07:06:54.342+03:00	An account was logged off.	Windows	Microsoft	10.14.1.71	a.avakian			4634			Microsoft-Windows-Security-Auditing
12f4bb5a-95dd-4d30-9c88-7308463bb18d	Storage	0893a149-d439-48e7-885e-ebc35a496c07	Main	2025-12-06T07:07:03.628+03:00	Group membership information.	Windows	Microsoft	10.14.1.71	a.avakian	-		4627			Microsoft-Windows-Security-Auditing
12f4bb5a-95dd-4d30-9c88-7308463bb18d	Storage	0893a149-d439-48e7-885e-ebc35a496c07	Main	2025-12-06T07:07:03.628+03:00	An account was successfully logged on.	Windows	Microsoft	10.14.1.71	a.avakian	-	Kerberos	4624	-	Restricted admin mode	Microsoft-Windows-Security-Auditing
12f4bb5a-95dd-4d30-9c88-7308463bb18d	Storage	0893a149-d439-48e7-885e-ebc35a496c07	Main	2025-12-06T07:08:14.451+03:00	Group membership information.	Windows	Microsoft	10.14.1.72	a.avakian	-		4627			Microsoft-Windows-Security-Auditing
12f4bb5a-95dd-4d30-9c88-7308463bb18d	Storage	0893a149-d439-48e7-885e-ebc35a496c07	Main	2025-12-06T07:08:14.455+03:00	An account was successfully logged on.	Windows	Microsoft	10.14.1.72	a.avakian	-	Kerberos	4624	-	Restricted admin mode	Microsoft-Windows-Security-Auditing
12f4bb5a-95dd-4d30-9c88-7308463bb18d	Storage	0893a149-d439-48e7-885e-ebc35a496c07	Main	2025-12-06T07:08:27.778+03:00	An account was successfully logged on.	Windows	Microsoft	10.50.11.35	a.avakian	-	Kerberos	4624	-	Restricted admin mode	Microsoft-Windows-Security-Auditing
12f4bb5a-95dd-4d30-9c88-7308463bb18d	Storage	0893a149-d439-48e7-885e-ebc35a496c07	Main	2025-12-06T07:09:42.050+03:00	A new process has been created.	Windows	Microsoft	10.50.101.5	a.avakian	tmtp-003672$	C:\\Windows\\System32\\svchost.exe	4688	C:\\Windows\\system32\\BackgroundTaskHost.exe -ServerName:BackgroundTaskHost.WebAccountProvider	Command Line	Microsoft-Windows-Security-Auditing
12f4bb5a-95dd-4d30-9c88-7308463bb18d	Storage	0893a149-d439-48e7-885e-ebc35a496c07	Main	2025-12-06T07:09:42.050+03:00	A new process has been created.	Windows	Microsoft	10.50.101.5	a.avakian	tmtp-003672$	C:\\Windows\\System32\\svchost.exe	4688	C:\\Windows\\System32\\RuntimeBroker.exe -Embedding	Command Line	Microsoft-Windows-Security-Auditing
12f4bb5a-95dd-4d30-9c88-7308463bb18d	Storage	0893a149-d439-48e7-885e-ebc35a496c07	Main	2025-12-06T07:09:42.050+03:00	A new process has been created.	Windows	Microsoft	10.50.101.5	a.avakian	tmtp-003672$	C:\\Windows\\System32\\svchost.exe	4688	C:\\Windows\\system32\\BackgroundTaskHost.exe -ServerName:BackgroundTaskHost.WebAccountProvider	Command Line	Microsoft-Windows-Security-Auditing
12f4bb5a-95dd-4d30-9c88-7308463bb18d	Storage	0893a149-d439-48e7-885e-ebc35a496c07	Main	2025-12-06T07:09:47.472+03:00	An account was successfully logged on.	Windows	Microsoft	10.14.1.71	a.avakian	-	Kerberos	4624	-	Restricted admin mode	Microsoft-Windows-Security-Auditing
12f4bb5a-95dd-4d30-9c88-7308463bb18d	Storage	0893a149-d439-48e7-885e-ebc35a496c07	Main	2025-12-06T07:09:47.472+03:00	An account was successfully logged on.	Windows	Microsoft	10.14.1.71	a.avakian	-	Kerberos	4624	-	Restricted admin mode	Microsoft-Windows-Security-Auditing
12f4bb5a-95dd-4d30-9c88-7308463bb18d	Storage	0893a149-d439-48e7-885e-ebc35a496c07	Main	2025-12-06T07:09:47.472+03:00	Group membership information.	Windows	Microsoft	10.14.1.71	a.avakian	-		4627			Microsoft-Windows-Security-Auditing
12f4bb5a-95dd-4d30-9c88-7308463bb18d	Storage	0893a149-d439-48e7-885e-ebc35a496c07	Main	2025-12-06T07:09:47.473+03:00	Group membership information.	Windows	Microsoft	10.14.1.71	a.avakian	-		4627			Microsoft-Windows-Security-Auditing
12f4bb5a-95dd-4d30-9c88-7308463bb18d	Storage	0893a149-d439-48e7-885e-ebc35a496c07	Main	2025-12-06T07:10:22.597+03:00	An account was logged off.	Windows	Microsoft	10.14.1.72	a.avakian			4634			Microsoft-Windows-Security-Auditing
12f4bb5a-95dd-4d30-9c88-7308463bb18d	Storage	0893a149-d439-48e7-885e-ebc35a496c07	Main	2025-12-06T07:10:55.719+03:00	An account was logged off.	Windows	Microsoft	10.14.1.71	a.avakian			4634			Microsoft-Windows-Security-Auditing
12f4bb5a-95dd-4d30-9c88-7308463bb18d	Storage	0893a149-d439-48e7-885e-ebc35a496c07	Main	2025-12-06T07:10:55.739+03:00	An account was successfully logged on.	Windows	Microsoft	10.14.1.71	a.avakian	-	Kerberos	4624	-	Restricted admin mode	Microsoft-Windows-Security-Auditing
12f4bb5a-95dd-4d30-9c88-7308463bb18d	Storage	0893a149-d439-48e7-885e-ebc35a496c07	Main	2025-12-06T07:10:55.739+03:00	Group membership information.	Windows	Microsoft	10.14.1.71	a.avakian	-		4627			Microsoft-Windows-Security-Auditing
12f4bb5a-95dd-4d30-9c88-7308463bb18d	Storage	0893a149-d439-48e7-885e-ebc35a496c07	Main	2025-12-06T07:11:21.703+03:00	An account was logged off.	Windows	Microsoft	10.14.1.71	a.avakian			4634			Microsoft-Windows-Security-Auditing
12f4bb5a-95dd-4d30-9c88-7308463bb18d	Storage	0893a149-d439-48e7-885e-ebc35a496c07	Main	2025-12-06T07:11:39.689+03:00	An account was logged off.	Windows	Microsoft	10.14.1.71	a.avakian			4634			Microsoft-Windows-Security-Auditing
12f4bb5a-95dd-4d30-9c88-7308463bb18d	Storage	0893a149-d439-48e7-885e-ebc35a496c07	Main	2025-12-06T07:11:43.707+03:00	An account was successfully logged on.	Windows	Microsoft	10.14.1.72	a.avakian	-	Kerberos	4624	-	Restricted admin mode	Microsoft-Windows-Security-Auditing
12f4bb5a-95dd-4d30-9c88-7308463bb18d	Storage	0893a149-d439-48e7-885e-ebc35a496c07	Main	2025-12-06T07:11:43.707+03:00	An account was successfully logged on.	Windows	Microsoft	10.14.1.72	a.avakian	-	Kerberos	4624	-	Restricted admin mode	Microsoft-Windows-Security-Auditing
12f4bb5a-95dd-4d30-9c88-7308463bb18d	Storage	0893a149-d439-48e7-885e-ebc35a496c07	Main	2025-12-06T07:11:43.707+03:00	Group membership information.	Windows	Microsoft	10.14.1.72	a.avakian	-		4627			Microsoft-Windows-Security-Auditing
12f4bb5a-95dd-4d30-9c88-7308463bb18d	Storage	0893a149-d439-48e7-885e-ebc35a496c07	Main	2025-12-06T07:11:43.707+03:00	Group membership information.	Windows	Microsoft	10.14.1.72	a.avakian	-		4627			Microsoft-Windows-Security-Auditing
12f4bb5a-95dd-4d30-9c88-7308463bb18d	Storage	0893a149-d439-48e7-885e-ebc35a496c07	Main	2025-12-06T07:13:04.862+03:00	An account was logged off.	Windows	Microsoft	10.14.1.72	a.avakian			4634			Microsoft-Windows-Security-Auditing
12f4bb5a-95dd-4d30-9c88-7308463bb18d	Storage	0893a149-d439-48e7-885e-ebc35a496c07	Main	2025-12-06T07:13:05.761+03:00	An account was logged off.	Windows	Microsoft	10.14.1.72	a.avakian			4634			Microsoft-Windows-Security-Auditing
12f4bb5a-95dd-4d30-9c88-7308463bb18d	Storage	0893a149-d439-48e7-885e-ebc35a496c07	Main	2025-12-06T07:13:24.150+03:00	A new process has been created.	Windows	Microsoft	10.50.101.5	a.avakian	tmtp-003672$	C:\\Windows\\System32\\svchost.exe	4688	C:\\Users\\A.Avakian\\AppData\\Local\\Microsoft\\OneDrive\\25.209.1026.0002\\FileCoAuth.exe -Embedding	Command Line	Microsoft-Windows-Security-Auditing
12f4bb5a-95dd-4d30-9c88-7308463bb18d	Storage	0893a149-d439-48e7-885e-ebc35a496c07	Main	2025-12-06T07:15:48.026+03:00	An account was successfully logged on.	Windows	Microsoft	10.14.1.72	a.avakian	-	Kerberos	4624	-	Restricted admin mode	Microsoft-Windows-Security-Auditing
12f4bb5a-95dd-4d30-9c88-7308463bb18d	Storage	0893a149-d439-48e7-885e-ebc35a496c07	Main	2025-12-06T07:15:48.029+03:00	Group membership information.	Windows	Microsoft	10.14.1.72	a.avakian	-		4627			Microsoft-Windows-Security-Auditing
12f4bb5a-95dd-4d30-9c88-7308463bb18d	Storage	0893a149-d439-48e7-885e-ebc35a496c07	Main	2025-12-06T07:15:53.131+03:00	An account was successfully logged on.	Windows	Microsoft	10.14.1.71	a.avakian	-	Kerberos	4624	-	Restricted admin mode	Microsoft-Windows-Security-Auditing
12f4bb5a-95dd-4d30-9c88-7308463bb18d	Storage	0893a149-d439-48e7-885e-ebc35a496c07	Main	2025-12-06T07:15:53.131+03:00	An account was successfully logged on.	Windows	Microsoft	10.14.1.71	a.avakian	-	Kerberos	4624	-	Restricted admin mode	Microsoft-Windows-Security-Auditing
12f4bb5a-95dd-4d30-9c88-7308463bb18d	Storage	0893a149-d439-48e7-885e-ebc35a496c07	Main	2025-12-06T07:15:53.131+03:00	Group membership information.	Windows	Microsoft	10.14.1.71	a.avakian	-		4627			Microsoft-Windows-Security-Auditing
12f4bb5a-95dd-4d30-9c88-7308463bb18d	Storage	0893a149-d439-48e7-885e-ebc35a496c07	Main	2025-12-06T07:15:53.132+03:00	Group membership information.	Windows	Microsoft	10.14.1.71	a.avakian	-		4627			Microsoft-Windows-Security-Auditing
12f4bb5a-95dd-4d30-9c88-7308463bb18d	Storage	0893a149-d439-48e7-885e-ebc35a496c07	Main	2025-12-06T07:16:36.126+03:00	A new process has been created.	Windows	Microsoft	10.50.101.5	a.avakian	tmtp-003672$	C:\\Windows\\System32\\svchost.exe	4688	C:\\Windows\\System32\\RuntimeBroker.exe -Embedding	Command Line	Microsoft-Windows-Security-Auditing
12f4bb5a-95dd-4d30-9c88-7308463bb18d	Storage	0893a149-d439-48e7-885e-ebc35a496c07	Main	2025-12-06T07:16:36.127+03:00	A new process has been created.	Windows	Microsoft	10.50.101.5	a.avakian	tmtp-003672$	C:\\Windows\\System32\\svchost.exe	4688	C:\\Windows\\system32\\backgroundTaskHost.exe -ServerName:Global.DesktopSpotlight.AppXz2j21w56bgxkgsjhtn7zkjsepq96erz2.mca	Command Line	Microsoft-Windows-Security-Auditing
12f4bb5a-95dd-4d30-9c88-7308463bb18d	Storage	0893a149-d439-48e7-885e-ebc35a496c07	Main	2025-12-06T07:16:38.106+03:00	An account was successfully logged on.	Windows	Microsoft	10.14.1.72	a.avakian	-	Kerberos	4624	-	Restricted admin mode	Microsoft-Windows-Security-Auditing
12f4bb5a-95dd-4d30-9c88-7308463bb18d	Storage	0893a149-d439-48e7-885e-ebc35a496c07	Main	2025-12-06T07:16:38.107+03:00	An account was successfully logged on.	Windows	Microsoft	10.14.1.72	a.avakian	-	Kerberos	4624	-	Restricted admin mode	Microsoft-Windows-Security-Auditing
12f4bb5a-95dd-4d30-9c88-7308463bb18d	Storage	0893a149-d439-48e7-885e-ebc35a496c07	Main	2025-12-06T07:16:38.109+03:00	Group membership information.	Windows	Microsoft	10.14.1.72	a.avakian	-		4627			Microsoft-Windows-Security-Auditing
12f4bb5a-95dd-4d30-9c88-7308463bb18d	Storage	0893a149-d439-48e7-885e-ebc35a496c07	Main	2025-12-06T07:16:38.109+03:00	Group membership information.	Windows	Microsoft	10.14.1.72	a.avakian	-		4627			Microsoft-Windows-Security-Auditing
12f4bb5a-95dd-4d30-9c88-7308463bb18d	Storage	0893a149-d439-48e7-885e-ebc35a496c07	Main	2025-12-06T07:17:10.154+03:00	An account was logged off.	Windows	Microsoft	10.14.1.71	a.avakian			4634			Microsoft-Windows-Security-Auditing
12f4bb5a-95dd-4d30-9c88-7308463bb18d	Storage	0893a149-d439-48e7-885e-ebc35a496c07	Main	2025-12-06T07:17:17.213+03:00	An account was successfully logged on.	Windows	Microsoft	10.14.1.72	a.avakian	-	Kerberos	4624	-	Restricted admin mode	Microsoft-Windows-Security-Auditing
12f4bb5a-95dd-4d30-9c88-7308463bb18d	Storage	0893a149-d439-48e7-885e-ebc35a496c07	Main	2025-12-06T07:17:17.213+03:00	An account was logged off.	Windows	Microsoft	10.14.1.72	a.avakian			4634			Microsoft-Windows-Security-Auditing
12f4bb5a-95dd-4d30-9c88-7308463bb18d	Storage	0893a149-d439-48e7-885e-ebc35a496c07	Main	2025-12-06T07:17:17.214+03:00	Group membership information.	Windows	Microsoft	10.14.1.72	a.avakian	-		4627			Microsoft-Windows-Security-Auditing
12f4bb5a-95dd-4d30-9c88-7308463bb18d	Storage	0893a149-d439-48e7-885e-ebc35a496c07	Main	2025-12-06T07:17:55.303+03:00	An account was logged off.	Windows	Microsoft	10.14.1.71	a.avakian			4634			Microsoft-Windows-Security-Auditing
12f4bb5a-95dd-4d30-9c88-7308463bb18d	Storage	0893a149-d439-48e7-885e-ebc35a496c07	Main	2025-12-06T07:18:21.314+03:00	An account was logged off.	Windows	Microsoft	10.14.1.72	a.avakian			4634			Microsoft-Windows-Security-Auditing
12f4bb5a-95dd-4d30-9c88-7308463bb18d	Storage	0893a149-d439-48e7-885e-ebc35a496c07	Main	2025-12-06T07:18:35.281+03:00	An account was logged off.	Windows	Microsoft	10.14.1.72	a.avakian			4634			Microsoft-Windows-Security-Auditing
12f4bb5a-95dd-4d30-9c88-7308463bb18d	Storage	0893a149-d439-48e7-885e-ebc35a496c07	Main	2025-12-06T07:18:36.304+03:00	An account was logged off.	Windows	Microsoft	10.14.1.72	a.avakian			4634			Microsoft-Windows-Security-Auditing
12f4bb5a-95dd-4d30-9c88-7308463bb18d	Storage	0893a149-d439-48e7-885e-ebc35a496c07	Main	2025-12-06T07:19:07.302+03:00				10.14.1.72		UCLH\\A.Avakian					
12f4bb5a-95dd-4d30-9c88-7308463bb18d	Storage	0893a149-d439-48e7-885e-ebc35a496c07	Main	2025-12-06T07:19:07.302+03:00				10.14.1.72		UCLH\\A.Avakian					
12f4bb5a-95dd-4d30-9c88-7308463bb18d	Storage	0893a149-d439-48e7-885e-ebc35a496c07	Main	2025-12-06T07:19:13.353+03:00				10.10.7.21		uclh%5Ca.avakian%40uclh.ru			Outlook-iOS-Android/1.0	User-Agent	
12f4bb5a-95dd-4d30-9c88-7308463bb18d	Storage	0893a149-d439-48e7-885e-ebc35a496c07	Main	2025-12-06T07:19:13.353+03:00				10.10.7.21		uclh%5Ca.avakian%40uclh.ru			Outlook-iOS-Android/1.0	User-Agent	
12f4bb5a-95dd-4d30-9c88-7308463bb18d	Storage	0893a149-d439-48e7-885e-ebc35a496c07	Main	2025-12-06T07:19:13.356+03:00				10.10.7.21		uclh%5Ca.avakian%40uclh.ru			Outlook-iOS-Android/1.0	User-Agent	
12f4bb5a-95dd-4d30-9c88-7308463bb18d	Storage	0893a149-d439-48e7-885e-ebc35a496c07	Main	2025-12-06T07:19:13.357+03:00				10.10.7.21		uclh%5Ca.avakian%40uclh.ru			Outlook-iOS-Android/1.0	User-Agent	
12f4bb5a-95dd-4d30-9c88-7308463bb18d	Storage	0893a149-d439-48e7-885e-ebc35a496c07	Main	2025-12-06T07:23:23.042+03:00	A new process has been created.	Windows	Microsoft	10.50.101.5	a.avakian	tmtp-003672$	C:\\Windows\\System32\\svchost.exe	4688	C:\\Users\\A.Avakian\\AppData\\Local\\Microsoft\\OneDrive\\25.209.1026.0002\\FileCoAuth.exe -Embedding	Command Line	Microsoft-Windows-Security-Auditing
12f4bb5a-95dd-4d30-9c88-7308463bb18d	Storage	0893a149-d439-48e7-885e-ebc35a496c07	Main	2025-12-06T07:24:03.808+03:00	An account was successfully logged on.	Windows	Microsoft	10.14.1.71	a.avakian	-	Kerberos	4624	-	Restricted admin mode	Microsoft-Windows-Security-Auditing
12f4bb5a-95dd-4d30-9c88-7308463bb18d	Storage	0893a149-d439-48e7-885e-ebc35a496c07	Main	2025-12-06T07:24:03.808+03:00	Group membership information.	Windows	Microsoft	10.14.1.71	a.avakian	-		4627			Microsoft-Windows-Security-Auditing
12f4bb5a-95dd-4d30-9c88-7308463bb18d	Storage	0893a149-d439-48e7-885e-ebc35a496c07	Main	2025-12-06T07:24:03.808+03:00	An account was successfully logged on.	Windows	Microsoft	10.14.1.71	a.avakian	-	Kerberos	4624	-	Restricted admin mode	Microsoft-Windows-Security-Auditing
12f4bb5a-95dd-4d30-9c88-7308463bb18d	Storage	0893a149-d439-48e7-885e-ebc35a496c07	Main	2025-12-06T07:24:03.811+03:00	Group membership information.	Windows	Microsoft	10.14.1.71	a.avakian	-		4627			Microsoft-Windows-Security-Auditing
12f4bb5a-95dd-4d30-9c88-7308463bb18d	Storage	0893a149-d439-48e7-885e-ebc35a496c07	Main	2025-12-06T07:24:06.875+03:00				10.14.1.72		UCLH\\A.Avakian					
12f4bb5a-95dd-4d30-9c88-7308463bb18d	Storage	0893a149-d439-48e7-885e-ebc35a496c07	Main	2025-12-06T07:24:06.877+03:00				10.14.1.72		UCLH\\A.Avakian					
12f4bb5a-95dd-4d30-9c88-7308463bb18d	Storage	0893a149-d439-48e7-885e-ebc35a496c07	Main	2025-12-06T07:24:13.966+03:00				10.10.7.21		uclh%5Ca.avakian%40uclh.ru			Outlook-iOS-Android/1.0	User-Agent	
12f4bb5a-95dd-4d30-9c88-7308463bb18d	Storage	0893a149-d439-48e7-885e-ebc35a496c07	Main	2025-12-06T07:24:13.971+03:00				10.10.7.21		uclh%5Ca.avakian%40uclh.ru			Outlook-iOS-Android/1.0	User-Agent	
12f4bb5a-95dd-4d30-9c88-7308463bb18d	Storage	0893a149-d439-48e7-885e-ebc35a496c07	Main	2025-12-06T07:25:02.028+03:00	An account was successfully logged on.	Windows	Microsoft	10.14.1.72	a.avakian	-	Kerberos	4624	-	Restricted admin mode	Microsoft-Windows-Security-Auditing
12f4bb5a-95dd-4d30-9c88-7308463bb18d	Storage	0893a149-d439-48e7-885e-ebc35a496c07	Main	2025-12-06T07:25:02.028+03:00	An account was successfully logged on.	Windows	Microsoft	10.14.1.72	a.avakian	-	Kerberos	4624	-	Restricted admin mode	Microsoft-Windows-Security-Auditing
12f4bb5a-95dd-4d30-9c88-7308463bb18d	Storage	0893a149-d439-48e7-885e-ebc35a496c07	Main	2025-12-06T07:25:02.028+03:00	Group membership information.	Windows	Microsoft	10.14.1.72	a.avakian	-		4627			Microsoft-Windows-Security-Auditing
12f4bb5a-95dd-4d30-9c88-7308463bb18d	Storage	0893a149-d439-48e7-885e-ebc35a496c07	Main	2025-12-06T07:25:02.031+03:00	Group membership information.	Windows	Microsoft	10.14.1.72	a.avakian	-		4627			Microsoft-Windows-Security-Auditing
12f4bb5a-95dd-4d30-9c88-7308463bb18d	Storage	0893a149-d439-48e7-885e-ebc35a496c07	Main	2025-12-06T07:26:02.195+03:00	An account was logged off.	Windows	Microsoft	10.14.1.71	a.avakian			4634			Microsoft-Windows-Security-Auditing
12f4bb5a-95dd-4d30-9c88-7308463bb18d	Storage	0893a149-d439-48e7-885e-ebc35a496c07	Main	2025-12-06T07:26:06.406+03:00	A new process has been created.	Windows	Microsoft	10.50.101.5	a.avakian	tmtp-003672$	C:\\Windows\\System32\\svchost.exe	4688	C:\\Windows\\system32\\BackgroundTaskHost.exe -ServerName:BackgroundTaskHost.WebAccountProvider	Command Line	Microsoft-Windows-Security-Auditing
12f4bb5a-95dd-4d30-9c88-7308463bb18d	Storage	0893a149-d439-48e7-885e-ebc35a496c07	Main	2025-12-06T07:26:06.406+03:00	A new process has been created.	Windows	Microsoft	10.50.101.5	-	a.avakian	C:\\Program Files (x86)\\Citrix\\ICA Client\\SelfServicePlugin\\SelfServicePlugin.exe	4688	C:\\Program Files (x86)\\Citrix\\ICA Client\\SelfServicePlugin\\SelfService.exe -periodicpoll	Command Line	Microsoft-Windows-Security-Auditing
12f4bb5a-95dd-4d30-9c88-7308463bb18d	Storage	0893a149-d439-48e7-885e-ebc35a496c07	Main	2025-12-06T07:26:06.897+03:00	An account was logged off.	Windows	Microsoft	10.14.1.71	a.avakian			4634			Microsoft-Windows-Security-Auditing
12f4bb5a-95dd-4d30-9c88-7308463bb18d	Storage	0893a149-d439-48e7-885e-ebc35a496c07	Main	2025-12-06T07:26:45.085+03:00	Group membership information.	Windows	Microsoft	10.14.1.72	a.avakian	-		4627			Microsoft-Windows-Security-Auditing
12f4bb5a-95dd-4d30-9c88-7308463bb18d	Storage	0893a149-d439-48e7-885e-ebc35a496c07	Main	2025-12-06T07:26:45.086+03:00	An account was successfully logged on.	Windows	Microsoft	10.14.1.72	a.avakian	-	Kerberos	4624	-	Restricted admin mode	Microsoft-Windows-Security-Auditing
12f4bb5a-95dd-4d30-9c88-7308463bb18d	Storage	0893a149-d439-48e7-885e-ebc35a496c07	Main	2025-12-06T07:26:45.970+03:00	An account was logged off.	Windows	Microsoft	10.14.1.72	a.avakian			4634			Microsoft-Windows-Security-Auditing
12f4bb5a-95dd-4d30-9c88-7308463bb18d	Storage	0893a149-d439-48e7-885e-ebc35a496c07	Main	2025-12-06T07:27:09.045+03:00	An account was logged off.	Windows	Microsoft	10.14.1.72	a.avakian			4634			Microsoft-Windows-Security-Auditing
12f4bb5a-95dd-4d30-9c88-7308463bb18d	Storage	0893a149-d439-48e7-885e-ebc35a496c07	Main	2025-12-06T07:27:09.045+03:00	An account was logged off.	Windows	Microsoft	10.14.1.72	a.avakian			4634			Microsoft-Windows-Security-Auditing
12f4bb5a-95dd-4d30-9c88-7308463bb18d	Storage	0893a149-d439-48e7-885e-ebc35a496c07	Main	2025-12-06T07:28:31.088+03:00	An account was successfully logged on.	Windows	Microsoft	10.14.1.72	a.avakian	-	Kerberos	4624	-	Restricted admin mode	Microsoft-Windows-Security-Auditing
12f4bb5a-95dd-4d30-9c88-7308463bb18d	Storage	0893a149-d439-48e7-885e-ebc35a496c07	Main	2025-12-06T07:28:31.090+03:00	Group membership information.	Windows	Microsoft	10.14.1.72	a.avakian	-		4627			Microsoft-Windows-Security-Auditing
12f4bb5a-95dd-4d30-9c88-7308463bb18d	Storage	0893a149-d439-48e7-885e-ebc35a496c07	Main	2025-12-06T07:29:07.159+03:00				10.14.1.72		UCLH\\A.Avakian					
12f4bb5a-95dd-4d30-9c88-7308463bb18d	Storage	0893a149-d439-48e7-885e-ebc35a496c07	Main	2025-12-06T07:29:13.498+03:00				10.10.7.21		uclh%5Ca.avakian%40uclh.ru			Outlook-iOS-Android/1.0	User-Agent	
12f4bb5a-95dd-4d30-9c88-7308463bb18d	Storage	0893a149-d439-48e7-885e-ebc35a496c07	Main	2025-12-06T07:29:13.499+03:00				10.10.7.21		uclh%5Ca.avakian%40uclh.ru			Outlook-iOS-Android/1.0	User-Agent	
12f4bb5a-95dd-4d30-9c88-7308463bb18d	Storage	0893a149-d439-48e7-885e-ebc35a496c07	Main	2025-12-06T07:29:35.218+03:00	Group membership information.	Windows	Microsoft	10.14.1.71	a.avakian	-		4627			Microsoft-Windows-Security-Auditing
12f4bb5a-95dd-4d30-9c88-7308463bb18d	Storage	0893a149-d439-48e7-885e-ebc35a496c07	Main	2025-12-06T07:29:35.218+03:00	An account was successfully logged on.	Windows	Microsoft	10.14.1.71	a.avakian	-	Kerberos	4624	-	Restricted admin mode	Microsoft-Windows-Security-Auditing
12f4bb5a-95dd-4d30-9c88-7308463bb18d	Storage	0893a149-d439-48e7-885e-ebc35a496c07	Main	2025-12-06T07:30:38.422+03:00	An account was logged off.	Windows	Microsoft	10.14.1.72	a.avakian			4634			Microsoft-Windows-Security-Auditing
12f4bb5a-95dd-4d30-9c88-7308463bb18d	Storage	0893a149-d439-48e7-885e-ebc35a496c07	Main	2025-12-06T07:31:07.353+03:00	An account was logged off.	Windows	Microsoft	10.14.1.71	a.avakian			4634			Microsoft-Windows-Security-Auditing
12f4bb5a-95dd-4d30-9c88-7308463bb18d	Storage	0893a149-d439-48e7-885e-ebc35a496c07	Main	2025-12-06T07:31:25.237+03:00	A new process has been created.	Windows	Microsoft	10.50.101.5	a.avakian	tmtp-003672$	C:\\Windows\\System32\\svchost.exe	4688	C:\\Windows\\system32\\backgroundTaskHost.exe -ServerName:Global.DesktopSpotlight.AppXz2j21w56bgxkgsjhtn7zkjsepq96erz2.mca	Command Line	Microsoft-Windows-Security-Auditing
12f4bb5a-95dd-4d30-9c88-7308463bb18d	Storage	0893a149-d439-48e7-885e-ebc35a496c07	Main	2025-12-06T07:31:26.235+03:00	A new process has been created.	Windows	Microsoft	10.50.101.5	a.avakian	tmtp-003672$	C:\\Windows\\System32\\svchost.exe	4688	C:\\Windows\\System32\\RuntimeBroker.exe -Embedding	Command Line	Microsoft-Windows-Security-Auditing
12f4bb5a-95dd-4d30-9c88-7308463bb18d	Storage	0893a149-d439-48e7-885e-ebc35a496c07	Main	2025-12-06T07:31:54.412+03:00	An account was logged off.	Windows	Microsoft	10.14.1.72	a.avakian			4634			Microsoft-Windows-Security-Auditing
12f4bb5a-95dd-4d30-9c88-7308463bb18d	Storage	0893a149-d439-48e7-885e-ebc35a496c07	Main	2025-12-06T07:31:57.493+03:00	An account was successfully logged on.	Windows	Microsoft	10.14.1.72	a.avakian	-	Kerberos	4624	-	Restricted admin mode	Microsoft-Windows-Security-Auditing
12f4bb5a-95dd-4d30-9c88-7308463bb18d	Storage	0893a149-d439-48e7-885e-ebc35a496c07	Main	2025-12-06T07:31:57.493+03:00	Group membership information.	Windows	Microsoft	10.14.1.72	a.avakian	-		4627			Microsoft-Windows-Security-Auditing
12f4bb5a-95dd-4d30-9c88-7308463bb18d	Storage	0893a149-d439-48e7-885e-ebc35a496c07	Main	2025-12-06T07:32:06.530+03:00	An account was successfully logged on.	Windows	Microsoft	10.14.1.71	a.avakian	-	Kerberos	4624	-	Restricted admin mode	Microsoft-Windows-Security-Auditing
12f4bb5a-95dd-4d30-9c88-7308463bb18d	Storage	0893a149-d439-48e7-885e-ebc35a496c07	Main	2025-12-06T07:32:06.530+03:00	Group membership information.	Windows	Microsoft	10.14.1.71	a.avakian	-		4627			Microsoft-Windows-Security-Auditing
12f4bb5a-95dd-4d30-9c88-7308463bb18d	Storage	0893a149-d439-48e7-885e-ebc35a496c07	Main	2025-12-06T07:32:06.530+03:00	An account was successfully logged on.	Windows	Microsoft	10.14.1.71	a.avakian	-	Kerberos	4624	-	Restricted admin mode	Microsoft-Windows-Security-Auditing
12f4bb5a-95dd-4d30-9c88-7308463bb18d	Storage	0893a149-d439-48e7-885e-ebc35a496c07	Main	2025-12-06T07:32:06.530+03:00	Group membership information.	Windows	Microsoft	10.14.1.71	a.avakian	-		4627			Microsoft-Windows-Security-Auditing
12f4bb5a-95dd-4d30-9c88-7308463bb18d	Storage	0893a149-d439-48e7-885e-ebc35a496c07	Main	2025-12-06T07:33:22.605+03:00	An account was logged off.	Windows	Microsoft	10.14.1.71	a.avakian			4634			Microsoft-Windows-Security-Auditing
12f4bb5a-95dd-4d30-9c88-7308463bb18d	Storage	0893a149-d439-48e7-885e-ebc35a496c07	Main	2025-12-06T07:33:23.352+03:00	A new process has been created.	Windows	Microsoft	10.50.101.5	a.avakian	tmtp-003672$	C:\\Windows\\System32\\svchost.exe	4688	C:\\Users\\A.Avakian\\AppData\\Local\\Microsoft\\OneDrive\\25.209.1026.0002\\FileCoAuth.exe -Embedding	Command Line	Microsoft-Windows-Security-Auditing
12f4bb5a-95dd-4d30-9c88-7308463bb18d	Storage	0893a149-d439-48e7-885e-ebc35a496c07	Main	2025-12-06T07:33:25.554+03:00	An account was successfully logged on.	Windows	Microsoft	10.14.1.72	a.avakian	-	Kerberos	4624	-	Restricted admin mode	Microsoft-Windows-Security-Auditing
12f4bb5a-95dd-4d30-9c88-7308463bb18d	Storage	0893a149-d439-48e7-885e-ebc35a496c07	Main	2025-12-06T07:33:25.554+03:00	Group membership information.	Windows	Microsoft	10.14.1.72	a.avakian	-		4627			Microsoft-Windows-Security-Auditing
12f4bb5a-95dd-4d30-9c88-7308463bb18d	Storage	0893a149-d439-48e7-885e-ebc35a496c07	Main	2025-12-06T07:33:25.554+03:00	An account was successfully logged on.	Windows	Microsoft	10.14.1.72	a.avakian	-	Kerberos	4624	-	Restricted admin mode	Microsoft-Windows-Security-Auditing
12f4bb5a-95dd-4d30-9c88-7308463bb18d	Storage	0893a149-d439-48e7-885e-ebc35a496c07	Main	2025-12-06T07:33:25.555+03:00	Group membership information.	Windows	Microsoft	10.14.1.72	a.avakian	-		4627			Microsoft-Windows-Security-Auditing
12f4bb5a-95dd-4d30-9c88-7308463bb18d	Storage	0893a149-d439-48e7-885e-ebc35a496c07	Main	2025-12-06T07:33:39.730+03:00	An account was logged off.	Windows	Microsoft	10.14.1.71	a.avakian			4634			Microsoft-Windows-Security-Auditing
12f4bb5a-95dd-4d30-9c88-7308463bb18d	Storage	0893a149-d439-48e7-885e-ebc35a496c07	Main	2025-12-06T07:34:25.119+03:00	An account was successfully logged on.	Windows	Microsoft	10.14.1.71	a.avakian	-	Kerberos	4624	-	Restricted admin mode	Microsoft-Windows-Security-Auditing
12f4bb5a-95dd-4d30-9c88-7308463bb18d	Storage	0893a149-d439-48e7-885e-ebc35a496c07	Main	2025-12-06T07:34:25.119+03:00	Group membership information.	Windows	Microsoft	10.14.1.71	a.avakian	-		4627			Microsoft-Windows-Security-Auditing
12f4bb5a-95dd-4d30-9c88-7308463bb18d	Storage	0893a149-d439-48e7-885e-ebc35a496c07	Main	2025-12-06T07:34:26.720+03:00				10.10.7.21		uclh%5Ca.avakian%40uclh.ru			Outlook-iOS-Android/1.0	User-Agent	
12f4bb5a-95dd-4d30-9c88-7308463bb18d	Storage	0893a149-d439-48e7-885e-ebc35a496c07	Main	2025-12-06T07:34:30.609+03:00	Group membership information.	Windows	Microsoft	10.14.1.71	a.avakian	-		4627			Microsoft-Windows-Security-Auditing
12f4bb5a-95dd-4d30-9c88-7308463bb18d	Storage	0893a149-d439-48e7-885e-ebc35a496c07	Main	2025-12-06T07:34:30.609+03:00	An account was successfully logged on.	Windows	Microsoft	10.14.1.71	a.avakian	-	Kerberos	4624	-	Restricted admin mode	Microsoft-Windows-Security-Auditing
12f4bb5a-95dd-4d30-9c88-7308463bb18d	Storage	0893a149-d439-48e7-885e-ebc35a496c07	Main	2025-12-06T07:34:59.322+03:00	A new process has been created.	Windows	Microsoft	10.50.101.5	a.avakian	tmtp-003672$	C:\\Windows\\System32\\SearchIndexer.exe	4688	"C:\\Windows\\system32\\SearchProtocolHost.exe Global\\UsGthrFltPipeMssGthrPipe_S-1-5-21-2466243303-2766591412-4162608119-10969390_ Global\\UsGthrCtrlFltPipeMssGthrPipe_S-1-5-21-2466243303-2766591412-4162608119-10969390 1 -2147483646 ""Software\\Microsoft\\Windows Search"" ""Mozilla/4.0 (compatible; MSIE 6.0; Windows NT; MS Search 4.0 Robot)"" ""C:\\ProgramData\\Microsoft\\Search\\Data\\Temp\\usgthrsvc"" ""DownLevelDaemon""  ""1"""	Command Line	Microsoft-Windows-Security-Auditing
12f4bb5a-95dd-4d30-9c88-7308463bb18d	Storage	0893a149-d439-48e7-885e-ebc35a496c07	Main	2025-12-06T07:35:05.649+03:00	An account was logged off.	Windows	Microsoft	10.14.1.72	a.avakian			4634			Microsoft-Windows-Security-Auditing
12f4bb5a-95dd-4d30-9c88-7308463bb18d	Storage	0893a149-d439-48e7-885e-ebc35a496c07	Main	2025-12-06T07:35:05.710+03:00	An account was logged off.	Windows	Microsoft	10.14.1.72	a.avakian			4634			Microsoft-Windows-Security-Auditing
12f4bb5a-95dd-4d30-9c88-7308463bb18d	Storage	0893a149-d439-48e7-885e-ebc35a496c07	Main	2025-12-06T07:36:22.815+03:00	An account was logged off.	Windows	Microsoft	10.14.1.71	a.avakian			4634			Microsoft-Windows-Security-Auditing
12f4bb5a-95dd-4d30-9c88-7308463bb18d	Storage	0893a149-d439-48e7-885e-ebc35a496c07	Main	2025-12-06T07:36:35.870+03:00	An account was logged off.	Windows	Microsoft	10.14.1.71	a.avakian			4634			Microsoft-Windows-Security-Auditing
12f4bb5a-95dd-4d30-9c88-7308463bb18d	Storage	0893a149-d439-48e7-885e-ebc35a496c07	Main	2025-12-06T07:39:07.021+03:00				10.14.1.72		UCLH\\A.Avakian					
12f4bb5a-95dd-4d30-9c88-7308463bb18d	Storage	0893a149-d439-48e7-885e-ebc35a496c07	Main	2025-12-06T07:39:07.054+03:00				10.14.1.72		UCLH\\A.Avakian					
12f4bb5a-95dd-4d30-9c88-7308463bb18d	Storage	0893a149-d439-48e7-885e-ebc35a496c07	Main	2025-12-06T07:39:47.095+03:00	An account was successfully logged on.	Windows	Microsoft	10.14.1.72	a.avakian	-	Kerberos	4624	-	Restricted admin mode	Microsoft-Windows-Security-Auditing
12f4bb5a-95dd-4d30-9c88-7308463bb18d	Storage	0893a149-d439-48e7-885e-ebc35a496c07	Main	2025-12-06T07:39:47.097+03:00	Group membership information.	Windows	Microsoft	10.14.1.72	a.avakian	-		4627			Microsoft-Windows-Security-Auditing
12f4bb5a-95dd-4d30-9c88-7308463bb18d	Storage	0893a149-d439-48e7-885e-ebc35a496c07	Main	2025-12-06T07:39:55.150+03:00	An account was logged off.	Windows	Microsoft	10.14.1.71	a.avakian			4634			Microsoft-Windows-Security-Auditing
12f4bb5a-95dd-4d30-9c88-7308463bb18d	Storage	0893a149-d439-48e7-885e-ebc35a496c07	Main	2025-12-06T07:40:06.124+03:00	An account was successfully logged on.	Windows	Microsoft	10.14.1.71	a.avakian	-	Kerberos	4624	-	Restricted admin mode	Microsoft-Windows-Security-Auditing
12f4bb5a-95dd-4d30-9c88-7308463bb18d	Storage	0893a149-d439-48e7-885e-ebc35a496c07	Main	2025-12-06T07:40:06.124+03:00	Group membership information.	Windows	Microsoft	10.14.1.71	a.avakian	-		4627			Microsoft-Windows-Security-Auditing
12f4bb5a-95dd-4d30-9c88-7308463bb18d	Storage	0893a149-d439-48e7-885e-ebc35a496c07	Main	2025-12-06T07:40:06.161+03:00	An account was successfully logged on.	Windows	Microsoft	10.14.1.71	a.avakian	-	Kerberos	4624	-	Restricted admin mode	Microsoft-Windows-Security-Auditing
12f4bb5a-95dd-4d30-9c88-7308463bb18d	Storage	0893a149-d439-48e7-885e-ebc35a496c07	Main	2025-12-06T07:40:06.168+03:00	Group membership information.	Windows	Microsoft	10.14.1.71	a.avakian	-		4627			Microsoft-Windows-Security-Auditing
12f4bb5a-95dd-4d30-9c88-7308463bb18d	Storage	0893a149-d439-48e7-885e-ebc35a496c07	Main	2025-12-06T07:41:34.678+03:00	An account was successfully logged on.	Windows	Microsoft	10.14.1.72	a.avakian	-	Kerberos	4624	-	Restricted admin mode	Microsoft-Windows-Security-Auditing
12f4bb5a-95dd-4d30-9c88-7308463bb18d	Storage	0893a149-d439-48e7-885e-ebc35a496c07	Main	2025-12-06T07:41:34.678+03:00	Group membership information.	Windows	Microsoft	10.14.1.72	a.avakian	-		4627			Microsoft-Windows-Security-Auditing
12f4bb5a-95dd-4d30-9c88-7308463bb18d	Storage	0893a149-d439-48e7-885e-ebc35a496c07	Main	2025-12-06T07:41:42.283+03:00	An account was successfully logged on.	Windows	Microsoft	10.14.1.72	a.avakian	-	Kerberos	4624	-	Restricted admin mode	Microsoft-Windows-Security-Auditing
12f4bb5a-95dd-4d30-9c88-7308463bb18d	Storage	0893a149-d439-48e7-885e-ebc35a496c07	Main	2025-12-06T07:41:42.285+03:00	Group membership information.	Windows	Microsoft	10.14.1.72	a.avakian	-		4627			Microsoft-Windows-Security-Auditing
12f4bb5a-95dd-4d30-9c88-7308463bb18d	Storage	0893a149-d439-48e7-885e-ebc35a496c07	Main	2025-12-06T07:41:50.313+03:00	An account was successfully logged on.	Windows	Microsoft	10.14.1.72	a.avakian	-	Kerberos	4624	-	Restricted admin mode	Microsoft-Windows-Security-Auditing
12f4bb5a-95dd-4d30-9c88-7308463bb18d	Storage	0893a149-d439-48e7-885e-ebc35a496c07	Main	2025-12-06T07:41:50.320+03:00	An account was successfully logged on.	Windows	Microsoft	10.14.1.72	a.avakian	-	Kerberos	4624	-	Restricted admin mode	Microsoft-Windows-Security-Auditing
12f4bb5a-95dd-4d30-9c88-7308463bb18d	Storage	0893a149-d439-48e7-885e-ebc35a496c07	Main	2025-12-06T07:41:50.320+03:00	Group membership information.	Windows	Microsoft	10.14.1.72	a.avakian	-		4627			Microsoft-Windows-Security-Auditing
12f4bb5a-95dd-4d30-9c88-7308463bb18d	Storage	0893a149-d439-48e7-885e-ebc35a496c07	Main	2025-12-06T07:41:50.322+03:00	Group membership information.	Windows	Microsoft	10.14.1.72	a.avakian	-		4627			Microsoft-Windows-Security-Auditing
12f4bb5a-95dd-4d30-9c88-7308463bb18d	Storage	0893a149-d439-48e7-885e-ebc35a496c07	Main	2025-12-06T07:41:54.305+03:00	An account was logged off.	Windows	Microsoft	10.14.1.72	a.avakian			4634			Microsoft-Windows-Security-Auditing
12f4bb5a-95dd-4d30-9c88-7308463bb18d	Storage	0893a149-d439-48e7-885e-ebc35a496c07	Main	2025-12-06T07:42:12.307+03:00	An account was logged off.	Windows	Microsoft	10.14.1.71	a.avakian			4634			Microsoft-Windows-Security-Auditing
12f4bb5a-95dd-4d30-9c88-7308463bb18d	Storage	0893a149-d439-48e7-885e-ebc35a496c07	Main	2025-12-06T07:42:56.394+03:00	An account was logged off.	Windows	Microsoft	10.14.1.72	a.avakian			4634			Microsoft-Windows-Security-Auditing
12f4bb5a-95dd-4d30-9c88-7308463bb18d	Storage	0893a149-d439-48e7-885e-ebc35a496c07	Main	2025-12-06T07:43:03.509+03:00	An account was successfully logged on.	Windows	Microsoft	10.14.1.71	a.avakian	-	Kerberos	4624	-	Restricted admin mode	Microsoft-Windows-Security-Auditing
12f4bb5a-95dd-4d30-9c88-7308463bb18d	Storage	0893a149-d439-48e7-885e-ebc35a496c07	Main	2025-12-06T07:43:03.510+03:00	Group membership information.	Windows	Microsoft	10.14.1.71	a.avakian	-		4627			Microsoft-Windows-Security-Auditing
12f4bb5a-95dd-4d30-9c88-7308463bb18d	Storage	0893a149-d439-48e7-885e-ebc35a496c07	Main	2025-12-06T07:43:23.670+03:00	A new process has been created.	Windows	Microsoft	10.50.101.5	a.avakian	tmtp-003672$	C:\\Windows\\System32\\svchost.exe	4688	C:\\Windows\\system32\\BackgroundTaskHost.exe -ServerName:BackgroundTaskHost.WebAccountProvider	Command Line	Microsoft-Windows-Security-Auditing
12f4bb5a-95dd-4d30-9c88-7308463bb18d	Storage	0893a149-d439-48e7-885e-ebc35a496c07	Main	2025-12-06T07:43:23.670+03:00	A new process has been created.	Windows	Microsoft	10.50.101.5	a.avakian	tmtp-003672$	C:\\Windows\\System32\\svchost.exe	4688	C:\\Windows\\System32\\RuntimeBroker.exe -Embedding	Command Line	Microsoft-Windows-Security-Auditing
12f4bb5a-95dd-4d30-9c88-7308463bb18d	Storage	0893a149-d439-48e7-885e-ebc35a496c07	Main	2025-12-06T07:43:23.670+03:00	A new process has been created.	Windows	Microsoft	10.50.101.5	a.avakian	tmtp-003672$	C:\\Windows\\System32\\svchost.exe	4688	C:\\Users\\A.Avakian\\AppData\\Local\\Microsoft\\OneDrive\\25.209.1026.0002\\FileCoAuth.exe -Embedding	Command Line	Microsoft-Windows-Security-Auditing
12f4bb5a-95dd-4d30-9c88-7308463bb18d	Storage	0893a149-d439-48e7-885e-ebc35a496c07	Main	2025-12-06T07:43:36.522+03:00	An account was logged off.	Windows	Microsoft	10.14.1.72	a.avakian			4634			Microsoft-Windows-Security-Auditing
12f4bb5a-95dd-4d30-9c88-7308463bb18d	Storage	0893a149-d439-48e7-885e-ebc35a496c07	Main	2025-12-06T07:43:59.452+03:00	An account was logged off.	Windows	Microsoft	10.14.1.72	a.avakian			4634			Microsoft-Windows-Security-Auditing
12f4bb5a-95dd-4d30-9c88-7308463bb18d	Storage	0893a149-d439-48e7-885e-ebc35a496c07	Main	2025-12-06T07:43:59.454+03:00	An account was logged off.	Windows	Microsoft	10.14.1.72	a.avakian			4634			Microsoft-Windows-Security-Auditing
12f4bb5a-95dd-4d30-9c88-7308463bb18d	Storage	0893a149-d439-48e7-885e-ebc35a496c07	Main	2025-12-06T07:44:21.506+03:00	An account was logged off.	Windows	Microsoft	10.14.1.71	a.avakian			4634			Microsoft-Windows-Security-Auditing
12f4bb5a-95dd-4d30-9c88-7308463bb18d	Storage	0893a149-d439-48e7-885e-ebc35a496c07	Main	2025-12-06T07:46:36.731+03:00	A new process has been created.	Windows	Microsoft	10.50.101.5	a.avakian	tmtp-003672$	C:\\Windows\\System32\\svchost.exe	4688	C:\\Windows\\system32\\backgroundTaskHost.exe -ServerName:App.AppXass2jm06pp1n7aktd4dcj305y31qrc54.mca	Command Line	Microsoft-Windows-Security-Auditing
12f4bb5a-95dd-4d30-9c88-7308463bb18d	Storage	0893a149-d439-48e7-885e-ebc35a496c07	Main	2025-12-06T07:46:36.731+03:00	A new process has been created.	Windows	Microsoft	10.50.101.5	a.avakian	tmtp-003672$	C:\\Windows\\System32\\svchost.exe	4688	C:\\Windows\\System32\\RuntimeBroker.exe -Embedding	Command Line	Microsoft-Windows-Security-Auditing
12f4bb5a-95dd-4d30-9c88-7308463bb18d	Storage	0893a149-d439-48e7-885e-ebc35a496c07	Main	2025-12-06T07:46:36.731+03:00	A new process has been created.	Windows	Microsoft	10.50.101.5	a.avakian	tmtp-003672$	C:\\Windows\\System32\\svchost.exe	4688	C:\\Windows\\system32\\backgroundTaskHost.exe -ServerName:Global.DesktopSpotlight.AppXz2j21w56bgxkgsjhtn7zkjsepq96erz2.mca	Command Line	Microsoft-Windows-Security-Auditing
12f4bb5a-95dd-4d30-9c88-7308463bb18d	Storage	0893a149-d439-48e7-885e-ebc35a496c07	Main	2025-12-06T07:46:36.733+03:00	A new process has been created.	Windows	Microsoft	10.50.101.5	a.avakian	tmtp-003672$	C:\\Windows\\System32\\svchost.exe	4688	C:\\Windows\\System32\\RuntimeBroker.exe -Embedding	Command Line	Microsoft-Windows-Security-Auditing
12f4bb5a-95dd-4d30-9c88-7308463bb18d	Storage	0893a149-d439-48e7-885e-ebc35a496c07	Main	2025-12-06T07:46:37.610+03:00	An account was successfully logged on.	Windows	Microsoft	10.50.11.50	a.avakian	-	NtLmSsp	4624	-	Restricted admin mode	Microsoft-Windows-Security-Auditing
12f4bb5a-95dd-4d30-9c88-7308463bb18d	Storage	0893a149-d439-48e7-885e-ebc35a496c07	Main	2025-12-06T07:46:55.799+03:00	An account was logged off.	Windows	Microsoft	10.14.1.71	a.avakian			4634			Microsoft-Windows-Security-Auditing
12f4bb5a-95dd-4d30-9c88-7308463bb18d	Storage	0893a149-d439-48e7-885e-ebc35a496c07	Main	2025-12-06T07:46:55.850+03:00	An account was successfully logged on.	Windows	Microsoft	10.14.1.71	a.avakian	-	Kerberos	4624	-	Restricted admin mode	Microsoft-Windows-Security-Auditing
12f4bb5a-95dd-4d30-9c88-7308463bb18d	Storage	0893a149-d439-48e7-885e-ebc35a496c07	Main	2025-12-06T07:46:55.850+03:00	Group membership information.	Windows	Microsoft	10.14.1.71	a.avakian	-		4627			Microsoft-Windows-Security-Auditing
12f4bb5a-95dd-4d30-9c88-7308463bb18d	Storage	0893a149-d439-48e7-885e-ebc35a496c07	Main	2025-12-06T07:48:54.910+03:00	An account was successfully logged on.	Windows	Microsoft	10.14.1.71	a.avakian	-	Kerberos	4624	-	Restricted admin mode	Microsoft-Windows-Security-Auditing
