12f4bb5a-95dd-4d30-9c88-7308463bb18d	Storage	0893a149-d439-48e7-885e-ebc35a496c07	Main	2025-12-11T17:16:24.388+03:00	An account was successfully logged on.	Windows	Microsoft	10.50.11.20	a.avakian	-	Kerberos	4624	-	Restricted admin mode	Microsoft-Windows-Security-Auditing
12f4bb5a-95dd-4d30-9c88-7308463bb18d	Storage	0893a149-d439-48e7-885e-ebc35a496c07	Main	2025-12-11T17:16:24.389+03:00	An account was successfully logged on.	Windows	Microsoft	10.50.11.20	a.avakian	-	Kerberos	4624	-	Restricted admin mode	Microsoft-Windows-Security-Auditing
12f4bb5a-95dd-4d30-9c88-7308463bb18d	Storage	0893a149-d439-48e7-885e-ebc35a496c07	Main	2025-12-11T17:16:28.385+03:00	A new process has been created.	Windows	Microsoft	10.50.101.5	-	a.avakian	C:\\Program Files (x86)\\Microsoft\\Edge\\Application\\msedge.exe	4688	C:\\Program Files (x86)\\Microsoft\\Edge\\Application\\msedge.exe --type=utility --utility-sub-type=asset_store.mojom.AssetStoreService --lang=ru --service-sandbox-type=asset_store_service --video-capture-use-gpu-memory-buffer --no-pre-read-main-dll --ram-no-pressure-read-main-dll --metrics-shmem-handle=3888,i,10735263442146204277,16089988239734984639,524288 --field-trial-handle=2548,i,2788865942700107944,7596769018019355362,262144 --variations-seed-version --trace-process-track-uuid=3190708997556373682 --mojo-platform-channel-handle=4620 /prefetch:8	Command Line	Microsoft-Windows-Security-Auditing
12f4bb5a-95dd-4d30-9c88-7308463bb18d	Storage	0893a149-d439-48e7-885e-ebc35a496c07	Main	2025-12-11T17:16:28.386+03:00	A new process has been created.	Windows	Microsoft	10.50.101.5	-	a.avakian	C:\\Windows\\explorer.exe	4688	"C:\\Program Files\\Microsoft Office\\Office16\\WINWORD.EXE /n ""U:\\Зерновой терминал\\Лаборатория\\Общая\\Учет качества зерна\\ОТ, ПБ, Пож.Без\\6 - Стажировка\\(6) 03.12.2025 Бедикян\\ИСХОДНИКИ WORD\\2.1 Лист ознакомления с Распоряжением о подготовке к самостоятельной работе.docx"" /o """""	Command Line	Microsoft-Windows-Security-Auditing
12f4bb5a-95dd-4d30-9c88-7308463bb18d	Storage	0893a149-d439-48e7-885e-ebc35a496c07	Main	2025-12-11T17:16:31.146+03:00	TRAFFIC	PAN-OS	Palo Alto Networks	98.64.238.3		A.AVAKIAN		end	Trusted Zone		
12f4bb5a-95dd-4d30-9c88-7308463bb18d	Storage	0893a149-d439-48e7-885e-ebc35a496c07	Main	2025-12-11T17:16:32.535+03:00	An account was successfully logged on.	Windows	Microsoft	10.14.1.72	a.avakian	-	Kerberos	4624	-	Restricted admin mode	Microsoft-Windows-Security-Auditing
12f4bb5a-95dd-4d30-9c88-7308463bb18d	Storage	0893a149-d439-48e7-885e-ebc35a496c07	Main	2025-12-11T17:16:32.535+03:00	Group membership information.	Windows	Microsoft	10.14.1.72	a.avakian	-		4627			Microsoft-Windows-Security-Auditing
12f4bb5a-95dd-4d30-9c88-7308463bb18d	Storage	0893a149-d439-48e7-885e-ebc35a496c07	Main	2025-12-11T17:16:35.391+03:00	An account was successfully logged on.	Windows	Microsoft	10.50.11.20	a.avakian	-	Kerberos	4624	-	Restricted admin mode	Microsoft-Windows-Security-Auditing
12f4bb5a-95dd-4d30-9c88-7308463bb18d	Storage	0893a149-d439-48e7-885e-ebc35a496c07	Main	2025-12-11T17:16:38.637+03:00	TRAFFIC	PAN-OS	Palo Alto Networks	13.107.246.44		A.AVAKIAN		end	Trusted Zone		
12f4bb5a-95dd-4d30-9c88-7308463bb18d	Storage	0893a149-d439-48e7-885e-ebc35a496c07	Main	2025-12-11T17:16:54.522+03:00	TRAFFIC	PAN-OS	Palo Alto Networks	13.107.246.44		A.AVAKIAN		end	Trusted Zone		
12f4bb5a-95dd-4d30-9c88-7308463bb18d	Storage	0893a149-d439-48e7-885e-ebc35a496c07	Main	2025-12-11T17:16:54.525+03:00	TRAFFIC	PAN-OS	Palo Alto Networks	40.126.53.16		A.AVAKIAN		end	Trusted Zone		
12f4bb5a-95dd-4d30-9c88-7308463bb18d	Storage	0893a149-d439-48e7-885e-ebc35a496c07	Main	2025-12-11T17:17:11.400+03:00	A new process has been created.	Windows	Microsoft	10.50.101.5	-	a.avakian	C:\\Windows\\explorer.exe	4688	C:\\Program Files\\Microsoft Office\\Office16\\EXCEL.EXE /dde	Command Line	Microsoft-Windows-Security-Auditing
12f4bb5a-95dd-4d30-9c88-7308463bb18d	Storage	0893a149-d439-48e7-885e-ebc35a496c07	Main	2025-12-11T17:17:11.401+03:00	A new process has been created.	Windows	Microsoft	10.50.101.5	a.avakian	tmtp-003672$	C:\\Windows\\System32\\SearchIndexer.exe	4688	"C:\\Windows\\system32\\SearchProtocolHost.exe Global\\UsGthrFltPipeMssGthrPipe_S-1-5-21-2466243303-2766591412-4162608119-1096958_ Global\\UsGthrCtrlFltPipeMssGthrPipe_S-1-5-21-2466243303-2766591412-4162608119-1096958 1 -2147483646 ""Software\\Microsoft\\Windows Search"" ""Mozilla/4.0 (compatible; MSIE 6.0; Windows NT; MS Search 4.0 Robot)"" ""C:\\ProgramData\\Microsoft\\Search\\Data\\Temp\\usgthrsvc"" ""DownLevelDaemon""  ""1"""	Command Line	Microsoft-Windows-Security-Auditing
12f4bb5a-95dd-4d30-9c88-7308463bb18d	Storage	0893a149-d439-48e7-885e-ebc35a496c07	Main	2025-12-11T17:17:13.856+03:00	TRAFFIC	PAN-OS	Palo Alto Networks	13.107.246.44		A.AVAKIAN		end	Trusted Zone		
12f4bb5a-95dd-4d30-9c88-7308463bb18d	Storage	0893a149-d439-48e7-885e-ebc35a496c07	Main	2025-12-11T17:17:17.408+03:00	An account was successfully logged on.	Windows	Microsoft	10.50.11.20	a.avakian	-	Kerberos	4624	-	Restricted admin mode	Microsoft-Windows-Security-Auditing
12f4bb5a-95dd-4d30-9c88-7308463bb18d	Storage	0893a149-d439-48e7-885e-ebc35a496c07	Main	2025-12-11T17:17:17.408+03:00	An account was successfully logged on.	Windows	Microsoft	10.50.11.20	a.avakian	-	Kerberos	4624	-	Restricted admin mode	Microsoft-Windows-Security-Auditing
12f4bb5a-95dd-4d30-9c88-7308463bb18d	Storage	0893a149-d439-48e7-885e-ebc35a496c07	Main	2025-12-11T17:17:49.519+03:00	An account was successfully logged on.	Windows	Microsoft	10.14.1.71	a.avakian	-	Kerberos	4624	-	Restricted admin mode	Microsoft-Windows-Security-Auditing
12f4bb5a-95dd-4d30-9c88-7308463bb18d	Storage	0893a149-d439-48e7-885e-ebc35a496c07	Main	2025-12-11T17:17:49.519+03:00	Group membership information.	Windows	Microsoft	10.14.1.71	a.avakian	-		4627			Microsoft-Windows-Security-Auditing
12f4bb5a-95dd-4d30-9c88-7308463bb18d	Storage	0893a149-d439-48e7-885e-ebc35a496c07	Main	2025-12-11T17:17:49.521+03:00	An account was successfully logged on.	Windows	Microsoft	10.14.1.71	a.avakian	-	Kerberos	4624	-	Restricted admin mode	Microsoft-Windows-Security-Auditing
12f4bb5a-95dd-4d30-9c88-7308463bb18d	Storage	0893a149-d439-48e7-885e-ebc35a496c07	Main	2025-12-11T17:17:49.522+03:00	Group membership information.	Windows	Microsoft	10.14.1.71	a.avakian	-		4627			Microsoft-Windows-Security-Auditing
12f4bb5a-95dd-4d30-9c88-7308463bb18d	Storage	0893a149-d439-48e7-885e-ebc35a496c07	Main	2025-12-11T17:17:55.524+03:00	An account was successfully logged on.	Windows	Microsoft	10.14.1.72	a.avakian	-	Kerberos	4624	-	Restricted admin mode	Microsoft-Windows-Security-Auditing
12f4bb5a-95dd-4d30-9c88-7308463bb18d	Storage	0893a149-d439-48e7-885e-ebc35a496c07	Main	2025-12-11T17:17:55.524+03:00	Group membership information.	Windows	Microsoft	10.14.1.72	a.avakian	-		4627			Microsoft-Windows-Security-Auditing
12f4bb5a-95dd-4d30-9c88-7308463bb18d	Storage	0893a149-d439-48e7-885e-ebc35a496c07	Main	2025-12-11T17:18:16.267+03:00	TRAFFIC	PAN-OS	Palo Alto Networks	84.201.132.175		A.AVAKIAN		end	Trusted Zone		
12f4bb5a-95dd-4d30-9c88-7308463bb18d	Storage	0893a149-d439-48e7-885e-ebc35a496c07	Main	2025-12-11T17:18:16.267+03:00	TRAFFIC	PAN-OS	Palo Alto Networks	158.160.199.219		A.AVAKIAN		end	Trusted Zone		
12f4bb5a-95dd-4d30-9c88-7308463bb18d	Storage	0893a149-d439-48e7-885e-ebc35a496c07	Main	2025-12-11T17:18:16.267+03:00	TRAFFIC	PAN-OS	Palo Alto Networks	158.160.199.219		A.AVAKIAN		end	Trusted Zone		
12f4bb5a-95dd-4d30-9c88-7308463bb18d	Storage	0893a149-d439-48e7-885e-ebc35a496c07	Main	2025-12-11T17:18:16.267+03:00	TRAFFIC	PAN-OS	Palo Alto Networks	84.201.132.175		A.AVAKIAN		end	Trusted Zone		
12f4bb5a-95dd-4d30-9c88-7308463bb18d	Storage	0893a149-d439-48e7-885e-ebc35a496c07	Main	2025-12-11T17:18:16.268+03:00	TRAFFIC	PAN-OS	Palo Alto Networks	23.32.25.249		A.AVAKIAN		end	Trusted Zone		
12f4bb5a-95dd-4d30-9c88-7308463bb18d	Storage	0893a149-d439-48e7-885e-ebc35a496c07	Main	2025-12-11T17:18:18.521+03:00	An account was logged off.	Windows	Microsoft	10.14.1.72	a.avakian			4634			Microsoft-Windows-Security-Auditing
12f4bb5a-95dd-4d30-9c88-7308463bb18d	Storage	0893a149-d439-48e7-885e-ebc35a496c07	Main	2025-12-11T17:18:19.061+03:00	TRAFFIC	PAN-OS	Palo Alto Networks	142.250.186.99		A.AVAKIAN		end	Trusted Zone		
12f4bb5a-95dd-4d30-9c88-7308463bb18d	Storage	0893a149-d439-48e7-885e-ebc35a496c07	Main	2025-12-11T17:18:19.062+03:00	TRAFFIC	PAN-OS	Palo Alto Networks	20.190.147.9		A.AVAKIAN		end	Trusted Zone		
12f4bb5a-95dd-4d30-9c88-7308463bb18d	Storage	0893a149-d439-48e7-885e-ebc35a496c07	Main	2025-12-11T17:18:26.586+03:00	An account was successfully logged on.	Windows	Microsoft	10.14.1.72	a.avakian	-	Kerberos	4624	-	Restricted admin mode	Microsoft-Windows-Security-Auditing
12f4bb5a-95dd-4d30-9c88-7308463bb18d	Storage	0893a149-d439-48e7-885e-ebc35a496c07	Main	2025-12-11T17:18:26.586+03:00	Group membership information.	Windows	Microsoft	10.14.1.72	a.avakian	-		4627			Microsoft-Windows-Security-Auditing
12f4bb5a-95dd-4d30-9c88-7308463bb18d	Storage	0893a149-d439-48e7-885e-ebc35a496c07	Main	2025-12-11T17:18:31.428+03:00	A new process has been created.	Windows	Microsoft	10.50.101.5	a.avakian	tmtp-003672$	C:\\Windows\\System32\\svchost.exe	4688	C:\\Windows\\system32\\BackgroundTaskHost.exe -ServerName:BackgroundTaskHost.WebAccountProvider	Command Line	Microsoft-Windows-Security-Auditing
12f4bb5a-95dd-4d30-9c88-7308463bb18d	Storage	0893a149-d439-48e7-885e-ebc35a496c07	Main	2025-12-11T17:18:31.428+03:00	A new process has been created.	Windows	Microsoft	10.50.101.5	a.avakian	tmtp-003672$	C:\\Windows\\System32\\svchost.exe	4688	C:\\Windows\\System32\\RuntimeBroker.exe -Embedding	Command Line	Microsoft-Windows-Security-Auditing
12f4bb5a-95dd-4d30-9c88-7308463bb18d	Storage	0893a149-d439-48e7-885e-ebc35a496c07	Main	2025-12-11T17:18:31.517+03:00	TRAFFIC	PAN-OS	Palo Alto Networks	13.107.213.44		A.AVAKIAN		end	Trusted Zone		
12f4bb5a-95dd-4d30-9c88-7308463bb18d	Storage	0893a149-d439-48e7-885e-ebc35a496c07	Main	2025-12-11T17:18:31.517+03:00	TRAFFIC	PAN-OS	Palo Alto Networks	13.107.213.44		A.AVAKIAN		end	Trusted Zone		
12f4bb5a-95dd-4d30-9c88-7308463bb18d	Storage	0893a149-d439-48e7-885e-ebc35a496c07	Main	2025-12-11T17:18:46.062+03:00	TRAFFIC	PAN-OS	Palo Alto Networks	40.126.53.16		A.AVAKIAN		end	Trusted Zone		
12f4bb5a-95dd-4d30-9c88-7308463bb18d	Storage	0893a149-d439-48e7-885e-ebc35a496c07	Main	2025-12-11T17:18:46.062+03:00	TRAFFIC	PAN-OS	Palo Alto Networks	40.126.53.16		A.AVAKIAN		end	Trusted Zone		
12f4bb5a-95dd-4d30-9c88-7308463bb18d	Storage	0893a149-d439-48e7-885e-ebc35a496c07	Main	2025-12-11T17:19:13.101+03:00	TRAFFIC	PAN-OS	Palo Alto Networks	150.171.27.11		A.AVAKIAN		end	Trusted Zone		
12f4bb5a-95dd-4d30-9c88-7308463bb18d	Storage	0893a149-d439-48e7-885e-ebc35a496c07	Main	2025-12-11T17:19:54.633+03:00	An account was logged off.	Windows	Microsoft	10.14.1.71	a.avakian			4634			Microsoft-Windows-Security-Auditing
12f4bb5a-95dd-4d30-9c88-7308463bb18d	Storage	0893a149-d439-48e7-885e-ebc35a496c07	Main	2025-12-11T17:19:54.634+03:00	An account was logged off.	Windows	Microsoft	10.14.1.71	a.avakian			4634			Microsoft-Windows-Security-Auditing
12f4bb5a-95dd-4d30-9c88-7308463bb18d	Storage	0893a149-d439-48e7-885e-ebc35a496c07	Main	2025-12-11T17:19:58.603+03:00	An account was logged off.	Windows	Microsoft	10.14.1.72	a.avakian			4634			Microsoft-Windows-Security-Auditing
12f4bb5a-95dd-4d30-9c88-7308463bb18d	Storage	0893a149-d439-48e7-885e-ebc35a496c07	Main	2025-12-11T17:19:58.603+03:00	An account was logged off.	Windows	Microsoft	10.14.1.72	a.avakian			4634			Microsoft-Windows-Security-Auditing
12f4bb5a-95dd-4d30-9c88-7308463bb18d	Storage	0893a149-d439-48e7-885e-ebc35a496c07	Main	2025-12-11T17:21:07.401+03:00	TRAFFIC	PAN-OS	Palo Alto Networks	184.51.252.6		A.AVAKIAN		end	Trusted Zone		
12f4bb5a-95dd-4d30-9c88-7308463bb18d	Storage	0893a149-d439-48e7-885e-ebc35a496c07	Main	2025-12-11T17:21:07.401+03:00	TRAFFIC	PAN-OS	Palo Alto Networks	184.51.252.6		A.AVAKIAN		end	Trusted Zone		
12f4bb5a-95dd-4d30-9c88-7308463bb18d	Storage	0893a149-d439-48e7-885e-ebc35a496c07	Main	2025-12-11T17:21:07.401+03:00	TRAFFIC	PAN-OS	Palo Alto Networks	20.231.128.66		A.AVAKIAN		end	Trusted Zone		
12f4bb5a-95dd-4d30-9c88-7308463bb18d	Storage	0893a149-d439-48e7-885e-ebc35a496c07	Main	2025-12-11T17:21:19.492+03:00	A new process has been created.	Windows	Microsoft	10.50.101.5	a.avakian	tmtp-003672$	C:\\Windows\\System32\\svchost.exe	4688	C:\\Windows\\System32\\RuntimeBroker.exe -Embedding	Command Line	Microsoft-Windows-Security-Auditing
12f4bb5a-95dd-4d30-9c88-7308463bb18d	Storage	0893a149-d439-48e7-885e-ebc35a496c07	Main	2025-12-11T17:21:19.493+03:00	A new process has been created.	Windows	Microsoft	10.50.101.5	a.avakian	tmtp-003672$	C:\\Windows\\System32\\svchost.exe	4688	C:\\Windows\\system32\\BackgroundTaskHost.exe -ServerName:BackgroundTaskHost.WebAccountProvider	Command Line	Microsoft-Windows-Security-Auditing
12f4bb5a-95dd-4d30-9c88-7308463bb18d	Storage	0893a149-d439-48e7-885e-ebc35a496c07	Main	2025-12-11T17:21:48.506+03:00	An account was successfully logged on.	Windows	Microsoft	10.50.11.20	a.avakian	-	Kerberos	4624	-	Restricted admin mode	Microsoft-Windows-Security-Auditing
12f4bb5a-95dd-4d30-9c88-7308463bb18d	Storage	0893a149-d439-48e7-885e-ebc35a496c07	Main	2025-12-11T17:21:55.063+03:00	TRAFFIC	PAN-OS	Palo Alto Networks	150.171.27.11		A.AVAKIAN		end	Trusted Zone		
12f4bb5a-95dd-4d30-9c88-7308463bb18d	Storage	0893a149-d439-48e7-885e-ebc35a496c07	Main	2025-12-11T17:21:55.063+03:00	TRAFFIC	PAN-OS	Palo Alto Networks	150.171.28.11		A.AVAKIAN		end	Trusted Zone		
12f4bb5a-95dd-4d30-9c88-7308463bb18d	Storage	0893a149-d439-48e7-885e-ebc35a496c07	Main	2025-12-11T17:21:55.063+03:00	TRAFFIC	PAN-OS	Palo Alto Networks	150.171.27.11		A.AVAKIAN		end	Trusted Zone		
12f4bb5a-95dd-4d30-9c88-7308463bb18d	Storage	0893a149-d439-48e7-885e-ebc35a496c07	Main	2025-12-11T17:21:57.762+03:00	An account was logged off.	Windows	Microsoft	10.14.1.72	a.avakian			4634			Microsoft-Windows-Security-Auditing
12f4bb5a-95dd-4d30-9c88-7308463bb18d	Storage	0893a149-d439-48e7-885e-ebc35a496c07	Main	2025-12-11T17:21:57.762+03:00	An account was successfully logged on.	Windows	Microsoft	10.14.1.72	a.avakian	-	Kerberos	4624	-	Restricted admin mode	Microsoft-Windows-Security-Auditing
12f4bb5a-95dd-4d30-9c88-7308463bb18d	Storage	0893a149-d439-48e7-885e-ebc35a496c07	Main	2025-12-11T17:21:57.762+03:00	Group membership information.	Windows	Microsoft	10.14.1.72	a.avakian	-		4627			Microsoft-Windows-Security-Auditing
12f4bb5a-95dd-4d30-9c88-7308463bb18d	Storage	0893a149-d439-48e7-885e-ebc35a496c07	Main	2025-12-11T17:21:58.741+03:00	An account was logged off.	Windows	Microsoft	10.14.1.72	a.avakian			4634			Microsoft-Windows-Security-Auditing
12f4bb5a-95dd-4d30-9c88-7308463bb18d	Storage	0893a149-d439-48e7-885e-ebc35a496c07	Main	2025-12-11T17:22:00.733+03:00	An account was successfully logged on.	Windows	Microsoft	10.14.1.72	a.avakian	-	Kerberos	4624	-	Restricted admin mode	Microsoft-Windows-Security-Auditing
12f4bb5a-95dd-4d30-9c88-7308463bb18d	Storage	0893a149-d439-48e7-885e-ebc35a496c07	Main	2025-12-11T17:22:00.735+03:00	Group membership information.	Windows	Microsoft	10.14.1.72	a.avakian	-		4627			Microsoft-Windows-Security-Auditing
12f4bb5a-95dd-4d30-9c88-7308463bb18d	Storage	0893a149-d439-48e7-885e-ebc35a496c07	Main	2025-12-11T17:22:01.515+03:00	An account was successfully logged on.	Windows	Microsoft	10.50.11.20	a.avakian	-	Kerberos	4624	-	Restricted admin mode	Microsoft-Windows-Security-Auditing
12f4bb5a-95dd-4d30-9c88-7308463bb18d	Storage	0893a149-d439-48e7-885e-ebc35a496c07	Main	2025-12-11T17:22:01.515+03:00	An account was successfully logged on.	Windows	Microsoft	10.50.11.20	a.avakian	-	Kerberos	4624	-	Restricted admin mode	Microsoft-Windows-Security-Auditing
12f4bb5a-95dd-4d30-9c88-7308463bb18d	Storage	0893a149-d439-48e7-885e-ebc35a496c07	Main	2025-12-11T17:22:02.824+03:00	TRAFFIC	PAN-OS	Palo Alto Networks	184.51.252.43		A.AVAKIAN		end	Trusted Zone		
12f4bb5a-95dd-4d30-9c88-7308463bb18d	Storage	0893a149-d439-48e7-885e-ebc35a496c07	Main	2025-12-11T17:22:02.824+03:00	TRAFFIC	PAN-OS	Palo Alto Networks	150.171.28.11		A.AVAKIAN		end	Trusted Zone		
12f4bb5a-95dd-4d30-9c88-7308463bb18d	Storage	0893a149-d439-48e7-885e-ebc35a496c07	Main	2025-12-11T17:22:02.824+03:00	TRAFFIC	PAN-OS	Palo Alto Networks	20.20.34.160		A.AVAKIAN		end	Trusted Zone		
12f4bb5a-95dd-4d30-9c88-7308463bb18d	Storage	0893a149-d439-48e7-885e-ebc35a496c07	Main	2025-12-11T17:22:02.824+03:00	TRAFFIC	PAN-OS	Palo Alto Networks	74.178.130.40		A.AVAKIAN		end	Trusted Zone		
12f4bb5a-95dd-4d30-9c88-7308463bb18d	Storage	0893a149-d439-48e7-885e-ebc35a496c07	Main	2025-12-11T17:22:02.824+03:00	TRAFFIC	PAN-OS	Palo Alto Networks	150.171.28.11		A.AVAKIAN		end	Trusted Zone		
12f4bb5a-95dd-4d30-9c88-7308463bb18d	Storage	0893a149-d439-48e7-885e-ebc35a496c07	Main	2025-12-11T17:22:02.824+03:00	TRAFFIC	PAN-OS	Palo Alto Networks	52.98.253.18		A.AVAKIAN		end	Trusted Zone		
12f4bb5a-95dd-4d30-9c88-7308463bb18d	Storage	0893a149-d439-48e7-885e-ebc35a496c07	Main	2025-12-11T17:22:02.825+03:00	TRAFFIC	PAN-OS	Palo Alto Networks	150.171.28.11		A.AVAKIAN		end	Trusted Zone		
12f4bb5a-95dd-4d30-9c88-7308463bb18d	Storage	0893a149-d439-48e7-885e-ebc35a496c07	Main	2025-12-11T17:22:02.825+03:00	TRAFFIC	PAN-OS	Palo Alto Networks	4.207.184.176		A.AVAKIAN		end	Trusted Zone		
12f4bb5a-95dd-4d30-9c88-7308463bb18d	Storage	0893a149-d439-48e7-885e-ebc35a496c07	Main	2025-12-11T17:22:02.825+03:00	TRAFFIC	PAN-OS	Palo Alto Networks	20.20.34.160		A.AVAKIAN		end	Trusted Zone		
12f4bb5a-95dd-4d30-9c88-7308463bb18d	Storage	0893a149-d439-48e7-885e-ebc35a496c07	Main	2025-12-11T17:22:02.826+03:00	TRAFFIC	PAN-OS	Palo Alto Networks	20.20.34.96		A.AVAKIAN		end	Trusted Zone		
12f4bb5a-95dd-4d30-9c88-7308463bb18d	Storage	0893a149-d439-48e7-885e-ebc35a496c07	Main	2025-12-11T17:22:02.826+03:00	TRAFFIC	PAN-OS	Palo Alto Networks	20.190.181.3		A.AVAKIAN		end	Trusted Zone		
12f4bb5a-95dd-4d30-9c88-7308463bb18d	Storage	0893a149-d439-48e7-885e-ebc35a496c07	Main	2025-12-11T17:22:02.826+03:00	TRAFFIC	PAN-OS	Palo Alto Networks	20.190.177.146		A.AVAKIAN		end	Trusted Zone		
12f4bb5a-95dd-4d30-9c88-7308463bb18d	Storage	0893a149-d439-48e7-885e-ebc35a496c07	Main	2025-12-11T17:22:02.826+03:00	TRAFFIC	PAN-OS	Palo Alto Networks	20.190.181.3		A.AVAKIAN		end	Trusted Zone		
12f4bb5a-95dd-4d30-9c88-7308463bb18d	Storage	0893a149-d439-48e7-885e-ebc35a496c07	Main	2025-12-11T17:22:03.313+03:00	TRAFFIC	PAN-OS	Palo Alto Networks	20.231.130.224		A.AVAKIAN		end	Trusted Zone		
12f4bb5a-95dd-4d30-9c88-7308463bb18d	Storage	0893a149-d439-48e7-885e-ebc35a496c07	Main	2025-12-11T17:22:03.315+03:00	TRAFFIC	PAN-OS	Palo Alto Networks	20.190.177.146		A.AVAKIAN		end	Trusted Zone		
12f4bb5a-95dd-4d30-9c88-7308463bb18d	Storage	0893a149-d439-48e7-885e-ebc35a496c07	Main	2025-12-11T17:22:03.316+03:00	TRAFFIC	PAN-OS	Palo Alto Networks	20.190.181.3		A.AVAKIAN		end	Trusted Zone		
12f4bb5a-95dd-4d30-9c88-7308463bb18d	Storage	0893a149-d439-48e7-885e-ebc35a496c07	Main	2025-12-11T17:22:03.316+03:00	TRAFFIC	PAN-OS	Palo Alto Networks	184.51.252.61		A.AVAKIAN		end	Trusted Zone		
12f4bb5a-95dd-4d30-9c88-7308463bb18d	Storage	0893a149-d439-48e7-885e-ebc35a496c07	Main	2025-12-11T17:22:05.513+03:00	An account was successfully logged on.	Windows	Microsoft	10.50.11.20	a.avakian	-	Kerberos	4624	-	Restricted admin mode	Microsoft-Windows-Security-Auditing
12f4bb5a-95dd-4d30-9c88-7308463bb18d	Storage	0893a149-d439-48e7-885e-ebc35a496c07	Main	2025-12-11T17:22:11.515+03:00	A new process has been created.	Windows	Microsoft	10.50.101.5	-	a.avakian	C:\\Program Files (x86)\\Microsoft\\Edge\\Application\\msedge.exe	4688	C:\\Program Files (x86)\\Microsoft\\Edge\\Application\\msedge.exe --type=utility --utility-sub-type=asset_store.mojom.AssetStoreService --lang=ru --service-sandbox-type=asset_store_service --video-capture-use-gpu-memory-buffer --no-pre-read-main-dll --skip-read-main-dll --metrics-shmem-handle=5876,i,7168493557128840527,17458040884713159540,524288 --field-trial-handle=2548,i,2788865942700107944,7596769018019355362,262144 --variations-seed-version --trace-process-track-uuid=3190709000367499229 --mojo-platform-channel-handle=5888 /prefetch:8	Command Line	Microsoft-Windows-Security-Auditing
12f4bb5a-95dd-4d30-9c88-7308463bb18d	Storage	0893a149-d439-48e7-885e-ebc35a496c07	Main	2025-12-11T17:22:11.515+03:00	A new process has been created.	Windows	Microsoft	10.50.101.5	a.avakian	tmtp-003672$	C:\\Windows\\System32\\svchost.exe	4688	C:\\Windows\\system32\\BackgroundTaskHost.exe -ServerName:BackgroundTaskHost.WebAccountProvider	Command Line	Microsoft-Windows-Security-Auditing
12f4bb5a-95dd-4d30-9c88-7308463bb18d	Storage	0893a149-d439-48e7-885e-ebc35a496c07	Main	2025-12-11T17:22:11.515+03:00	A new process has been created.	Windows	Microsoft	10.50.101.5	-	a.avakian	C:\\Program Files (x86)\\Microsoft\\Edge\\Application\\msedge.exe	4688	C:\\Program Files (x86)\\Microsoft\\Edge\\Application\\142.0.3595.80\\identity_helper.exe --type=utility --utility-sub-type=winrt_app_id.mojom.WinrtAppIdService --lang=ru --service-sandbox-type=none --no-pre-read-main-dll --ram-no-pressure-read-main-dll --metrics-shmem-handle=4856,i,283242756039243727,7724610642079489209,524288 --field-trial-handle=2452,i,17812882584089888337,3444047431744295375,262144 --variations-seed-version --trace-process-track-uuid=3190708990997080739 --mojo-platform-channel-handle=4928 /prefetch:8	Command Line	Microsoft-Windows-Security-Auditing
12f4bb5a-95dd-4d30-9c88-7308463bb18d	Storage	0893a149-d439-48e7-885e-ebc35a496c07	Main	2025-12-11T17:22:11.515+03:00	A new process has been created.	Windows	Microsoft	10.50.101.5	a.avakian	tmtp-003672$	C:\\Windows\\System32\\svchost.exe	4688	C:\\Windows\\SysWOW64\\DllHost.exe /Processid:{776DBC8D-7347-478C-8D71-791E12EF49D8}	Command Line	Microsoft-Windows-Security-Auditing
12f4bb5a-95dd-4d30-9c88-7308463bb18d	Storage	0893a149-d439-48e7-885e-ebc35a496c07	Main	2025-12-11T17:22:11.515+03:00	A new process has been created.	Windows	Microsoft	10.50.101.5	-	a.avakian	C:\\Program Files (x86)\\Microsoft\\Edge\\Application\\msedge.exe	4688	C:\\Program Files (x86)\\Microsoft\\Edge\\Application\\msedge.exe --type=renderer --extension-process --renderer-sub-type=extension --init-isolate-as-foreground --dma-cps-flags=2048 --no-pre-read-main-dll --video-capture-use-gpu-memory-buffer --lang=ru --js-flags=--ms-user-locale=ru_RU --device-scale-factor=1 --num-raster-threads=4 --enable-main-frame-before-activation --renderer-client-id=10 --time-ticks-at-unix-epoch=-1765094133676100 --launch-time-ticks=368786235986 --skip-read-main-dll --metrics-shmem-handle=6672,i,5384140883056118162,2822192162080728430,2097152 --field-trial-handle=2564,i,235307202100986948,517661500090351636,262144 --variations-seed-version --trace-process-track-uuid=3190708995682289984 --mojo-platform-channel-handle=6640 /prefetch:2	Command Line	Microsoft-Windows-Security-Auditing
12f4bb5a-95dd-4d30-9c88-7308463bb18d	Storage	0893a149-d439-48e7-885e-ebc35a496c07	Main	2025-12-11T17:22:11.515+03:00	A new process has been created.	Windows	Microsoft	10.50.101.5	-	a.avakian	C:\\Program Files (x86)\\Microsoft\\Edge\\Application\\msedge.exe	4688	C:\\Program Files (x86)\\Microsoft\\Edge\\Application\\msedge.exe --type=gpu-process --no-pre-read-main-dll --subproc-heap-profiling --gpu-preferences=SAAAAAAAAADgAAAEAAAAAAAAAAAAAGAAAQAAAAAAAAAAAAAAAAAAAAIAAAAAAAAAAAAAAAAAAAAQAAAAAAAAABAAAAAAAAAACAAAAAAAAAAIAAAAAAAAAA== --startup-read-main-dll --metrics-shmem-handle=2396,i,3423759042660750519,7830962265430503637,262144 --field-trial-handle=2516,i,1164218088606712494,8572696041053433810,262144 --variations-seed-version --trace-process-track-uuid=3190708988185955192 --mojo-platform-channel-handle=2444 /prefetch:2	Command Line	Microsoft-Windows-Security-Auditing
12f4bb5a-95dd-4d30-9c88-7308463bb18d	Storage	0893a149-d439-48e7-885e-ebc35a496c07	Main	2025-12-11T17:22:11.515+03:00	A new process has been created.	Windows	Microsoft	10.50.101.5	-	a.avakian	C:\\Program Files (x86)\\Microsoft\\Edge\\Application\\msedge.exe	4688	"C:\\Program Files (x86)\\Microsoft\\Edge\\Application\\msedge.exe --type=crashpad-handler ""--user-data-dir=C:\\Users\\A.Avakian\\AppData\\Local\\Microsoft\\Edge\\User Data"" /prefetch:4 --monitor-self-annotation=ptype=crashpad-handler ""--database=C:\\Users\\A.Avakian\\AppData\\Local\\Microsoft\\Edge\\User Data\\Crashpad"" --annotation=IsOfficialBuild=1 --annotation=channel= --annotation=chromium-version=142.0.7444.163 ""--annotation=exe=C:\\Program Files (x86)\\Microsoft\\Edge\\Application\\msedge.exe"" --annotation=plat=Win64 --annotation=prod=Edge --annotation=ver=142.0.3595.80 --initial-client-data=0x4bc,0x4c0,0x4c4,0x4b8,0x4cc,0x7ffddf12db58,0x7ffddf12db64,0x7ffddf12db70"	Command Line	Microsoft-Windows-Security-Auditing
12f4bb5a-95dd-4d30-9c88-7308463bb18d	Storage	0893a149-d439-48e7-885e-ebc35a496c07	Main	2025-12-11T17:22:11.515+03:00	A new process has been created.	Windows	Microsoft	10.50.101.5	-	a.avakian	C:\\Program Files (x86)\\Microsoft\\Edge\\Application\\msedge.exe	4688	C:\\Program Files (x86)\\Microsoft\\Edge\\Application\\msedge.exe --type=ppapi --lang=ru --device-scale-factor=1 --ppapi-antialiased-text-enabled=1 --ppapi-subpixel-rendering-setting=1 --no-pre-read-main-dll --skip-read-main-dll --metrics-shmem-handle=6852,i,5900868763184428992,7459381105417939002,65536 --field-trial-handle=2564,i,235307202100986948,517661500090351636,262144 --variations-seed-version --trace-process-track-uuid=3190708996619331833 --mojo-platform-channel-handle=6828 /prefetch:3	Command Line	Microsoft-Windows-Security-Auditing
12f4bb5a-95dd-4d30-9c88-7308463bb18d	Storage	0893a149-d439-48e7-885e-ebc35a496c07	Main	2025-12-11T17:22:11.515+03:00	A new process has been created.	Windows	Microsoft	10.50.101.5	-	a.avakian	C:\\Program Files (x86)\\Microsoft\\Edge\\Application\\msedge.exe	4688	C:\\Program Files (x86)\\Microsoft\\Edge\\Application\\msedge.exe --type=utility --utility-sub-type=entity_extraction_service.mojom.Extractor --lang=ru --service-sandbox-type=entity_extraction --onnx-enabled-for-ee --video-capture-use-gpu-memory-buffer --no-pre-read-main-dll --subproc-heap-profiling --skip-read-main-dll --metrics-shmem-handle=6180,i,9299201328561864320,15536965653768908036,524288 --field-trial-handle=2516,i,1164218088606712494,8572696041053433810,262144 --variations-seed-version --trace-process-track-uuid=3190708994745248135 --mojo-platform-channel-handle=6208 /prefetch:8	Command Line	Microsoft-Windows-Security-Auditing
12f4bb5a-95dd-4d30-9c88-7308463bb18d	Storage	0893a149-d439-48e7-885e-ebc35a496c07	Main	2025-12-11T17:22:11.515+03:00	A new process has been created.	Windows	Microsoft	10.50.101.5	-	a.avakian	C:\\Program Files (x86)\\Microsoft\\Edge\\Application\\msedge.exe	4688	C:\\Program Files (x86)\\Microsoft\\Edge\\Application\\msedge.exe --type=utility --utility-sub-type=asset_store.mojom.AssetStoreService --lang=ru --service-sandbox-type=asset_store_service --video-capture-use-gpu-memory-buffer --no-pre-read-main-dll --skip-read-main-dll --metrics-shmem-handle=6128,i,8224402049937155603,5187065464251755611,524288 --field-trial-handle=2564,i,235307202100986948,517661500090351636,262144 --variations-seed-version --trace-process-track-uuid=3190708993808206286 --mojo-platform-channel-handle=6156 /prefetch:8	Command Line	Microsoft-Windows-Security-Auditing
12f4bb5a-95dd-4d30-9c88-7308463bb18d	Storage	0893a149-d439-48e7-885e-ebc35a496c07	Main	2025-12-11T17:22:11.515+03:00	A new process has been created.	Windows	Microsoft	10.50.101.5	-	a.avakian	C:\\Program Files (x86)\\Microsoft\\Edge\\Application\\msedge.exe	4688	C:\\Program Files (x86)\\Microsoft\\Edge\\Application\\msedge.exe --type=renderer --dma-cps-flags=2048 --no-pre-read-main-dll --video-capture-use-gpu-memory-buffer --lang=ru --js-flags=--ms-user-locale=ru_RU --device-scale-factor=1 --num-raster-threads=4 --enable-main-frame-before-activation --renderer-client-id=6 --time-ticks-at-unix-epoch=-1765094133676100 --launch-time-ticks=368786131818 --skip-read-main-dll --metrics-shmem-handle=5772,i,611248930129097738,1078048738509273162,2097152 --field-trial-handle=2564,i,235307202100986948,517661500090351636,262144 --variations-seed-version --trace-process-track-uuid=3190708991934122588 --mojo-platform-channel-handle=5824 /prefetch:1	Command Line	Microsoft-Windows-Security-Auditing
12f4bb5a-95dd-4d30-9c88-7308463bb18d	Storage	0893a149-d439-48e7-885e-ebc35a496c07	Main	2025-12-11T17:22:11.515+03:00	A new process has been created.	Windows	Microsoft	10.50.101.5	-	a.avakian	C:\\Program Files (x86)\\Microsoft\\Edge\\Application\\msedge.exe	4688	C:\\Program Files (x86)\\Microsoft\\Edge\\Application\\142.0.3595.80\\identity_helper.exe --type=utility --utility-sub-type=winrt_app_id.mojom.WinrtAppIdService --lang=ru --service-sandbox-type=none --no-pre-read-main-dll --ram-no-pressure-read-main-dll --metrics-shmem-handle=4920,i,12080452074684020532,4574084198120062032,524288 --field-trial-handle=2564,i,235307202100986948,517661500090351636,262144 --variations-seed-version --trace-process-track-uuid=3190708990997080739 --mojo-platform-channel-handle=4828 /prefetch:8	Command Line	Microsoft-Windows-Security-Auditing
12f4bb5a-95dd-4d30-9c88-7308463bb18d	Storage	0893a149-d439-48e7-885e-ebc35a496c07	Main	2025-12-11T17:22:11.515+03:00	A new process has been created.	Windows	Microsoft	10.50.101.5	-	a.avakian	C:\\Program Files (x86)\\Microsoft\\Edge\\Application\\msedge.exe	4688	C:\\Program Files (x86)\\Microsoft\\Edge\\Application\\msedge.exe --type=utility --utility-sub-type=entity_extraction_service.mojom.Extractor --lang=ru --service-sandbox-type=entity_extraction --onnx-enabled-for-ee --video-capture-use-gpu-memory-buffer --no-pre-read-main-dll --skip-read-main-dll --metrics-shmem-handle=5908,i,4695217463780320572,476719402902596703,524288 --field-trial-handle=2548,i,2788865942700107944,7596769018019355362,262144 --variations-seed-version --trace-process-track-uuid=3190709001304541078 --mojo-platform-channel-handle=3664 /prefetch:8	Command Line	Microsoft-Windows-Security-Auditing
