Timestamp,Name,DeviceProduct,DeviceVendor,DestinationAddress,DestinationUserName,SourceUserName,SourceProcessName,DeviceEventClassID,DeviceCustomString4,DeviceCustomString4Label,DeviceEventCategory,Date
2025-12-10 01:14:18,,,,10.14.1.72,,uclh%5Ca.avakian%40uclh.ru,,,Outlook-iOS-Android/1.0,User-Agent,,2025-12-10
2025-12-10 01:14:44,A new process has been created.,Windows,Microsoft,10.50.101.5,user001,tmtp-003672$,C:\\Windows\\System32\\svchost.exe,4688,C:\\Windows\\system32\\BackgroundTaskHost.exe -ServerName:BackgroundTaskHost.WebAccountProvider,Command Line,Microsoft-Windows-Security-Auditing,2025-12-10
2025-12-10 01:16:07,Group membership information.,Windows,Microsoft,10.14.1.72,user001,-,,4627,,,Microsoft-Windows-Security-Auditing,2025-12-10
2025-12-10 01:16:07,An account was successfully logged on.,Windows,Microsoft,10.14.1.72,user001,-,Kerberos,4624,-,Restricted admin mode,Microsoft-Windows-Security-Auditing,2025-12-10
2025-12-10 01:16:21,Group membership information.,Windows,Microsoft,10.14.1.71,user001,-,,4627,,,Microsoft-Windows-Security-Auditing,2025-12-10
2025-12-10 01:16:21,An account was successfully logged on.,Windows,Microsoft,10.14.1.71,user001,-,Kerberos,4624,-,Restricted admin mode,Microsoft-Windows-Security-Auditing,2025-12-10
2025-12-10 01:16:28,An account was successfully logged on.,Windows,Microsoft,10.14.1.72,user001,-,Kerberos,4624,-,Restricted admin mode,Microsoft-Windows-Security-Auditing,2025-12-10
2025-12-10 01:16:28,Group membership information.,Windows,Microsoft,10.14.1.72,user001,-,,4627,,,Microsoft-Windows-Security-Auditing,2025-12-10
2025-12-10 01:16:49,A new process has been created.,Windows,Microsoft,10.50.101.5,user001,tmtp-003672$,C:\\Windows\\System32\\SearchIndexer.exe,4688,"C:\\Windows\\system32\\SearchProtocolHost.exe Global\\UsGthrFltPipeMssGthrPipe_S-1-5-21-2466243303-2766591412-4162608119-10969280_ Global\\UsGthrCtrlFltPipeMssGthrPipe_S-1-5-21-2466243303-2766591412-4162608119-10969280 1 -2147483646 ""Software\\Microsoft\\Windows Search"" ""Mozilla/4.0 (compatible; MSIE 6.0; Windows NT; MS Search 4.0 Robot)"" ""C:\\ProgramData\\Microsoft\\Search\\Data\\Temp\\usgthrsvc"" ""DownLevelDaemon""  ""1""",Command Line,Microsoft-Windows-Security-Auditing,2025-12-10
2025-12-10 01:16:49,A new process has been created.,Windows,Microsoft,10.50.101.5,user001,tmtp-003672$,C:\\Windows\\System32\\svchost.exe,4688,C:\\Windows\\System32\\RuntimeBroker.exe -Embedding,Command Line,Microsoft-Windows-Security-Auditing,2025-12-10
2025-12-10 01:16:49,A new process has been created.,Windows,Microsoft,10.50.101.5,user001,tmtp-003672$,C:\\Windows\\System32\\svchost.exe,4688,C:\\Windows\\system32\\BackgroundTaskHost.exe -ServerName:BackgroundTaskHost.WebAccountProvider,Command Line,Microsoft-Windows-Security-Auditing,2025-12-10
2025-12-10 01:17:51,An account was logged off.,Windows,Microsoft,10.14.1.71,user001,,,4634,,,Microsoft-Windows-Security-Auditing,2025-12-10
2025-12-10 01:17:51,An account was successfully logged on.,Windows,Microsoft,10.14.1.71,user001,-,Kerberos,4624,-,Restricted admin mode,Microsoft-Windows-Security-Auditing,2025-12-10
2025-12-10 01:17:51,Group membership information.,Windows,Microsoft,10.14.1.71,user001,-,,4627,,,Microsoft-Windows-Security-Auditing,2025-12-10
2025-12-10 01:18:15,An account was logged off.,Windows,Microsoft,10.14.1.72,user001,,,4634,,,Microsoft-Windows-Security-Auditing,2025-12-10
2025-12-10 01:18:31,An account was logged off.,Windows,Microsoft,10.14.1.72,user001,,,4634,,,Microsoft-Windows-Security-Auditing,2025-12-10
2025-12-10 01:18:52,An account was successfully logged on.,Windows,Microsoft,10.14.1.71,user001,-,Kerberos,4624,-,Restricted admin mode,Microsoft-Windows-Security-Auditing,2025-12-10
2025-12-10 01:18:52,Group membership information.,Windows,Microsoft,10.14.1.71,user001,-,,4627,,,Microsoft-Windows-Security-Auditing,2025-12-10
2025-12-10 01:19:07,,,,10.14.1.72,,user001,,,,,,2025-12-10
2025-12-10 01:19:14,,,,10.10.7.21,,uclh%5Ca.avakian%40uclh.ru,,,Outlook-iOS-Android/1.0,User-Agent,,2025-12-10
2025-12-10 01:19:43,An account was logged off.,Windows,Microsoft,10.14.1.71,user001,,,4634,,,Microsoft-Windows-Security-Auditing,2025-12-10
2025-12-10 01:20:52,An account was successfully logged on.,Windows,Microsoft,10.14.1.72,user001,-,Kerberos,4624,-,Restricted admin mode,Microsoft-Windows-Security-Auditing,2025-12-10
2025-12-10 01:20:52,Group membership information.,Windows,Microsoft,10.14.1.72,user001,-,,4627,,,Microsoft-Windows-Security-Auditing,2025-12-10
2025-12-10 01:20:54,An account was logged off.,Windows,Microsoft,10.14.1.71,user001,,,4634,,,Microsoft-Windows-Security-Auditing,2025-12-10
2025-12-10 01:22:55,An account was logged off.,Windows,Microsoft,10.14.1.72,user001,,,4634,,,Microsoft-Windows-Security-Auditing,2025-12-10
2025-12-10 01:23:21,An account was successfully logged on.,Windows,Microsoft,10.14.1.72,user001,-,Kerberos,4624,-,Restricted admin mode,Microsoft-Windows-Security-Auditing,2025-12-10
2025-12-10 01:23:21,Group membership information.,Windows,Microsoft,10.14.1.72,user001,-,,4627,,,Microsoft-Windows-Security-Auditing,2025-12-10
2025-12-10 01:23:54,Group membership information.,Windows,Microsoft,10.14.1.72,user001,-,,4627,,,Microsoft-Windows-Security-Auditing,2025-12-10
2025-12-10 01:23:54,An account was successfully logged on.,Windows,Microsoft,10.14.1.72,user001,-,Kerberos,4624,-,Restricted admin mode,Microsoft-Windows-Security-Auditing,2025-12-10
2025-12-10 01:23:54,An account was logged off.,Windows,Microsoft,10.14.1.72,user001,,,4634,,,Microsoft-Windows-Security-Auditing,2025-12-10
2025-12-10 01:24:13,,,,10.10.7.21,,uclh%5Ca.avakian%40uclh.ru,,,Outlook-iOS-Android/1.0,User-Agent,,2025-12-10
2025-12-10 01:24:32,An account was logged off.,Windows,Microsoft,10.14.1.72,user001,,,4634,,,Microsoft-Windows-Security-Auditing,2025-12-10
2025-12-10 01:24:34,An account was successfully logged on.,Windows,Microsoft,10.14.1.72,user001,-,Kerberos,4624,-,Restricted admin mode,Microsoft-Windows-Security-Auditing,2025-12-10
2025-12-10 01:24:34,Group membership information.,Windows,Microsoft,10.14.1.72,user001,-,,4627,,,Microsoft-Windows-Security-Auditing,2025-12-10
2025-12-10 01:24:45,Group membership information.,Windows,Microsoft,10.14.1.71,user001,-,,4627,,,Microsoft-Windows-Security-Auditing,2025-12-10
2025-12-10 01:24:45,An account was successfully logged on.,Windows,Microsoft,10.14.1.71,user001,-,Kerberos,4624,-,Restricted admin mode,Microsoft-Windows-Security-Auditing,2025-12-10
2025-12-10 01:25:44,An account was logged off.,Windows,Microsoft,10.14.1.72,user001,,,4634,,,Microsoft-Windows-Security-Auditing,2025-12-10
2025-12-10 01:26:07,A new process has been created.,Windows,Microsoft,10.50.101.5,user001,tmtp-003672$,C:\\Windows\\System32\\svchost.exe,4688,C:\\Windows\\system32\\backgroundTaskHost.exe -ServerName:Global.DesktopSpotlight.AppXz2j21w56bgxkgsjhtn7zkjsepq96erz2.mca,Command Line,Microsoft-Windows-Security-Auditing,2025-12-10
2025-12-10 01:26:07,A new process has been created.,Windows,Microsoft,10.50.101.5,user001,tmtp-003672$,C:\\Windows\\System32\\svchost.exe,4688,C:\\Windows\\System32\\RuntimeBroker.exe -Embedding,Command Line,Microsoft-Windows-Security-Auditing,2025-12-10
2025-12-10 01:26:41,An account was logged off.,Windows,Microsoft,10.14.1.71,user001,,,4634,,,Microsoft-Windows-Security-Auditing,2025-12-10
2025-12-10 01:26:59,Group membership information.,Windows,Microsoft,10.14.1.71,user001,-,,4627,,,Microsoft-Windows-Security-Auditing,2025-12-10
2025-12-10 01:26:59,An account was successfully logged on.,Windows,Microsoft,10.14.1.71,user001,-,Kerberos,4624,-,Restricted admin mode,Microsoft-Windows-Security-Auditing,2025-12-10
2025-12-10 01:28:12,An account was logged off.,Windows,Microsoft,10.14.1.71,user001,,,4634,,,Microsoft-Windows-Security-Auditing,2025-12-10
2025-12-10 01:28:34,An account was successfully logged on.,Windows,Microsoft,10.14.1.72,user001,-,Kerberos,4624,-,Restricted admin mode,Microsoft-Windows-Security-Auditing,2025-12-10
2025-12-10 01:28:34,Group membership information.,Windows,Microsoft,10.14.1.72,user001,-,,4627,,,Microsoft-Windows-Security-Auditing,2025-12-10
2025-12-10 01:29:06,An account was successfully logged on.,Windows,Microsoft,10.14.1.71,user001,-,Kerberos,4624,-,Restricted admin mode,Microsoft-Windows-Security-Auditing,2025-12-10
2025-12-10 01:29:06,Group membership information.,Windows,Microsoft,10.14.1.71,user001,-,,4627,,,Microsoft-Windows-Security-Auditing,2025-12-10
2025-12-10 01:29:51,An account was logged off.,Windows,Microsoft,10.14.1.71,user001,,,4634,,,Microsoft-Windows-Security-Auditing,2025-12-10
2025-12-10 01:29:52,An account was successfully logged on.,Windows,Microsoft,10.14.1.71,user001,-,Kerberos,4624,-,Restricted admin mode,Microsoft-Windows-Security-Auditing,2025-12-10
2025-12-10 01:29:53,Group membership information.,Windows,Microsoft,10.14.1.71,user001,-,,4627,,,Microsoft-Windows-Security-Auditing,2025-12-10
2025-12-10 01:30:41,An account was logged off.,Windows,Microsoft,10.14.1.71,user001,,,4634,,,Microsoft-Windows-Security-Auditing,2025-12-10
2025-12-10 01:30:41,An account was logged off.,Windows,Microsoft,10.14.1.72,user001,,,4634,,,Microsoft-Windows-Security-Auditing,2025-12-10
2025-12-10 01:31:17,Group membership information.,Windows,Microsoft,10.14.1.72,user001,-,,4627,,,Microsoft-Windows-Security-Auditing,2025-12-10
2025-12-10 01:31:17,An account was successfully logged on.,Windows,Microsoft,10.14.1.72,user001,-,Kerberos,4624,-,Restricted admin mode,Microsoft-Windows-Security-Auditing,2025-12-10
2025-12-10 01:32:14,A new process has been created.,Windows,Microsoft,10.50.101.5,user001,tmtp-003672$,C:\\Windows\\System32\\svchost.exe,4688,C:\\Windows\\System32\\RuntimeBroker.exe -Embedding,Command Line,Microsoft-Windows-Security-Auditing,2025-12-10
2025-12-10 01:32:14,A new process has been created.,Windows,Microsoft,10.50.101.5,user001,tmtp-003672$,C:\\Windows\\System32\\svchost.exe,4688,C:\\Windows\\system32\\BackgroundTaskHost.exe -ServerName:BackgroundTaskHost.WebAccountProvider,Command Line,Microsoft-Windows-Security-Auditing,2025-12-10
2025-12-10 01:32:34,An account was successfully logged on.,Windows,Microsoft,10.14.1.71,user001,-,Kerberos,4624,-,Restricted admin mode,Microsoft-Windows-Security-Auditing,2025-12-10
2025-12-10 01:32:34,Group membership information.,Windows,Microsoft,10.14.1.71,user001,-,,4627,,,Microsoft-Windows-Security-Auditing,2025-12-10
2025-12-10 01:32:45,An account was successfully logged on.,Windows,Microsoft,10.14.1.72,user001,-,Kerberos,4624,-,Restricted admin mode,Microsoft-Windows-Security-Auditing,2025-12-10
2025-12-10 01:32:45,Group membership information.,Windows,Microsoft,10.14.1.72,user001,-,,4627,,,Microsoft-Windows-Security-Auditing,2025-12-10
2025-12-10 01:33:22,An account was logged off.,Windows,Microsoft,10.14.1.72,user001,,,4634,,,Microsoft-Windows-Security-Auditing,2025-12-10
2025-12-10 01:33:43,An account was logged off.,Windows,Microsoft,10.14.1.71,user001,,,4634,,,Microsoft-Windows-Security-Auditing,2025-12-10
2025-12-10 01:33:49,A new process has been created.,Windows,Microsoft,10.50.101.5,user001,tmtp-003672$,C:\\Windows\\System32\\svchost.exe,4688,C:\\Windows\\System32\\RuntimeBroker.exe -Embedding,Command Line,Microsoft-Windows-Security-Auditing,2025-12-10
2025-12-10 01:33:49,A new process has been created.,Windows,Microsoft,10.50.101.5,user001,tmtp-003672$,C:\\Windows\\System32\\svchost.exe,4688,C:\\Windows\\system32\\BackgroundTaskHost.exe -ServerName:BackgroundTaskHost.WebAccountProvider,Command Line,Microsoft-Windows-Security-Auditing,2025-12-10
2025-12-10 01:33:49,A new process has been created.,Windows,Microsoft,10.50.101.5,user001,tmtp-003672$,C:\\Windows\\System32\\svchost.exe,4688,C:\\Windows\\system32\\BackgroundTaskHost.exe -ServerName:BackgroundTaskHost.WebAccountProvider,Command Line,Microsoft-Windows-Security-Auditing,2025-12-10
2025-12-10 01:33:52,An account was logged off.,Windows,Microsoft,10.14.1.72,user001,,,4634,,,Microsoft-Windows-Security-Auditing,2025-12-10
2025-12-10 01:33:54,An account was successfully logged on.,Windows,Microsoft,10.14.1.72,user001,-,Kerberos,4624,-,Restricted admin mode,Microsoft-Windows-Security-Auditing,2025-12-10
2025-12-10 01:33:54,Group membership information.,Windows,Microsoft,10.14.1.72,user001,-,,4627,,,Microsoft-Windows-Security-Auditing,2025-12-10
2025-12-10 01:34:24,An account was logged off.,Windows,Microsoft,10.14.1.72,user001,,,4634,,,Microsoft-Windows-Security-Auditing,2025-12-10
2025-12-10 01:34:33,An account was successfully logged on.,Windows,Microsoft,10.14.1.72,user001,-,Kerberos,4624,-,Restricted admin mode,Microsoft-Windows-Security-Auditing,2025-12-10
2025-12-10 01:34:33,Group membership information.,Windows,Microsoft,10.14.1.72,user001,-,,4627,,,Microsoft-Windows-Security-Auditing,2025-12-10
2025-12-10 01:35:52,An account was logged off.,Windows,Microsoft,10.14.1.72,user001,,,4634,,,Microsoft-Windows-Security-Auditing,2025-12-10
2025-12-10 01:35:55,Group membership information.,Windows,Microsoft,10.14.1.72,user001,-,,4627,,,Microsoft-Windows-Security-Auditing,2025-12-10
2025-12-10 01:35:55,An account was successfully logged on.,Windows,Microsoft,10.14.1.72,user001,-,Kerberos,4624,-,Restricted admin mode,Microsoft-Windows-Security-Auditing,2025-12-10
2025-12-10 01:36:26,An account was logged off.,Windows,Microsoft,10.14.1.72,user001,,,4634,,,Microsoft-Windows-Security-Auditing,2025-12-10
2025-12-10 01:39:07,,,,10.14.1.72,,user001,,,,,,2025-12-10
2025-12-10 01:39:07,,,,10.14.1.72,,user001,,,,,,2025-12-10
2025-12-10 01:39:13,,,,10.10.7.21,,uclh%5Ca.avakian%40uclh.ru,,,Outlook-iOS-Android/1.0,User-Agent,,2025-12-10
2025-12-10 01:39:13,,,,10.10.7.21,,uclh%5Ca.avakian%40uclh.ru,,,Outlook-iOS-Android/1.0,User-Agent,,2025-12-10
2025-12-10 01:39:13,,,,10.10.7.21,,uclh%5Ca.avakian%40uclh.ru,,,Outlook-iOS-Android/1.0,User-Agent,,2025-12-10
2025-12-10 01:39:17,An account was successfully logged on.,Windows,Microsoft,10.14.1.72,user001,-,Kerberos,4624,-,Restricted admin mode,Microsoft-Windows-Security-Auditing,2025-12-10
2025-12-10 01:39:17,Group membership information.,Windows,Microsoft,10.14.1.72,user001,-,,4627,,,Microsoft-Windows-Security-Auditing,2025-12-10
2025-12-10 01:40:22,Group membership information.,Windows,Microsoft,10.14.1.71,user001,-,,4627,,,Microsoft-Windows-Security-Auditing,2025-12-10
2025-12-10 01:40:22,An account was successfully logged on.,Windows,Microsoft,10.14.1.71,user001,-,Kerberos,4624,-,Restricted admin mode,Microsoft-Windows-Security-Auditing,2025-12-10
2025-12-10 01:40:38,A new process has been created.,Windows,Microsoft,10.50.101.5,user001,tmtp-003672$,C:\\Windows\\System32\\svchost.exe,4688,C:\\Windows\\system32\\BackgroundTaskHost.exe -ServerName:BackgroundTaskHost.WebAccountProvider,Command Line,Microsoft-Windows-Security-Auditing,2025-12-10
2025-12-10 01:40:38,A new process has been created.,Windows,Microsoft,10.50.101.5,user001,tmtp-003672$,C:\\Windows\\System32\\svchost.exe,4688,C:\\Windows\\System32\\RuntimeBroker.exe -Embedding,Command Line,Microsoft-Windows-Security-Auditing,2025-12-10
2025-12-10 01:40:38,A new process has been created.,Windows,Microsoft,10.50.101.5,user001,tmtp-003672$,C:\\Windows\\System32\\svchost.exe,4688,C:\\Windows\\System32\\RuntimeBroker.exe -Embedding,Command Line,Microsoft-Windows-Security-Auditing,2025-12-10
2025-12-10 01:40:38,A new process has been created.,Windows,Microsoft,10.50.101.5,user001,tmtp-003672$,C:\\Windows\\System32\\svchost.exe,4688,C:\\Windows\\system32\\backgroundTaskHost.exe -ServerName:Global.DesktopSpotlight.AppXz2j21w56bgxkgsjhtn7zkjsepq96erz2.mca,Command Line,Microsoft-Windows-Security-Auditing,2025-12-10
2025-12-10 01:40:41,Group membership information.,Windows,Microsoft,10.14.1.72,user001,-,,4627,,,Microsoft-Windows-Security-Auditing,2025-12-10
2025-12-10 01:40:41,An account was successfully logged on.,Windows,Microsoft,10.14.1.72,user001,-,Kerberos,4624,-,Restricted admin mode,Microsoft-Windows-Security-Auditing,2025-12-10
2025-12-10 01:40:58,An account was successfully logged on.,Windows,Microsoft,10.14.1.71,user001,-,Kerberos,4624,-,Restricted admin mode,Microsoft-Windows-Security-Auditing,2025-12-10
2025-12-10 01:40:58,Group membership information.,Windows,Microsoft,10.14.1.71,user001,-,,4627,,,Microsoft-Windows-Security-Auditing,2025-12-10
2025-12-10 01:41:03,An account was logged off.,Windows,Microsoft,10.14.1.72,user001,,,4634,,,Microsoft-Windows-Security-Auditing,2025-12-10
2025-12-10 01:41:42,An account was logged off.,Windows,Microsoft,10.14.1.72,user001,,,4634,,,Microsoft-Windows-Security-Auditing,2025-12-10
2025-12-10 01:41:43,An account was logged off.,Windows,Microsoft,10.14.1.71,user001,,,4634,,,Microsoft-Windows-Security-Auditing,2025-12-10
2025-12-10 01:42:54,An account was logged off.,Windows,Microsoft,10.14.1.71,user001,,,4634,,,Microsoft-Windows-Security-Auditing,2025-12-10
2025-12-10 01:46:17,Group membership information.,Windows,Microsoft,10.14.1.72,user001,-,,4627,,,Microsoft-Windows-Security-Auditing,2025-12-10
2025-12-10 01:46:17,An account was successfully logged on.,Windows,Microsoft,10.14.1.72,user001,-,Kerberos,4624,-,Restricted admin mode,Microsoft-Windows-Security-Auditing,2025-12-10
2025-12-10 01:46:22,An account was successfully logged on.,Windows,Microsoft,10.14.1.72,user001,-,Kerberos,4624,-,Restricted admin mode,Microsoft-Windows-Security-Auditing,2025-12-10
2025-12-10 01:46:22,Group membership information.,Windows,Microsoft,10.14.1.72,user001,-,,4627,,,Microsoft-Windows-Security-Auditing,2025-12-10
2025-12-10 01:46:26,A new process has been created.,Windows,Microsoft,10.50.101.5,user001,tmtp-003672$,C:\\Windows\\System32\\svchost.exe,4688,C:\\Windows\\System32\\RuntimeBroker.exe -Embedding,Command Line,Microsoft-Windows-Security-Auditing,2025-12-10
2025-12-10 01:46:26,A new process has been created.,Windows,Microsoft,10.50.101.5,user001,tmtp-003672$,C:\\Windows\\System32\\SearchIndexer.exe,4688,"C:\\Windows\\system32\\SearchProtocolHost.exe Global\\UsGthrFltPipeMssGthrPipe_S-1-5-21-2466243303-2766591412-4162608119-10969281_ Global\\UsGthrCtrlFltPipeMssGthrPipe_S-1-5-21-2466243303-2766591412-4162608119-10969281 1 -2147483646 ""Software\\Microsoft\\Windows Search"" ""Mozilla/4.0 (compatible; MSIE 6.0; Windows NT; MS Search 4.0 Robot)"" ""C:\\ProgramData\\Microsoft\\Search\\Data\\Temp\\usgthrsvc"" ""DownLevelDaemon""  ""1""",Command Line,Microsoft-Windows-Security-Auditing,2025-12-10
2025-12-10 01:46:26,A new process has been created.,Windows,Microsoft,10.50.101.5,user001,tmtp-003672$,C:\\Windows\\System32\\svchost.exe,4688,C:\\Windows\\system32\\backgroundTaskHost.exe -ServerName:App.AppXass2jm06pp1n7aktd4dcj305y31qrc54.mca,Command Line,Microsoft-Windows-Security-Auditing,2025-12-10
2025-12-10 01:46:27,An account was successfully logged on.,Windows,Microsoft,10.50.11.50,user001,-,NtLmSsp,4624,-,Restricted admin mode,Microsoft-Windows-Security-Auditing,2025-12-10
2025-12-10 01:46:51,Group membership information.,Windows,Microsoft,10.14.1.72,user001,-,,4627,,,Microsoft-Windows-Security-Auditing,2025-12-10
2025-12-10 01:46:51,An account was successfully logged on.,Windows,Microsoft,10.14.1.72,user001,-,Kerberos,4624,-,Restricted admin mode,Microsoft-Windows-Security-Auditing,2025-12-10
2025-12-10 01:47:26,An account was logged off.,Windows,Microsoft,10.14.1.72,user001,,,4634,,,Microsoft-Windows-Security-Auditing,2025-12-10
2025-12-10 01:47:27,An account was successfully logged on.,Windows,Microsoft,10.14.1.72,user001,-,Kerberos,4624,-,Restricted admin mode,Microsoft-Windows-Security-Auditing,2025-12-10
2025-12-10 01:47:27,Group membership information.,Windows,Microsoft,10.14.1.72,user001,-,,4627,,,Microsoft-Windows-Security-Auditing,2025-12-10
2025-12-10 01:48:21,An account was logged off.,Windows,Microsoft,10.14.1.72,user001,,,4634,,,Microsoft-Windows-Security-Auditing,2025-12-10
2025-12-10 01:48:26,An account was logged off.,Windows,Microsoft,10.14.1.72,user001,,,4634,,,Microsoft-Windows-Security-Auditing,2025-12-10
2025-12-10 01:48:33,An account was logged off.,Windows,Microsoft,10.14.1.72,user001,,,4634,,,Microsoft-Windows-Security-Auditing,2025-12-10
2025-12-10 01:49:13,,,,10.10.7.21,,uclh%5Ca.avakian%40uclh.ru,,,Outlook-iOS-Android/1.0,User-Agent,,2025-12-10
2025-12-10 01:49:13,,,,10.10.7.21,,uclh%5Ca.avakian%40uclh.ru,,,Outlook-iOS-Android/1.0,User-Agent,,2025-12-10
2025-12-10 01:49:13,,,,10.10.7.21,,uclh%5Ca.avakian%40uclh.ru,,,Outlook-iOS-Android/1.0,User-Agent,,2025-12-10
2025-12-10 01:49:13,,,,10.10.7.21,,uclh%5Ca.avakian%40uclh.ru,,,Outlook-iOS-Android/1.0,User-Agent,,2025-12-10
2025-12-10 01:49:13,,,,10.10.7.21,,uclh%5Ca.avakian%40uclh.ru,,,Outlook-iOS-Android/1.0,User-Agent,,2025-12-10
2025-12-10 01:49:24,An account was successfully logged on.,Windows,Microsoft,10.14.1.71,user001,-,Kerberos,4624,-,Restricted admin mode,Microsoft-Windows-Security-Auditing,2025-12-10
2025-12-10 01:49:24,Group membership information.,Windows,Microsoft,10.14.1.71,user001,-,,4627,,,Microsoft-Windows-Security-Auditing,2025-12-10
2025-12-10 01:51:31,An account was logged off.,Windows,Microsoft,10.14.1.71,user001,,,4634,,,Microsoft-Windows-Security-Auditing,2025-12-10
2025-12-10 01:51:35,An account was successfully logged on.,Windows,Microsoft,10.14.1.71,user001,-,Kerberos,4624,-,Restricted admin mode,Microsoft-Windows-Security-Auditing,2025-12-10
2025-12-10 01:51:35,Group membership information.,Windows,Microsoft,10.14.1.71,user001,-,,4627,,,Microsoft-Windows-Security-Auditing,2025-12-10
2025-12-10 01:52:43,An account was logged off.,Windows,Microsoft,10.14.1.71,user001,,,4634,,,Microsoft-Windows-Security-Auditing,2025-12-10
2025-12-10 01:54:01,An account was logged off.,Windows,Microsoft,10.14.1.72,user001,,,4634,,,Microsoft-Windows-Security-Auditing,2025-12-10
2025-12-10 01:54:01,An account was successfully logged on.,Windows,Microsoft,10.14.1.72,user001,-,Kerberos,4624,-,Restricted admin mode,Microsoft-Windows-Security-Auditing,2025-12-10
2025-12-10 01:54:01,An account was successfully logged on.,Windows,Microsoft,10.14.1.72,user001,-,Kerberos,4624,-,Restricted admin mode,Microsoft-Windows-Security-Auditing,2025-12-10
2025-12-10 01:54:01,Group membership information.,Windows,Microsoft,10.14.1.72,user001,-,,4627,,,Microsoft-Windows-Security-Auditing,2025-12-10
2025-12-10 01:54:01,Group membership information.,Windows,Microsoft,10.14.1.72,user001,-,,4627,,,Microsoft-Windows-Security-Auditing,2025-12-10
2025-12-10 01:54:13,,,,10.10.7.21,,uclh%5Ca.avakian%40uclh.ru,,,Outlook-iOS-Android/1.0,User-Agent,,2025-12-10
2025-12-10 01:54:35,Group membership information.,Windows,Microsoft,10.14.1.72,user001,-,,4627,,,Microsoft-Windows-Security-Auditing,2025-12-10
2025-12-10 01:54:35,An account was successfully logged on.,Windows,Microsoft,10.14.1.72,user001,-,Kerberos,4624,-,Restricted admin mode,Microsoft-Windows-Security-Auditing,2025-12-10
2025-12-10 01:54:49,An account was successfully logged on.,Windows,Microsoft,10.14.1.72,user001,-,Kerberos,4624,-,Restricted admin mode,Microsoft-Windows-Security-Auditing,2025-12-10
2025-12-10 01:54:49,Group membership information.,Windows,Microsoft,10.14.1.72,user001,-,,4627,,,Microsoft-Windows-Security-Auditing,2025-12-10
2025-12-10 01:56:04,An account was logged off.,Windows,Microsoft,10.14.1.72,user001,,,4634,,,Microsoft-Windows-Security-Auditing,2025-12-10
2025-12-10 01:56:08,A new process has been created.,Windows,Microsoft,10.50.101.5,user001,tmtp-003672$,C:\\Windows\\System32\\svchost.exe,4688,C:\\Windows\\system32\\backgroundTaskHost.exe -ServerName:Global.DesktopSpotlight.AppXz2j21w56bgxkgsjhtn7zkjsepq96erz2.mca,Command Line,Microsoft-Windows-Security-Auditing,2025-12-10
2025-12-10 01:56:08,A new process has been created.,Windows,Microsoft,10.50.101.5,user001,tmtp-003672$,C:\\Windows\\System32\\svchost.exe,4688,C:\\Windows\\System32\\RuntimeBroker.exe -Embedding,Command Line,Microsoft-Windows-Security-Auditing,2025-12-10
2025-12-10 01:56:08,An account was logged off.,Windows,Microsoft,10.14.1.72,user001,,,4634,,,Microsoft-Windows-Security-Auditing,2025-12-10
2025-12-10 01:56:55,Group membership information.,Windows,Microsoft,10.14.1.71,user001,-,,4627,,,Microsoft-Windows-Security-Auditing,2025-12-10
2025-12-10 01:56:55,An account was successfully logged on.,Windows,Microsoft,10.14.1.71,user001,-,Kerberos,4624,-,Restricted admin mode,Microsoft-Windows-Security-Auditing,2025-12-10
2025-12-10 01:56:58,An account was logged off.,Windows,Microsoft,10.14.1.72,user001,,,4634,,,Microsoft-Windows-Security-Auditing,2025-12-10
2025-12-10 01:57:36,An account was successfully logged on.,Windows,Microsoft,10.14.1.72,user001,-,Kerberos,4624,-,Restricted admin mode,Microsoft-Windows-Security-Auditing,2025-12-10
2025-12-10 01:57:36,Group membership information.,Windows,Microsoft,10.14.1.72,user001,-,,4627,,,Microsoft-Windows-Security-Auditing,2025-12-10
2025-12-10 01:58:03,An account was successfully logged on.,Windows,Microsoft,10.14.1.71,user001,-,Kerberos,4624,-,Restricted admin mode,Microsoft-Windows-Security-Auditing,2025-12-10
2025-12-10 01:58:03,Group membership information.,Windows,Microsoft,10.14.1.71,user001,-,,4627,,,Microsoft-Windows-Security-Auditing,2025-12-10
2025-12-10 01:58:06,A new process has been created.,Windows,Microsoft,10.50.101.5,user001,tmtp-003672$,C:\\Windows\\System32\\svchost.exe,4688,C:\\Windows\\system32\\DllHost.exe /Processid:{AB8902B4-09CA-4BB6-B78D-A8F59079A8D5},Command Line,Microsoft-Windows-Security-Auditing,2025-12-10
2025-12-10 01:59:01,An account was logged off.,Windows,Microsoft,10.14.1.71,user001,,,4634,,,Microsoft-Windows-Security-Auditing,2025-12-10
2025-12-10 01:59:06,,,,10.14.1.72,,user001,,,,,,2025-12-10
2025-12-10 01:59:06,,,,10.14.1.72,,user001,,,,,,2025-12-10
2025-12-10 01:59:06,,,,10.14.1.72,,user001,,,,,,2025-12-10
2025-12-10 01:59:10,A new process has been created.,Windows,Microsoft,10.50.101.5,user001,tmtp-003672$,C:\\Windows\\System32\\svchost.exe,4688,C:\\Windows\\system32\\BackgroundTaskHost.exe -ServerName:BackgroundTaskHost.WebAccountProvider,Command Line,Microsoft-Windows-Security-Auditing,2025-12-10
2025-12-10 01:59:13,,,,10.10.7.21,,uclh%5Ca.avakian%40uclh.ru,,,Outlook-iOS-Android/1.0,User-Agent,,2025-12-10
2025-12-10 01:59:13,,,,10.10.7.21,,uclh%5Ca.avakian%40uclh.ru,,,Outlook-iOS-Android/1.0,User-Agent,,2025-12-10
2025-12-10 01:59:13,,,,10.10.7.21,,uclh%5Ca.avakian%40uclh.ru,,,Outlook-iOS-Android/1.0,User-Agent,,2025-12-10
2025-12-10 01:59:13,,,,10.10.7.21,,uclh%5Ca.avakian%40uclh.ru,,,Outlook-iOS-Android/1.0,User-Agent,,2025-12-10
2025-12-10 01:59:13,,,,10.10.7.21,,uclh%5Ca.avakian%40uclh.ru,,,Outlook-iOS-Android/1.0,User-Agent,,2025-12-10
2025-12-10 01:59:23,An account was logged off.,Windows,Microsoft,10.14.1.71,user001,,,4634,,,Microsoft-Windows-Security-Auditing,2025-12-10
2025-12-10 01:59:44,An account was logged off.,Windows,Microsoft,10.14.1.72,user001,,,4634,,,Microsoft-Windows-Security-Auditing,2025-12-10
2025-12-10 02:00:00,A new process has been created.,Windows,Microsoft,10.50.101.5,user001,tmtp-003672$,C:\\Windows\\System32\\svchost.exe,4688,C:\\Windows\\system32\\BackgroundTaskHost.exe -ServerName:BackgroundTaskHost.WebAccountProvider,Command Line,Microsoft-Windows-Security-Auditing,2025-12-10
2025-12-10 02:00:00,A new process has been created.,Windows,Microsoft,10.50.101.5,user001,tmtp-003672$,C:\\Windows\\System32\\svchost.exe,4688,C:\\Windows\\System32\\RuntimeBroker.exe -Embedding,Command Line,Microsoft-Windows-Security-Auditing,2025-12-10
2025-12-10 02:00:45,Group membership information.,Windows,Microsoft,10.14.1.71,user001,-,,4627,,,Microsoft-Windows-Security-Auditing,2025-12-10
2025-12-10 02:00:45,An account was successfully logged on.,Windows,Microsoft,10.14.1.71,user001,-,Kerberos,4624,-,Restricted admin mode,Microsoft-Windows-Security-Auditing,2025-12-10
2025-12-10 02:01:00,A new process has been created.,Windows,Microsoft,10.50.101.5,user001,tmtp-003672$,C:\\Windows\\System32\\SearchIndexer.exe,4688,"C:\\Windows\\system32\\SearchProtocolHost.exe Global\\UsGthrFltPipeMssGthrPipe_S-1-5-21-2466243303-2766591412-4162608119-10969283_ Global\\UsGthrCtrlFltPipeMssGthrPipe_S-1-5-21-2466243303-2766591412-4162608119-10969283 1 -2147483646 ""Software\\Microsoft\\Windows Search"" ""Mozilla/4.0 (compatible; MSIE 6.0; Windows NT; MS Search 4.0 Robot)"" ""C:\\ProgramData\\Microsoft\\Search\\Data\\Temp\\usgthrsvc"" ""DownLevelDaemon""  ""1""",Command Line,Microsoft-Windows-Security-Auditing,2025-12-10
2025-12-10 02:01:53,An account was logged off.,Windows,Microsoft,10.14.1.71,user001,,,4634,,,Microsoft-Windows-Security-Auditing,2025-12-10
2025-12-10 02:01:57,An account was successfully logged on.,Windows,Microsoft,10.14.1.72,user001,-,Kerberos,4624,-,Restricted admin mode,Microsoft-Windows-Security-Auditing,2025-12-10
2025-12-10 02:01:57,Group membership information.,Windows,Microsoft,10.14.1.72,user001,-,,4627,,,Microsoft-Windows-Security-Auditing,2025-12-10
2025-12-10 02:02:24,An account was successfully logged on.,Windows,Microsoft,10.14.1.72,user001,-,Kerberos,4624,-,Restricted admin mode,Microsoft-Windows-Security-Auditing,2025-12-10
2025-12-10 02:02:24,Group membership information.,Windows,Microsoft,10.14.1.72,user001,-,,4627,,,Microsoft-Windows-Security-Auditing,2025-12-10
2025-12-10 02:02:52,An account was logged off.,Windows,Microsoft,10.14.1.71,user001,,,4634,,,Microsoft-Windows-Security-Auditing,2025-12-10
2025-12-10 02:02:53,Group membership information.,Windows,Microsoft,10.14.1.71,user001,-,,4627,,,Microsoft-Windows-Security-Auditing,2025-12-10
2025-12-10 02:02:53,An account was successfully logged on.,Windows,Microsoft,10.14.1.71,user001,-,Kerberos,4624,-,Restricted admin mode,Microsoft-Windows-Security-Auditing,2025-12-10
2025-12-10 02:03:45,An account was logged off.,Windows,Microsoft,10.14.1.72,user001,,,4634,,,Microsoft-Windows-Security-Auditing,2025-12-10
2025-12-10 02:04:05,A new process has been created.,Windows,Microsoft,10.50.101.5,user001,tmtp-003672$,C:\\Windows\\System32\\svchost.exe,4688,C:\\Windows\\System32\\RuntimeBroker.exe -Embedding,Command Line,Microsoft-Windows-Security-Auditing,2025-12-10
2025-12-10 02:04:05,A new process has been created.,Windows,Microsoft,10.50.101.5,user001,tmtp-003672$,C:\\Windows\\System32\\svchost.exe,4688,C:\\Windows\\system32\\BackgroundTaskHost.exe -ServerName:BackgroundTaskHost.WebAccountProvider,Command Line,Microsoft-Windows-Security-Auditing,2025-12-10
2025-12-10 02:04:22,,,,10.14.1.72,,user001,,,,,,2025-12-10
2025-12-10 02:04:24,An account was logged off.,Windows,Microsoft,10.14.1.72,user001,,,4634,,,Microsoft-Windows-Security-Auditing,2025-12-10
2025-12-10 02:04:52,An account was logged off.,Windows,Microsoft,10.14.1.72,user001,,,4634,,,Microsoft-Windows-Security-Auditing,2025-12-10
2025-12-10 02:04:55,An account was successfully logged on.,Windows,Microsoft,10.14.1.72,user001,-,Kerberos,4624,-,Restricted admin mode,Microsoft-Windows-Security-Auditing,2025-12-10
2025-12-10 02:04:55,Group membership information.,Windows,Microsoft,10.14.1.72,user001,-,,4627,,,Microsoft-Windows-Security-Auditing,2025-12-10
2025-12-10 02:05:51,An account was successfully logged on.,Windows,Microsoft,10.14.1.71,user001,-,Kerberos,4624,-,Restricted admin mode,Microsoft-Windows-Security-Auditing,2025-12-10
2025-12-10 02:05:52,Group membership information.,Windows,Microsoft,10.14.1.71,user001,-,,4627,,,Microsoft-Windows-Security-Auditing,2025-12-10
2025-12-10 02:07:56,An account was logged off.,Windows,Microsoft,10.14.1.71,user001,,,4634,,,Microsoft-Windows-Security-Auditing,2025-12-10
2025-12-10 02:08:02,A new process has been created.,Windows,Microsoft,10.50.101.5,user001,tmtp-003672$,C:\\Windows\\System32\\svchost.exe,4688,C:\\Windows\\system32\\BackgroundTaskHost.exe -ServerName:BackgroundTaskHost.WebAccountProvider,Command Line,Microsoft-Windows-Security-Auditing,2025-12-10
2025-12-10 02:08:02,A new process has been created.,Windows,Microsoft,10.50.101.5,user001,tmtp-003672$,C:\\Windows\\System32\\svchost.exe,4688,C:\\Windows\\System32\\RuntimeBroker.exe -Embedding,Command Line,Microsoft-Windows-Security-Auditing,2025-12-10
2025-12-10 02:08:49,An account was successfully logged on.,Windows,Microsoft,10.14.1.72,user001,-,Kerberos,4624,-,Restricted admin mode,Microsoft-Windows-Security-Auditing,2025-12-10
2025-12-10 02:08:50,Group membership information.,Windows,Microsoft,10.14.1.72,user001,-,,4627,,,Microsoft-Windows-Security-Auditing,2025-12-10
2025-12-10 02:09:00,A new process has been created.,Windows,Microsoft,10.50.101.5,-,user001,C:\\Program Files (x86)\\Microsoft\\Edge\\Application\\msedge.exe,4688,"C:\\Program Files (x86)\\Microsoft\\Edge\\Application\\msedge.exe --type=utility --utility-sub-type=asset_store.mojom.AssetStoreService --lang=ru --service-sandbox-type=asset_store_service --video-capture-use-gpu-memory-buffer --no-pre-read-main-dll --ram-no-pressure-read-main-dll --metrics-shmem-handle=7720,i,1117067734942766074,5993798964986975581,524288 --field-trial-handle=2548,i,9192408377938362189,14187298165883052331,262144 --variations-seed-version --trace-process-track-uuid=3190709055652968320 --mojo-platform-channel-handle=4888 /prefetch:8",Command Line,Microsoft-Windows-Security-Auditing,2025-12-10
2025-12-10 02:09:13,,,,10.10.7.21,,uclh%5Ca.avakian%40uclh.ru,,,Outlook-iOS-Android/1.0,User-Agent,,2025-12-10
2025-12-10 02:10:18,An account was successfully logged on.,Windows,Microsoft,10.14.1.72,user001,-,Kerberos,4624,-,Restricted admin mode,Microsoft-Windows-Security-Auditing,2025-12-10
2025-12-10 02:10:18,Group membership information.,Windows,Microsoft,10.14.1.72,user001,-,,4627,,,Microsoft-Windows-Security-Auditing,2025-12-10
2025-12-10 02:10:22,An account was logged off.,Windows,Microsoft,10.14.1.72,user001,,,4634,,,Microsoft-Windows-Security-Auditing,2025-12-10
2025-12-10 02:11:07,A new process has been created.,Windows,Microsoft,10.50.101.5,user001,tmtp-003672$,C:\\Windows\\System32\\svchost.exe,4688,C:\\Windows\\system32\\backgroundTaskHost.exe -ServerName:Global.DesktopSpotlight.AppXz2j21w56bgxkgsjhtn7zkjsepq96erz2.mca,Command Line,Microsoft-Windows-Security-Auditing,2025-12-10
2025-12-10 02:11:07,A new process has been created.,Windows,Microsoft,10.50.101.5,user001,tmtp-003672$,C:\\Windows\\System32\\svchost.exe,4688,C:\\Windows\\System32\\RuntimeBroker.exe -Embedding,Command Line,Microsoft-Windows-Security-Auditing,2025-12-10
2025-12-10 02:11:52,An account was logged off.,Windows,Microsoft,10.14.1.72,user001,,,4634,,,Microsoft-Windows-Security-Auditing,2025-12-10
2025-12-10 02:11:54,Group membership information.,Windows,Microsoft,10.14.1.72,user001,-,,4627,,,Microsoft-Windows-Security-Auditing,2025-12-10
2025-12-10 02:11:54,An account was successfully logged on.,Windows,Microsoft,10.14.1.72,user001,-,Kerberos,4624,-,Restricted admin mode,Microsoft-Windows-Security-Auditing,2025-12-10
2025-12-10 02:11:59,Group membership information.,Windows,Microsoft,10.14.1.71,user001,-,,4627,,,Microsoft-Windows-Security-Auditing,2025-12-10
2025-12-10 02:11:59,An account was successfully logged on.,Windows,Microsoft,10.14.1.71,user001,-,Kerberos,4624,-,Restricted admin mode,Microsoft-Windows-Security-Auditing,2025-12-10
2025-12-10 02:12:20,An account was logged off.,Windows,Microsoft,10.14.1.72,user001,,,4634,,,Microsoft-Windows-Security-Auditing,2025-12-10
2025-12-10 02:13:15,An account was successfully logged on.,Windows,Microsoft,10.50.11.35,user001,-,Kerberos,4624,-,Restricted admin mode,Microsoft-Windows-Security-Auditing,2025-12-10
2025-12-10 02:13:59,Group membership information.,Windows,Microsoft,10.14.1.71,user001,-,,4627,,,Microsoft-Windows-Security-Auditing,2025-12-10
2025-12-10 02:13:59,An account was successfully logged on.,Windows,Microsoft,10.14.1.71,user001,-,Kerberos,4624,-,Restricted admin mode,Microsoft-Windows-Security-Auditing,2025-12-10
2025-12-10 02:14:02,An account was logged off.,Windows,Microsoft,10.14.1.71,user001,,,4634,,,Microsoft-Windows-Security-Auditing,2025-12-10
