Timestamp,Name,DeviceProduct,DeviceVendor,DestinationAddress,DestinationUserName,SourceUserName,SourceProcessName,DeviceEventClassID,DeviceCustomString4,DeviceCustomString4Label,DeviceEventCategory,Date
2025-12-03 08:14:14,An account was logged off.,Windows,Microsoft,10.14.1.72,user001,,,4634,,,Microsoft-Windows-Security-Auditing,2025-12-03
2025-12-03 08:14:19,,,,10.10.7.21,,uclh%5Ca.avakian%40uclh.ru,,,Outlook-iOS-Android/1.0,User-Agent,,2025-12-03
2025-12-03 08:14:19,,,,10.10.7.21,,uclh%5Ca.avakian%40uclh.ru,,,Outlook-iOS-Android/1.0,User-Agent,,2025-12-03
2025-12-03 08:14:19,,,,10.10.7.21,,uclh%5Ca.avakian%40uclh.ru,,,Outlook-iOS-Android/1.0,User-Agent,,2025-12-03
2025-12-03 08:14:19,,,,10.10.7.21,,uclh%5Ca.avakian%40uclh.ru,,,Outlook-iOS-Android/1.0,User-Agent,,2025-12-03
2025-12-03 08:14:38,An account was logged off.,Windows,Microsoft,10.14.1.71,user001,,,4634,,,Microsoft-Windows-Security-Auditing,2025-12-03
2025-12-03 08:14:58,A new process has been created.,Windows,Microsoft,10.50.101.5,user001,tmtp-003672$,C:\\Windows\\System32\\svchost.exe,4688,C:\\Windows\\system32\\backgroundTaskHost.exe -ServerName:App.AppXxw3e32mpkfkfbh0tznpwwqfw96t0tfx6.mca,Command Line,Microsoft-Windows-Security-Auditing,2025-12-03
2025-12-03 08:14:58,A new process has been created.,Windows,Microsoft,10.50.101.5,user001,tmtp-003672$,C:\\Windows\\System32\\svchost.exe,4688,C:\\Windows\\SysWOW64\\DllHost.exe /Processid:{776DBC8D-7347-478C-8D71-791E12EF49D8},Command Line,Microsoft-Windows-Security-Auditing,2025-12-03
2025-12-03 08:14:58,A new process has been created.,Windows,Microsoft,10.50.101.5,user001,tmtp-003672$,C:\\Windows\\System32\\svchost.exe,4688,C:\\Windows\\SysWOW64\\DllHost.exe /Processid:{776DBC8D-7347-478C-8D71-791E12EF49D8},Command Line,Microsoft-Windows-Security-Auditing,2025-12-03
2025-12-03 08:15:48,A new process has been created.,Windows,Microsoft,10.50.101.5,user001,tmtp-003672$,C:\\Windows\\System32\\svchost.exe,4688,C:\\Windows\\system32\\BackgroundTaskHost.exe -ServerName:BackgroundTaskHost.WebAccountProvider,Command Line,Microsoft-Windows-Security-Auditing,2025-12-03
2025-12-03 08:15:48,A new process has been created.,Windows,Microsoft,10.50.101.5,user001,tmtp-003672$,C:\\Windows\\System32\\svchost.exe,4688,C:\\Windows\\system32\\backgroundTaskHost.exe -ServerName:Global.DesktopSpotlight.AppXz2j21w56bgxkgsjhtn7zkjsepq96erz2.mca,Command Line,Microsoft-Windows-Security-Auditing,2025-12-03
2025-12-03 08:15:48,A new process has been created.,Windows,Microsoft,10.50.101.5,user001,tmtp-003672$,C:\\Windows\\System32\\svchost.exe,4688,C:\\Windows\\System32\\RuntimeBroker.exe -Embedding,Command Line,Microsoft-Windows-Security-Auditing,2025-12-03
2025-12-03 08:15:48,A new process has been created.,Windows,Microsoft,10.50.101.5,user001,tmtp-003672$,C:\\Windows\\System32\\svchost.exe,4688,C:\\Windows\\system32\\BackgroundTaskHost.exe -ServerName:BackgroundTaskHost.WebAccountProvider,Command Line,Microsoft-Windows-Security-Auditing,2025-12-03
2025-12-03 08:15:48,A new process has been created.,Windows,Microsoft,10.50.101.5,user001,tmtp-003672$,C:\\Windows\\System32\\svchost.exe,4688,C:\\Windows\\System32\\RuntimeBroker.exe -Embedding,Command Line,Microsoft-Windows-Security-Auditing,2025-12-03
2025-12-03 08:16:38,An account was successfully logged on.,Windows,Microsoft,10.14.1.72,user001,-,Kerberos,4624,-,Restricted admin mode,Microsoft-Windows-Security-Auditing,2025-12-03
2025-12-03 08:16:38,Group membership information.,Windows,Microsoft,10.14.1.72,user001,-,,4627,,,Microsoft-Windows-Security-Auditing,2025-12-03
2025-12-03 08:16:38,An account was logged off.,Windows,Microsoft,10.14.1.72,user001,,,4634,,,Microsoft-Windows-Security-Auditing,2025-12-03
2025-12-03 08:16:49,An account was successfully logged on.,Windows,Microsoft,10.14.1.71,user001,-,Kerberos,4624,-,Restricted admin mode,Microsoft-Windows-Security-Auditing,2025-12-03
2025-12-03 08:16:49,Group membership information.,Windows,Microsoft,10.14.1.71,user001,-,,4627,,,Microsoft-Windows-Security-Auditing,2025-12-03
2025-12-03 08:17:09,An account was logged off.,Windows,Microsoft,10.14.1.71,user001,,,4634,,,Microsoft-Windows-Security-Auditing,2025-12-03
2025-12-03 08:17:10,An account was successfully logged on.,Windows,Microsoft,10.14.1.71,user001,-,Kerberos,4624,-,Restricted admin mode,Microsoft-Windows-Security-Auditing,2025-12-03
2025-12-03 08:17:10,Group membership information.,Windows,Microsoft,10.14.1.71,user001,-,,4627,,,Microsoft-Windows-Security-Auditing,2025-12-03
2025-12-03 08:17:30,An account was successfully logged on.,Windows,Microsoft,10.14.1.72,user001,-,Kerberos,4624,-,Restricted admin mode,Microsoft-Windows-Security-Auditing,2025-12-03
2025-12-03 08:17:30,Group membership information.,Windows,Microsoft,10.14.1.72,user001,-,,4627,,,Microsoft-Windows-Security-Auditing,2025-12-03
2025-12-03 08:17:53,Group membership information.,Windows,Microsoft,10.14.1.72,user001,-,,4627,,,Microsoft-Windows-Security-Auditing,2025-12-03
2025-12-03 08:17:53,An account was successfully logged on.,Windows,Microsoft,10.14.1.72,user001,-,Kerberos,4624,-,Restricted admin mode,Microsoft-Windows-Security-Auditing,2025-12-03
2025-12-03 08:17:53,An account was logged off.,Windows,Microsoft,10.14.1.72,user001,,,4634,,,Microsoft-Windows-Security-Auditing,2025-12-03
2025-12-03 08:18:02,An account was logged off.,Windows,Microsoft,10.14.1.71,user001,,,4634,,,Microsoft-Windows-Security-Auditing,2025-12-03
2025-12-03 08:19:02,An account was logged off.,Windows,Microsoft,10.14.1.72,user001,,,4634,,,Microsoft-Windows-Security-Auditing,2025-12-03
